<?xml version="1.0" encoding="UTF-8"?>
<testsuite name="Scenario: Webclcok Employee Punchout" time="0.286" tests="583" errors="18" skipped="56" failures="0">
  <properties>
    <property name="java.vendor" value="Oracle Corporation"/>
    <property name="JOB_NAME" value="AcumenR3smoke"/>
    <property name="sun.java.launcher" value="SUN_STANDARD"/>
    <property name="NUMBER_OF_PROCESSORS" value="4"/>
    <property name="sun.management.compiler" value="HotSpot 64-Bit Tiered Compilers"/>
    <property name="JENKINS_HOME" value="C:\Users\schandan\.jenkins"/>
    <property name="HUDSON_SERVER_COOKIE" value="d16f32460015364b"/>
    <property name="POM_ARTIFACTID" value="AcumenR3Smoke1"/>
    <property name="os.name" value="Windows 10"/>
    <property name="sun.boot.class.path" value="C:\Program Files\Java\jdk1.8.0_251\jre\lib\resources.jar;C:\Program Files\Java\jdk1.8.0_251\jre\lib\rt.jar;C:\Program Files\Java\jdk1.8.0_251\jre\lib\sunrsasign.jar;C:\Program Files\Java\jdk1.8.0_251\jre\lib\jsse.jar;C:\Program Files\Java\jdk1.8.0_251\jre\lib\jce.jar;C:\Program Files\Java\jdk1.8.0_251\jre\lib\charsets.jar;C:\Program Files\Java\jdk1.8.0_251\jre\lib\jfr.jar;C:\Program Files\Java\jdk1.8.0_251\jre\classes"/>
    <property name="EXECUTOR_NUMBER" value="0"/>
    <property name="sun.desktop" value="windows"/>
    <property name="PATHEXT" value=".COM;.EXE;.BAT;.CMD;.VBS;.VBE;.JS;.JSE;.WSF;.WSH;.MSC"/>
    <property name="java.vm.specification.vendor" value="Oracle Corporation"/>
    <property name="POM_DISPLAYNAME" value="AcumenR3Smoke1"/>
    <property name="NODE_LABELS" value="master"/>
    <property name="TEMP" value="C:\Users\schandan\AppData\Local\Temp"/>
    <property name="java.runtime.version" value="1.8.0_251-b08"/>
    <property name="user.name" value="schandan"/>
    <property name="guice.disable.misplaced.annotation.check" value="true"/>
    <property name="CommonProgramW6432" value="C:\Program Files\Common Files"/>
    <property name="ProgramFiles" value="C:\Program Files"/>
    <property name="maven.repo.local" value="C:\Users\schandan\.jenkins\workspace\AcumenR3smoke\.repository"/>
    <property name="PROMPT" value="$P$G"/>
    <property name="user.language" value="en"/>
    <property name="JOB_BASE_NAME" value="AcumenR3smoke"/>
    <property name="RUN_CHANGES_DISPLAY_URL" value="http://localhost:8080/job/AcumenR3smoke/12/display/redirect?page=changes"/>
    <property name="BUILD_DISPLAY_NAME" value="#12"/>
    <property name="OneDrive" value="C:\Users\schandan\OneDrive"/>
    <property name="sun.boot.library.path" value="C:\Program Files\Java\jdk1.8.0_251\jre\bin"/>
    <property name="LOCALAPPDATA" value="C:\Users\schandan\AppData\Local"/>
    <property name="java.version" value="1.8.0_251"/>
    <property name="PROCESSOR_LEVEL" value="6"/>
    <property name="user.timezone" value="Asia/Calcutta"/>
    <property name="USERNAME" value="schandan"/>
    <property name="sun.arch.data.model" value="64"/>
    <property name="NODE_NAME" value="master"/>
    <property name="OneDriveConsumer" value="C:\Users\schandan\OneDrive"/>
    <property name="java.endorsed.dirs" value="C:\Program Files\Java\jdk1.8.0_251\jre\lib\endorsed"/>
    <property name="BUILD_ID" value="12"/>
    <property name="CLIENTNAME" value="PIS108"/>
    <property name="sun.cpu.isalist" value="amd64"/>
    <property name="sun.jnu.encoding" value="Cp1252"/>
    <property name="file.encoding.pkg" value="sun.io"/>
    <property name="file.separator" value="\"/>
    <property name="java.specification.name" value="Java Platform API Specification"/>
    <property name="HOMEDRIVE" value="C:"/>
    <property name="maven.conf" value="C:\Users\schandan\Downloads\apache-maven-3.6.3-bin\apache-maven-3.6.3\conf"/>
    <property name="java.class.version" value="52.0"/>
    <property name="=::" value="::\"/>
    <property name="org.slf4j.simpleLogger.defaultLogLevel" value="info"/>
    <property name="user.country" value="IN"/>
    <property name="ALLUSERSPROFILE" value="C:\ProgramData"/>
    <property name="java.home" value="C:\Program Files\Java\jdk1.8.0_251\jre"/>
    <property name="java.vm.info" value="mixed mode"/>
    <property name="os.version" value="10.0"/>
    <property name="=ExitCode" value="00000001"/>
    <property name="RUN_DISPLAY_URL" value="http://localhost:8080/job/AcumenR3smoke/12/display/redirect"/>
    <property name="POM_VERSION" value="0.0.1-SNAPSHOT"/>
    <property name="TMP" value="C:\Users\schandan\AppData\Local\Temp"/>
    <property name="path.separator" value=";"/>
    <property name="java.vm.version" value="25.251-b08"/>
    <property name="user.variant" value=""/>
    <property name="JOB_DISPLAY_URL" value="http://localhost:8080/job/AcumenR3smoke/display/redirect"/>
    <property name="CommonProgramFiles(x86)" value="C:\Program Files (x86)\Common Files"/>
    <property name="USERDOMAIN_ROAMINGPROFILE" value="PISOFTEK"/>
    <property name="java.awt.printerjob" value="sun.awt.windows.WPrinterJob"/>
    <property name="JAVA_HOME" value="C:\Program Files\Java\jdk1.8.0_251"/>
    <property name="sun.io.unicode.encoding" value="UnicodeLittle"/>
    <property name="CommonProgramFiles" value="C:\Program Files\Common Files"/>
    <property name="ComSpec" value="C:\Windows\system32\cmd.exe"/>
    <property name="awt.toolkit" value="sun.awt.windows.WToolkit"/>
    <property name="HOMEPATH" value="\Users\schandan"/>
    <property name="USERDNSDOMAIN" value="PISOFTEK.LOCAL"/>
    <property name="POM_PACKAGING" value="jar"/>
    <property name="user.script" value=""/>
    <property name="COMPUTERNAME" value="PIS076"/>
    <property name="POM_GROUPID" value="AcumenR3Smoke1"/>
    <property name="user.home" value="C:\Users\schandan"/>
    <property name="PUBLIC" value="C:\Users\Public"/>
    <property name="BUILD_TAG" value="jenkins-AcumenR3smoke-12"/>
    <property name="JENKINS_SERVER_COOKIE" value="d16f32460015364b"/>
    <property name="HUDSON_URL" value="http://localhost:8080/"/>
    <property name="ProgramData" value="C:\ProgramData"/>
    <property name="java.specification.vendor" value="Oracle Corporation"/>
    <property name="USERPROFILE" value="C:\Users\schandan"/>
    <property name="CLASSPATH" value=""/>
    <property name="java.vendor.url" value="http://java.oracle.com/"/>
    <property name="java.library.path" value="C:\Program Files\Java\jdk1.8.0_251\bin;C:\Windows\Sun\Java\bin;C:\Windows\system32;C:\Windows;C:\Users\schandan\Downloads\apache-maven-3.6.3-bin\apache-maven-3.6.3/bin;C:\Program Files\Java\jdk1.8.0_251/bin;C:\Users\schandan\.jenkins\tools\chromedriver;C:\Program Files\Java\jdk1.8.0_251/bin;C:\Program Files (x86)\Common Files\Oracle\Java\javapath;&quot;C:\Program Files (x86)\Common Files\Oracle\Java\javapath;C:\Program Files\Java\jdk1.8.0_251\bin;&quot;;C:\Windows\system32;C:\Windows;C:\Windows\System32\Wbem;C:\Windows\System32\WindowsPowerShell\v1.0\;C:\Windows\System32\OpenSSH\;C:\Program Files\Java\jdk1.8.0_251;C:\Users\schandan\Downloads\apache-maven-3.6.3-bin\apache-maven-3.6.3\bin;C:\Users\schandan\AppData\Local\Microsoft\WindowsApps;;."/>
    <property name="java.vm.vendor" value="Oracle Corporation"/>
    <property name="APPDATA" value="C:\Users\schandan\AppData\Roaming"/>
    <property name="java.runtime.name" value="Java(TM) SE Runtime Environment"/>
    <property name="maven.home" value="C:\Users\schandan\Downloads\apache-maven-3.6.3-bin\apache-maven-3.6.3"/>
    <property name="java.class.path" value="C:\Users\schandan\.jenkins\plugins\maven-plugin\WEB-INF\lib\maven35-agent-1.13.jar;C:\Users\schandan\Downloads\apache-maven-3.6.3-bin\apache-maven-3.6.3\boot\plexus-classworlds-2.6.0.jar;C:\Users\schandan\Downloads\apache-maven-3.6.3-bin\apache-maven-3.6.3/conf/logging"/>
    <property name="sun.java.command" value="jenkins.maven3.agent.Maven35Main C:\Users\schandan\Downloads\apache-maven-3.6.3-bin\apache-maven-3.6.3 C:\Users\schandan\.jenkins\war\WEB-INF\lib\remoting-4.3.jar C:\Users\schandan\.jenkins\plugins\maven-plugin\WEB-INF\lib\maven35-interceptor-1.13.jar C:\Users\schandan\.jenkins\plugins\maven-plugin\WEB-INF\lib\maven3-interceptor-commons-1.13.jar 53609"/>
    <property name="Path" value="C:\Program Files\Java\jdk1.8.0_251/bin;C:\Program Files (x86)\Common Files\Oracle\Java\javapath;&quot;C:\Program Files (x86)\Common Files\Oracle\Java\javapath;C:\Program Files\Java\jdk1.8.0_251\bin;&quot;;C:\Windows\system32;C:\Windows;C:\Windows\System32\Wbem;C:\Windows\System32\WindowsPowerShell\v1.0\;C:\Windows\System32\OpenSSH\;C:\Program Files\Java\jdk1.8.0_251;C:\Users\schandan\Downloads\apache-maven-3.6.3-bin\apache-maven-3.6.3\bin;C:\Users\schandan\AppData\Local\Microsoft\WindowsApps;"/>
    <property name="java.vm.specification.name" value="Java Virtual Machine Specification"/>
    <property name="PROCESSOR_ARCHITECTURE" value="AMD64"/>
    <property name="PATH+JDK" value="C:\Program Files\Java\jdk1.8.0_251/bin"/>
    <property name="PROCESSOR_IDENTIFIER" value="Intel64 Family 6 Model 60 Stepping 3, GenuineIntel"/>
    <property name="SESSIONNAME" value="RDP-Tcp#102"/>
    <property name="java.vm.specification.version" value="1.8"/>
    <property name="sun.os.patch.level" value=""/>
    <property name="sun.cpu.endian" value="little"/>
    <property name="M2_HOME" value="C:\Users\schandan\Downloads\apache-maven-3.6.3-bin\apache-maven-3.6.3"/>
    <property name="java.io.tmpdir" value="C:\Users\schandan\AppData\Local\Temp\"/>
    <property name="OS" value="Windows_NT"/>
    <property name="HUDSON_HOME" value="C:\Users\schandan\.jenkins"/>
    <property name="PATH+MAVEN" value="C:\Users\schandan\Downloads\apache-maven-3.6.3-bin\apache-maven-3.6.3/bin"/>
    <property name="ProgramFiles(x86)" value="C:\Program Files (x86)"/>
    <property name="BUILD_URL" value="http://localhost:8080/job/AcumenR3smoke/12/"/>
    <property name="java.vendor.url.bug" value="http://bugreport.sun.com/bugreport/"/>
    <property name="java.awt.graphicsenv" value="sun.awt.Win32GraphicsEnvironment"/>
    <property name="os.arch" value="amd64"/>
    <property name="SystemRoot" value="C:\Windows"/>
    <property name="java.ext.dirs" value="C:\Program Files\Java\jdk1.8.0_251\jre\lib\ext;C:\Windows\Sun\Java\lib\ext"/>
    <property name="user.dir" value="C:\Users\schandan\Desktop\QA\Automation_Scripts_of_Test_Cases\Functional suites\AcumenR3Smokenew"/>
    <property name="JOB_URL" value="http://localhost:8080/job/AcumenR3smoke/"/>
    <property name="LOGONSERVER" value="\\PISAD2012"/>
    <property name="USERDOMAIN" value="PISOFTEK"/>
    <property name="line.separator" value="&#10;"/>
    <property name="MAVEN_HOME" value="C:\Users\schandan\Downloads\apache-maven-3.6.3-bin\apache-maven-3.6.3"/>
    <property name="java.vm.name" value="Java HotSpot(TM) 64-Bit Server VM"/>
    <property name="BUILD_NUMBER" value="12"/>
    <property name="JENKINS_URL" value="http://localhost:8080/"/>
    <property name="PROCESSOR_REVISION" value="3c03"/>
    <property name="PATH+CHROMEDRIVER" value="C:\Users\schandan\.jenkins\tools\chromedriver"/>
    <property name="ProgramW6432" value="C:\Program Files"/>
    <property name="windir" value="C:\Windows"/>
    <property name="=C:" value="C:\Chandan Software\jenkins"/>
    <property name="file.encoding" value="Cp1252"/>
    <property name="SystemDrive" value="C:"/>
    <property name="maven3.interceptor" value="C:\Users\schandan\.jenkins\plugins\maven-plugin\WEB-INF\lib\maven35-interceptor-1.13.jar"/>
    <property name="WORKSPACE_TMP" value="C:\Users\schandan\.jenkins\workspace\AcumenR3smoke@tmp"/>
    <property name="WORKSPACE" value="C:\Users\schandan\.jenkins\workspace\AcumenR3smoke"/>
    <property name="maven3.interceptor.common" value="C:\Users\schandan\.jenkins\plugins\maven-plugin\WEB-INF\lib\maven3-interceptor-commons-1.13.jar"/>
    <property name="java.specification.version" value="1.8"/>
    <property name="PSModulePath" value="C:\Program Files\WindowsPowerShell\Modules;C:\Windows\system32\WindowsPowerShell\v1.0\Modules"/>
    <property name="DriverData" value="C:\Windows\System32\Drivers\DriverData"/>
  </properties>
  <testcase name="Given Launch Browser and Open eClock" classname="Scenario: Valid Credentials should be able to login successfully" time="0.005"/>
  <testcase name="Given Launch Browser and Open eClock" classname="Scenario: Valid Credentials should be able to login successfully" time="0"/>
  <testcase name="When Enter valid credentials and click login" classname="Scenario: Valid Credentials should be able to login successfully" time="0"/>
  <testcase name="Then User should be able to login successfully" classname="Scenario: Valid Credentials should be able to login successfully" time="0"/>
  <testcase name="Then User should be able to login successfully" classname="Scenario: Valid Credentials should be able to login successfully" time="0"/>
  <testcase name="Then Loggedout successfully" classname="Scenario: Valid Credentials should be able to login successfully" time="0"/>
  <testcase name="Then Loggedout successfully" classname="Scenario: Valid Credentials should be able to login successfully" time="0"/>
  <testcase name="Scenario: Valid Credentials should be able to login successfully" classname="Scenario: Valid Credentials should be able to login successfully" time="0.001"/>
  <testcase name="Scenario: Valid Credentials should be able to login successfully" classname="Scenario: Valid Credentials should be able to login successfully" time="0"/>
  <testcase name="Given Launch Browser and Open eClock" classname="Scenario: Validate Punchin option" time="0"/>
  <testcase name="Given Launch Browser and Open eClock" classname="Scenario: Validate Punchin option" time="0"/>
  <testcase name="When Enter valid credentials and click login" classname="Scenario: Validate Punchin option" time="0"/>
  <testcase name="Then User should be able to login successfully" classname="Scenario: Validate Punchin option" time="0"/>
  <testcase name="Then User should be able to login successfully" classname="Scenario: Validate Punchin option" time="0"/>
  <testcase name="Then click on webclock from side menu" classname="Scenario: Validate Punchin option" time="0"/>
  <testcase name="Then click on Punch in Button" classname="Scenario: Validate Punchin option" time="0"/>
  <testcase name="Then click on Punch in Button" classname="Scenario: Validate Punchin option" time="0"/>
  <testcase name="Then Loggedout successfully" classname="Scenario: Validate Punchin option" time="0"/>
  <testcase name="Then Loggedout successfully" classname="Scenario: Validate Punchin option" time="0"/>
  <testcase name="Scenario: Validate Punchin option" classname="Scenario: Validate Punchin option" time="0.001"/>
  <testcase name="Scenario: Validate Punchin option" classname="Scenario: Validate Punchin option" time="0.001"/>
  <testcase name="Given Launch Browser and Open eClock" classname="Scenario: Validate Lunch start" time="0"/>
  <testcase name="Given Launch Browser and Open eClock" classname="Scenario: Validate Lunch start" time="0"/>
  <testcase name="When Enter valid credentials and click login" classname="Scenario: Validate Lunch start" time="0"/>
  <testcase name="Then User should be able to login successfully" classname="Scenario: Validate Lunch start" time="0"/>
  <testcase name="Then User should be able to login successfully" classname="Scenario: Validate Lunch start" time="0"/>
  <testcase name="Then click on webclock from side menu" classname="Scenario: Validate Lunch start" time="0"/>
  <testcase name="Then Clcik on Lunch start" classname="Scenario: Validate Lunch start" time="0"/>
  <testcase name="Then Clcik on Lunch start" classname="Scenario: Validate Lunch start" time="0"/>
  <testcase name="Then Loggedout successfully" classname="Scenario: Validate Lunch start" time="0"/>
  <testcase name="Then Loggedout successfully" classname="Scenario: Validate Lunch start" time="0"/>
  <testcase name="Scenario: Validate Lunch start" classname="Scenario: Validate Lunch start" time="0.001"/>
  <testcase name="Scenario: Validate Lunch start" classname="Scenario: Validate Lunch start" time="0"/>
  <testcase name="Given Launch Browser and Open eClock" classname="Scenario: Validate Lunch stop" time="0"/>
  <testcase name="Given Launch Browser and Open eClock" classname="Scenario: Validate Lunch stop" time="0"/>
  <testcase name="When Enter valid credentials and click login" classname="Scenario: Validate Lunch stop" time="0"/>
  <testcase name="Then User should be able to login successfully" classname="Scenario: Validate Lunch stop" time="0"/>
  <testcase name="Then User should be able to login successfully" classname="Scenario: Validate Lunch stop" time="0"/>
  <testcase name="Then click on webclock from side menu" classname="Scenario: Validate Lunch stop" time="0"/>
  <testcase name="Then Clcik on Lunch stop" classname="Scenario: Validate Lunch stop" time="0"/>
  <testcase name="Then Clcik on Lunch stop" classname="Scenario: Validate Lunch stop" time="0"/>
  <testcase name="Then Loggedout successfully" classname="Scenario: Validate Lunch stop" time="0"/>
  <testcase name="Then Loggedout successfully" classname="Scenario: Validate Lunch stop" time="0"/>
  <testcase name="Scenario: Validate Lunch stop" classname="Scenario: Validate Lunch stop" time="0"/>
  <testcase name="Scenario: Validate Lunch stop" classname="Scenario: Validate Lunch stop" time="0.003"/>
  <testcase name="Given Launch Browser and Open eClock" classname="Scenario: Validate Punch Out" time="0"/>
  <testcase name="Given Launch Browser and Open eClock" classname="Scenario: Validate Punch Out" time="0"/>
  <testcase name="When Enter valid credentials and click login" classname="Scenario: Validate Punch Out" time="0"/>
  <testcase name="Then User should be able to login successfully" classname="Scenario: Validate Punch Out" time="0"/>
  <testcase name="Then User should be able to login successfully" classname="Scenario: Validate Punch Out" time="0"/>
  <testcase name="Then click on webclock from side menu" classname="Scenario: Validate Punch Out" time="0"/>
  <testcase name="Then Click on Punchout Button" classname="Scenario: Validate Punch Out" time="0"/>
  <testcase name="Then Click on Punchout Button" classname="Scenario: Validate Punch Out" time="0"/>
  <testcase name="Then Loggedout successfully" classname="Scenario: Validate Punch Out" time="0"/>
  <testcase name="Then Loggedout successfully" classname="Scenario: Validate Punch Out" time="0"/>
  <testcase name="Scenario: Validate Punch Out" classname="Scenario: Validate Punch Out" time="0"/>
  <testcase name="Scenario: Validate Punch Out" classname="Scenario: Validate Punch Out" time="0"/>
  <testcase name="Given Launch Browser and Open eClock" classname="Scenario: Admin login - schedule  Time card Approvals" time="0"/>
  <testcase name="When Enter valid credentials and click login" classname="Scenario: Admin login - schedule  Time card Approvals" time="0"/>
  <testcase name="Then Admin clcik on Time card" classname="Scenario: Admin login - schedule  Time card Approvals" time="0"/>
  <testcase name="Then Admin Click on Time card Approvals" classname="Scenario: Admin login - schedule  Time card Approvals" time="0"/>
  <testcase name="Then Loggedout successfully" classname="Scenario: Admin login - schedule  Time card Approvals" time="0"/>
  <testcase name="Scenario: Admin login - schedule  Time card Approvals" classname="Scenario: Admin login - schedule  Time card Approvals" time="0"/>
  <testcase name="Given Launch Browser and Open eClock" classname="Scenario: Admin login - schedule  Time card Calendar" time="0"/>
  <testcase name="When Enter valid credentials and click login" classname="Scenario: Admin login - schedule  Time card Calendar" time="0"/>
  <testcase name="Then Admin clcik on Time card" classname="Scenario: Admin login - schedule  Time card Calendar" time="0"/>
  <testcase name="Then Admin Click on Time card Calendar" classname="Scenario: Admin login - schedule  Time card Calendar" time="0"/>
  <testcase name="Then Loggedout successfully" classname="Scenario: Admin login - schedule  Time card Calendar" time="0.001"/>
  <testcase name="Scenario: Admin login - schedule  Time card Calendar" classname="Scenario: Admin login - schedule  Time card Calendar" time="0.001"/>
  <testcase name="Given Launch Browser and Open eClock" classname="Scenario: Admin login - schedule  Time card Exception" time="0"/>
  <testcase name="When Enter valid credentials and click login" classname="Scenario: Admin login - schedule  Time card Exception" time="0"/>
  <testcase name="Then Admin clcik on Time card" classname="Scenario: Admin login - schedule  Time card Exception" time="0"/>
  <testcase name="Then Admin Click on Time card Exception" classname="Scenario: Admin login - schedule  Time card Exception" time="0"/>
  <testcase name="Then Loggedout successfully" classname="Scenario: Admin login - schedule  Time card Exception" time="0"/>
  <testcase name="Scenario: Admin login - schedule  Time card Exception" classname="Scenario: Admin login - schedule  Time card Exception" time="0"/>
  <testcase name="Given Launch Browser and Open eClock" classname="Scenario: Admin login - schedule for employees" time="0"/>
  <testcase name="When Enter valid credentials and click login" classname="Scenario: Admin login - schedule for employees" time="0"/>
  <testcase name="Then click on webclock from side menu" classname="Scenario: Admin login - schedule for employees" time="0"/>
  <testcase name="Then click on Punch in Button" classname="Scenario: Admin login - schedule for employees" time="0"/>
  <testcase name="Then Admin clcik on Schedule" classname="Scenario: Admin login - schedule for employees" time="0"/>
  <testcase name="Then Admin Click on schedule Default" classname="Scenario: Admin login - schedule for employees" time="0"/>
  <testcase name="Then Loggedout successfully" classname="Scenario: Admin login - schedule for employees" time="0"/>
  <testcase name="Scenario: Admin login - schedule for employees" classname="Scenario: Admin login - schedule for employees" time="0"/>
  <testcase name="Given Launch Browser and Open eClock" classname="Scenario: Admin login - Dashboard view" time="0.001"/>
  <testcase name="When Enter valid credentials and click login" classname="Scenario: Admin login - Dashboard view" time="0"/>
  <testcase name="Then click on webclock from side menu" classname="Scenario: Admin login - Dashboard view" time="0"/>
  <testcase name="Then Admin clcik on Schedule" classname="Scenario: Admin login - Dashboard view" time="0.001"/>
  <testcase name="Then Admin Click on Dashboard Default" classname="Scenario: Admin login - Dashboard view" time="0"/>
  <testcase name="Then Loggedout successfully" classname="Scenario: Admin login - Dashboard view" time="0"/>
  <testcase name="Scenario: Admin login - Dashboard view" classname="Scenario: Admin login - Dashboard view" time="0"/>
  <testcase name="Given Launch Browser and Open eClock" classname="Scenario: Admin login - Employee - Employee Access info" time="0"/>
  <testcase name="When Enter valid credentials and click login" classname="Scenario: Admin login - Employee - Employee Access info" time="0"/>
  <testcase name="Then Admin clcik on Employee" classname="Scenario: Admin login - Employee - Employee Access info" time="0"/>
  <testcase name="Then Admin clcik on Employee Access Info" classname="Scenario: Admin login - Employee - Employee Access info" time="0"/>
  <testcase name="Then Admin View or Edit Employee Access info" classname="Scenario: Admin login - Employee - Employee Access info" time="0">
    <skipped/>
  </testcase>
  <testcase name="Then Loggedout successfully" classname="Scenario: Admin login - Employee - Employee Access info" time="0">
    <skipped/>
  </testcase>
  <testcase name="Scenario: Admin login - Employee - Employee Access info" classname="Scenario: Admin login - Employee - Employee Access info" time="0">
    <skipped/>
  </testcase>
  <testcase name="Scenario: Admin login - Employee - Employee Access info" classname="Scenario: Admin login - Employee - Employee Access info" time="0.005"/>
  <testcase name="Given Launch Browser and Open eClock" classname="Scenario: Admin login - Employee - Employee settings" time="0"/>
  <testcase name="When Enter valid credentials and click login" classname="Scenario: Admin login - Employee - Employee settings" time="0"/>
  <testcase name="Then click on webclock from side menu" classname="Scenario: Admin login - Employee - Employee settings" time="0"/>
  <testcase name="Then Admin clcik on Employee" classname="Scenario: Admin login - Employee - Employee settings" time="0"/>
  <testcase name="Then Admin clcik on Employee settings" classname="Scenario: Admin login - Employee - Employee settings" time="0"/>
  <testcase name="Then Loggedout successfully" classname="Scenario: Admin login - Employee - Employee settings" time="0"/>
  <testcase name="Scenario: Admin login - Employee - Employee settings" classname="Scenario: Admin login - Employee - Employee settings" time="0"/>
  <testcase name="Given Launch Browser and Open eClock" classname="Scenario: Admin login - Employee - Employee benefits" time="0"/>
  <testcase name="When Enter valid credentials and click login" classname="Scenario: Admin login - Employee - Employee benefits" time="0"/>
  <testcase name="Then click on webclock from side menu" classname="Scenario: Admin login - Employee - Employee benefits" time="0"/>
  <testcase name="Then Admin clcik on Employee" classname="Scenario: Admin login - Employee - Employee benefits" time="0.001"/>
  <testcase name="Then Admin clcik on Employee benefits" classname="Scenario: Admin login - Employee - Employee benefits" time="0"/>
  <testcase name="Then Loggedout successfully" classname="Scenario: Admin login - Employee - Employee benefits" time="0"/>
  <testcase name="Scenario: Admin login - Employee - Employee benefits" classname="Scenario: Admin login - Employee - Employee benefits" time="0.001"/>
  <testcase name="Given Launch Browser and Open eClock" classname="Scenario: Admin login - Employee - Employee Points" time="0"/>
  <testcase name="When Enter valid credentials and click login" classname="Scenario: Admin login - Employee - Employee Points" time="0"/>
  <testcase name="Then click on webclock from side menu" classname="Scenario: Admin login - Employee - Employee Points" time="0"/>
  <testcase name="Then Admin clcik on Employee" classname="Scenario: Admin login - Employee - Employee Points" time="0"/>
  <testcase name="Then Admin clcik on Employee Points" classname="Scenario: Admin login - Employee - Employee Points" time="0"/>
  <testcase name="Then Loggedout successfully" classname="Scenario: Admin login - Employee - Employee Points" time="0"/>
  <testcase name="Scenario: Admin login - Employee - Employee Points" classname="Scenario: Admin login - Employee - Employee Points" time="0"/>
  <testcase name="Given Launch Browser and Open eClock" classname="Scenario: Admin login - Configure - Group" time="0"/>
  <testcase name="When Enter valid credentials and click login" classname="Scenario: Admin login - Configure - Group" time="0"/>
  <testcase name="Then click on webclock from side menu" classname="Scenario: Admin login - Configure - Group" time="0"/>
  <testcase name="Then clcik on Configure" classname="Scenario: Admin login - Configure - Group" time="0"/>
  <testcase name="Then Click on Group" classname="Scenario: Admin login - Configure - Group" time="0"/>
  <testcase name="When group details loaded on right pane check details" classname="Scenario: Admin login - Configure - Group" time="0"/>
  <testcase name="Then Loggedout successfully" classname="Scenario: Admin login - Configure - Group" time="0"/>
  <testcase name="Scenario: Admin login - Configure - Group" classname="Scenario: Admin login - Configure - Group" time="0.001"/>
  <testcase name="Given Launch Browser and Open eClock" classname="Scenario: Admin login - Configure - GroupSettings" time="0"/>
  <testcase name="When Enter valid credentials and click login" classname="Scenario: Admin login - Configure - GroupSettings" time="0"/>
  <testcase name="Then click on webclock from side menu" classname="Scenario: Admin login - Configure - GroupSettings" time="0"/>
  <testcase name="Then clcik on Configure" classname="Scenario: Admin login - Configure - GroupSettings" time="0"/>
  <testcase name="Then Click on Group settings" classname="Scenario: Admin login - Configure - GroupSettings" time="0"/>
  <testcase name="When group settings loads at right pane check details" classname="Scenario: Admin login - Configure - GroupSettings" time="0"/>
  <testcase name="Then Loggedout successfully" classname="Scenario: Admin login - Configure - GroupSettings" time="0"/>
  <testcase name="Scenario: Admin login - Configure - GroupSettings" classname="Scenario: Admin login - Configure - GroupSettings" time="0.003"/>
  <testcase name="Given Launch Browser and Open eClock" classname="Scenario: Admin login - Configure - Department" time="0"/>
  <testcase name="When Enter valid credentials and click login" classname="Scenario: Admin login - Configure - Department" time="0"/>
  <testcase name="Then click on webclock from side menu" classname="Scenario: Admin login - Configure - Department" time="0"/>
  <testcase name="Then clcik on Configure" classname="Scenario: Admin login - Configure - Department" time="0"/>
  <testcase name="Then Click on Departments" classname="Scenario: Admin login - Configure - Department" time="0"/>
  <testcase name="Then Loggedout successfully" classname="Scenario: Admin login - Configure - Department" time="0"/>
  <testcase name="Scenario: Admin login - Configure - Department" classname="Scenario: Admin login - Configure - Department" time="0.001"/>
  <testcase name="Given Launch Browser and Open eClock" classname="Scenario: Admin login - Configure - Position" time="0"/>
  <testcase name="When Enter valid credentials and click login" classname="Scenario: Admin login - Configure - Position" time="0"/>
  <testcase name="Then click on webclock from side menu" classname="Scenario: Admin login - Configure - Position" time="0"/>
  <testcase name="Then clcik on Configure" classname="Scenario: Admin login - Configure - Position" time="0"/>
  <testcase name="Then Click on Position" classname="Scenario: Admin login - Configure - Position" time="0"/>
  <testcase name="Then Loggedout successfully" classname="Scenario: Admin login - Configure - Position" time="0"/>
  <testcase name="Scenario: Admin login - Configure - Position" classname="Scenario: Admin login - Configure - Position" time="0"/>
  <testcase name="Given Launch Browser and Open eClock" classname="Scenario: Admin login - Configure - Job Type" time="0"/>
  <testcase name="When Enter valid credentials and click login" classname="Scenario: Admin login - Configure - Job Type" time="0"/>
  <testcase name="Then click on webclock from side menu" classname="Scenario: Admin login - Configure - Job Type" time="0"/>
  <testcase name="Then clcik on Configure" classname="Scenario: Admin login - Configure - Job Type" time="0"/>
  <testcase name="Then click on Job Type" classname="Scenario: Admin login - Configure - Job Type" time="0"/>
  <testcase name="Then Loggedout successfully" classname="Scenario: Admin login - Configure - Job Type" time="0"/>
  <testcase name="Scenario: Admin login - Configure - Job Type" classname="Scenario: Admin login - Configure - Job Type" time="0"/>
  <testcase name="Given Launch Browser and Open eClock" classname="Scenario: Admin Login - Configure - Status Codes" time="0"/>
  <testcase name="When Enter valid credentials and click login" classname="Scenario: Admin Login - Configure - Status Codes" time="0"/>
  <testcase name="Then click on webclock from side menu" classname="Scenario: Admin Login - Configure - Status Codes" time="0"/>
  <testcase name="Then clcik on Configure" classname="Scenario: Admin Login - Configure - Status Codes" time="0"/>
  <testcase name="Then Click on Status code" classname="Scenario: Admin Login - Configure - Status Codes" time="0"/>
  <testcase name="Then Loggedout successfully" classname="Scenario: Admin Login - Configure - Status Codes" time="0"/>
  <testcase name="Scenario: Admin Login - Configure - Status Codes" classname="Scenario: Admin Login - Configure - Status Codes" time="0.001"/>
  <testcase name="Given Launch Browser and Open eClock" classname="Scenario: Admin Login - Configure - View benefits" time="0"/>
  <testcase name="When Enter valid credentials and click login" classname="Scenario: Admin Login - Configure - View benefits" time="0"/>
  <testcase name="Then click on webclock from side menu" classname="Scenario: Admin Login - Configure - View benefits" time="0"/>
  <testcase name="Then clcik on Configure" classname="Scenario: Admin Login - Configure - View benefits" time="0.001"/>
  <testcase name="Then Clcik on View benefits" classname="Scenario: Admin Login - Configure - View benefits" time="0"/>
  <testcase name="Then Loggedout successfully" classname="Scenario: Admin Login - Configure - View benefits" time="0"/>
  <testcase name="Scenario: Admin Login - Configure - View benefits" classname="Scenario: Admin Login - Configure - View benefits" time="0.001"/>
  <testcase name="Given Launch Browser and Open eClock" classname="Scenario: Admin Login - Configure - Group Default" time="0"/>
  <testcase name="When Enter valid credentials and click login" classname="Scenario: Admin Login - Configure - Group Default" time="0"/>
  <testcase name="Then click on webclock from side menu" classname="Scenario: Admin Login - Configure - Group Default" time="0"/>
  <testcase name="Then clcik on Configure" classname="Scenario: Admin Login - Configure - Group Default" time="0"/>
  <testcase name="Then Clcik on Group Default" classname="Scenario: Admin Login - Configure - Group Default" time="0"/>
  <testcase name="Then Loggedout successfully" classname="Scenario: Admin Login - Configure - Group Default" time="0"/>
  <testcase name="Scenario: Admin Login - Configure - Group Default" classname="Scenario: Admin Login - Configure - Group Default" time="0"/>
  <testcase name="Given Launch Browser and Open eClock" classname="Scenario: Admin Login - Configure - Task" time="0"/>
  <testcase name="When Enter valid credentials and click login" classname="Scenario: Admin Login - Configure - Task" time="0"/>
  <testcase name="Then click on webclock from side menu" classname="Scenario: Admin Login - Configure - Task" time="0"/>
  <testcase name="Then clcik on Configure" classname="Scenario: Admin Login - Configure - Task" time="0"/>
  <testcase name="Then Clcik on Task" classname="Scenario: Admin Login - Configure - Task" time="0"/>
  <testcase name="Then Loggedout successfully" classname="Scenario: Admin Login - Configure - Task" time="0"/>
  <testcase name="Scenario: Admin Login - Configure - Task" classname="Scenario: Admin Login - Configure - Task" time="0.003"/>
  <testcase name="Given Launch Browser and Open eClock" classname="Scenario: Admin Login - Configure - Prj Sales Items" time="0"/>
  <testcase name="When Enter valid credentials and click login" classname="Scenario: Admin Login - Configure - Prj Sales Items" time="0"/>
  <testcase name="Then click on webclock from side menu" classname="Scenario: Admin Login - Configure - Prj Sales Items" time="0"/>
  <testcase name="Then clcik on Configure" classname="Scenario: Admin Login - Configure - Prj Sales Items" time="0"/>
  <testcase name="Then Clcik on Prj Sales Items" classname="Scenario: Admin Login - Configure - Prj Sales Items" time="0"/>
  <testcase name="Then Loggedout successfully" classname="Scenario: Admin Login - Configure - Prj Sales Items" time="0"/>
  <testcase name="Scenario: Admin Login - Configure - Prj Sales Items" classname="Scenario: Admin Login - Configure - Prj Sales Items" time="0.001"/>
  <testcase name="Given Launch Browser and Open eClock" classname="Scenario: Admin Login - Configure - Project Items" time="0"/>
  <testcase name="When Enter valid credentials and click login" classname="Scenario: Admin Login - Configure - Project Items" time="0"/>
  <testcase name="Then click on webclock from side menu" classname="Scenario: Admin Login - Configure - Project Items" time="0"/>
  <testcase name="Then clcik on Configure" classname="Scenario: Admin Login - Configure - Project Items" time="0"/>
  <testcase name="Then Clcik on Project Items" classname="Scenario: Admin Login - Configure - Project Items" time="0.001"/>
  <testcase name="Then Loggedout successfully" classname="Scenario: Admin Login - Configure - Project Items" time="0"/>
  <testcase name="Scenario: Admin Login - Configure - Project Items" classname="Scenario: Admin Login - Configure - Project Items" time="0"/>
  <testcase name="Given Launch Browser and Open eClock" classname="Scenario: Admin Login - Configure - Certification" time="0"/>
  <testcase name="When Enter valid credentials and click login" classname="Scenario: Admin Login - Configure - Certification" time="0"/>
  <testcase name="Then click on webclock from side menu" classname="Scenario: Admin Login - Configure - Certification" time="0"/>
  <testcase name="Then clcik on Configure" classname="Scenario: Admin Login - Configure - Certification" time="0"/>
  <testcase name="Then Clcik on Certification" classname="Scenario: Admin Login - Configure - Certification" time="0"/>
  <testcase name="Then Loggedout successfully" classname="Scenario: Admin Login - Configure - Certification" time="0"/>
  <testcase name="Scenario: Admin Login - Configure - Certification" classname="Scenario: Admin Login - Configure - Certification" time="0.001"/>
  <testcase name="Given Launch Browser and Open eClock" classname="Scenario: Admin Login - Configure - Breaks" time="0"/>
  <testcase name="When Enter valid credentials and click login" classname="Scenario: Admin Login - Configure - Breaks" time="0"/>
  <testcase name="Then click on webclock from side menu" classname="Scenario: Admin Login - Configure - Breaks" time="0"/>
  <testcase name="Then clcik on Configure" classname="Scenario: Admin Login - Configure - Breaks" time="0"/>
  <testcase name="Then clcik on Breaks" classname="Scenario: Admin Login - Configure - Breaks" time="0"/>
  <testcase name="Then Loggedout successfully" classname="Scenario: Admin Login - Configure - Breaks" time="0"/>
  <testcase name="Scenario: Admin Login - Configure - Breaks" classname="Scenario: Admin Login - Configure - Breaks" time="0.001"/>
  <testcase name="Given Launch Browser and Open eClock" classname="Scenario: Admin Login - Configure - Holiday Template" time="0"/>
  <testcase name="When Enter valid credentials and click login" classname="Scenario: Admin Login - Configure - Holiday Template" time="0"/>
  <testcase name="Then click on webclock from side menu" classname="Scenario: Admin Login - Configure - Holiday Template" time="0"/>
  <testcase name="Then clcik on Configure" classname="Scenario: Admin Login - Configure - Holiday Template" time="0"/>
  <testcase name="Then Clcik on Holiday Template" classname="Scenario: Admin Login - Configure - Holiday Template" time="0"/>
  <testcase name="Then Loggedout successfully" classname="Scenario: Admin Login - Configure - Holiday Template" time="0"/>
  <testcase name="Scenario: Admin Login - Configure - Holiday Template" classname="Scenario: Admin Login - Configure - Holiday Template" time="0.001"/>
  <testcase name="Given Launch Browser and Open eClock" classname="Scenario: Admin Login - Configure - Holiday Set" time="0"/>
  <testcase name="When Enter valid credentials and click login" classname="Scenario: Admin Login - Configure - Holiday Set" time="0"/>
  <testcase name="Then click on webclock from side menu" classname="Scenario: Admin Login - Configure - Holiday Set" time="0"/>
  <testcase name="Then clcik on Configure" classname="Scenario: Admin Login - Configure - Holiday Set" time="0"/>
  <testcase name="Then clcik on Holiday Set" classname="Scenario: Admin Login - Configure - Holiday Set" time="0"/>
  <testcase name="Then Loggedout successfully" classname="Scenario: Admin Login - Configure - Holiday Set" time="0.001"/>
  <testcase name="Scenario: Admin Login - Configure - Holiday Set" classname="Scenario: Admin Login - Configure - Holiday Set" time="0.001"/>
  <testcase name="Given Launch Browser and Open eClock" classname="Scenario: Admin Login - Configure - Holidays" time="0"/>
  <testcase name="When Enter valid credentials and click login" classname="Scenario: Admin Login - Configure - Holidays" time="0"/>
  <testcase name="Then click on webclock from side menu" classname="Scenario: Admin Login - Configure - Holidays" time="0"/>
  <testcase name="Then clcik on Configure" classname="Scenario: Admin Login - Configure - Holidays" time="0"/>
  <testcase name="Then Click on Holidays" classname="Scenario: Admin Login - Configure - Holidays" time="0"/>
  <testcase name="Then Loggedout successfully" classname="Scenario: Admin Login - Configure - Holidays" time="0"/>
  <testcase name="Scenario: Admin Login - Configure - Holidays" classname="Scenario: Admin Login - Configure - Holidays" time="0.002"/>
  <testcase name="Given Launch Browser and Open eClock" classname="Scenario: Admin Login - Configure - Pay Rules" time="0"/>
  <testcase name="When Enter valid credentials and click login" classname="Scenario: Admin Login - Configure - Pay Rules" time="0"/>
  <testcase name="Then click on webclock from side menu" classname="Scenario: Admin Login - Configure - Pay Rules" time="0"/>
  <testcase name="Then clcik on Configure" classname="Scenario: Admin Login - Configure - Pay Rules" time="0"/>
  <testcase name="Then Clcik on Pay Rules" classname="Scenario: Admin Login - Configure - Pay Rules" time="0"/>
  <testcase name="Then Loggedout successfully" classname="Scenario: Admin Login - Configure - Pay Rules" time="0"/>
  <testcase name="Scenario: Admin Login - Configure - Pay Rules" classname="Scenario: Admin Login - Configure - Pay Rules" time="0.001"/>
  <testcase name="Given Launch Browser and Open eClock" classname="Scenario: Admin Login - Configure - Points" time="0"/>
  <testcase name="When Enter valid credentials and click login" classname="Scenario: Admin Login - Configure - Points" time="0"/>
  <testcase name="Then click on webclock from side menu" classname="Scenario: Admin Login - Configure - Points" time="0"/>
  <testcase name="Then clcik on Configure" classname="Scenario: Admin Login - Configure - Points" time="0"/>
  <testcase name="Then Clcik on Points" classname="Scenario: Admin Login - Configure - Points" time="0"/>
  <testcase name="Then Loggedout successfully" classname="Scenario: Admin Login - Configure - Points" time="0"/>
  <testcase name="Scenario: Admin Login - Configure - Points" classname="Scenario: Admin Login - Configure - Points" time="0"/>
  <testcase name="Given Launch Browser and Open eClock" classname="Scenario: Admin Login - Configure - Points Reason" time="0"/>
  <testcase name="When Enter valid credentials and click login" classname="Scenario: Admin Login - Configure - Points Reason" time="0"/>
  <testcase name="Then click on webclock from side menu" classname="Scenario: Admin Login - Configure - Points Reason" time="0"/>
  <testcase name="Then clcik on Configure" classname="Scenario: Admin Login - Configure - Points Reason" time="0"/>
  <testcase name="Then Clcik on Point Reason" classname="Scenario: Admin Login - Configure - Points Reason" time="0"/>
  <testcase name="Then Loggedout successfully" classname="Scenario: Admin Login - Configure - Points Reason" time="0"/>
  <testcase name="Scenario: Admin Login - Configure - Points Reason" classname="Scenario: Admin Login - Configure - Points Reason" time="0.002"/>
  <testcase name="Given Launch Browser and Open eClock" classname="Scenario: Admin Login - Configure - Email Templates" time="0"/>
  <testcase name="When Enter valid credentials and click login" classname="Scenario: Admin Login - Configure - Email Templates" time="0"/>
  <testcase name="Then click on webclock from side menu" classname="Scenario: Admin Login - Configure - Email Templates" time="0"/>
  <testcase name="Then clcik on Configure" classname="Scenario: Admin Login - Configure - Email Templates" time="0"/>
  <testcase name="Then Clcik on Email templates" classname="Scenario: Admin Login - Configure - Email Templates" time="0"/>
  <testcase name="Then Loggedout successfully" classname="Scenario: Admin Login - Configure - Email Templates" time="0"/>
  <testcase name="Scenario: Admin Login - Configure - Email Templates" classname="Scenario: Admin Login - Configure - Email Templates" time="0.001"/>
  <testcase name="Given Launch Browser and Open eClock" classname="Scenario: Admin Login - Configure - Pay Types" time="0"/>
  <testcase name="When Enter valid credentials and click login" classname="Scenario: Admin Login - Configure - Pay Types" time="0"/>
  <testcase name="Then click on webclock from side menu" classname="Scenario: Admin Login - Configure - Pay Types" time="0"/>
  <testcase name="Then clcik on Configure" classname="Scenario: Admin Login - Configure - Pay Types" time="0"/>
  <testcase name="Then Clcik on Pay Types" classname="Scenario: Admin Login - Configure - Pay Types" time="0.001"/>
  <testcase name="Then Loggedout successfully" classname="Scenario: Admin Login - Configure - Pay Types" time="0"/>
  <testcase name="Scenario: Admin Login - Configure - Pay Types" classname="Scenario: Admin Login - Configure - Pay Types" time="0"/>
  <testcase name="Given Launch Browser and Open eClock" classname="Scenario: Admin Login - Configure - Comments" time="0"/>
  <testcase name="When Enter valid credentials and click login" classname="Scenario: Admin Login - Configure - Comments" time="0"/>
  <testcase name="Then click on webclock from side menu" classname="Scenario: Admin Login - Configure - Comments" time="0"/>
  <testcase name="Then clcik on Configure" classname="Scenario: Admin Login - Configure - Comments" time="0"/>
  <testcase name="Then Clcik on Comments" classname="Scenario: Admin Login - Configure - Comments" time="0.001"/>
  <testcase name="Then Loggedout successfully" classname="Scenario: Admin Login - Configure - Comments" time="0"/>
  <testcase name="Scenario: Admin Login - Configure - Comments" classname="Scenario: Admin Login - Configure - Comments" time="0.001"/>
  <testcase name="Given Launch Browser and Open eClock" classname="Scenario: Admin Login - Configure - Pay Categories" time="0"/>
  <testcase name="When Enter valid credentials and click login" classname="Scenario: Admin Login - Configure - Pay Categories" time="0"/>
  <testcase name="Then click on webclock from side menu" classname="Scenario: Admin Login - Configure - Pay Categories" time="0"/>
  <testcase name="Then clcik on Configure" classname="Scenario: Admin Login - Configure - Pay Categories" time="0"/>
  <testcase name="Then Clcik on Pay categories" classname="Scenario: Admin Login - Configure - Pay Categories" time="0"/>
  <testcase name="Then Loggedout successfully" classname="Scenario: Admin Login - Configure - Pay Categories" time="0"/>
  <testcase name="Scenario: Admin Login - Configure - Pay Categories" classname="Scenario: Admin Login - Configure - Pay Categories" time="0"/>
  <testcase name="Given Launch Browser and Open eClock" classname="Scenario: Admin Login - Configure - Shift" time="0"/>
  <testcase name="When Enter valid credentials and click login" classname="Scenario: Admin Login - Configure - Shift" time="0"/>
  <testcase name="Then click on webclock from side menu" classname="Scenario: Admin Login - Configure - Shift" time="0"/>
  <testcase name="Then clcik on Configure" classname="Scenario: Admin Login - Configure - Shift" time="0"/>
  <testcase name="Then Clcik on Shift" classname="Scenario: Admin Login - Configure - Shift" time="0"/>
  <testcase name="Then Loggedout successfully" classname="Scenario: Admin Login - Configure - Shift" time="0"/>
  <testcase name="Scenario: Admin Login - Configure - Shift" classname="Scenario: Admin Login - Configure - Shift" time="0.001"/>
  <testcase name="Given Launch Browser and Open eClock" classname="Scenario: Admin login - View / Edit Project screen" time="0"/>
  <testcase name="When Enter valid credentials and click login" classname="Scenario: Admin login - View / Edit Project screen" time="0"/>
  <testcase name="Then Admin click on Project Button" classname="Scenario: Admin login - View / Edit Project screen" time="0"/>
  <testcase name="Then Admin clcik on Project submenu" classname="Scenario: Admin login - View / Edit Project screen" time="0"/>
  <testcase name="And Admin Check for Project details at main screen" classname="Scenario: Admin login - View / Edit Project screen" time="0"/>
  <testcase name="Then Loggedout successfully" classname="Scenario: Admin login - View / Edit Project screen" time="0"/>
  <testcase name="Scenario: Admin login - View / Edit Project screen" classname="Scenario: Admin login - View / Edit Project screen" time="0.001"/>
  <testcase name="Given Launch Browser and Open eClock" classname="Scenario: Admin login - View / Edit Project Management" time="0"/>
  <testcase name="When Enter valid credentials and click login" classname="Scenario: Admin login - View / Edit Project Management" time="0"/>
  <testcase name="Then Admin click on Project Button" classname="Scenario: Admin login - View / Edit Project Management" time="0"/>
  <testcase name="Then Admin clcik on Project management submenu" classname="Scenario: Admin login - View / Edit Project Management" time="0"/>
  <testcase name="And Admin Check for Project management details at main screen" classname="Scenario: Admin login - View / Edit Project Management" time="0"/>
  <testcase name="Then Loggedout successfully" classname="Scenario: Admin login - View / Edit Project Management" time="0"/>
  <testcase name="Scenario: Admin login - View / Edit Project Management" classname="Scenario: Admin login - View / Edit Project Management" time="0.001"/>
  <testcase name="Given Launch Browser and Open eClock" classname="Scenario: Admin login - View Approve Time off request" time="0"/>
  <testcase name="When Enter valid credentials and click login" classname="Scenario: Admin login - View Approve Time off request" time="0"/>
  <testcase name="Then Admin click on Time card Button" classname="Scenario: Admin login - View Approve Time off request" time="0"/>
  <testcase name="Then Admin clcik on Time off approval at submenu" classname="Scenario: Admin login - View Approve Time off request" time="0"/>
  <testcase name="And Admin Check for View Approve Time off request details at main screen" classname="Scenario: Admin login - View Approve Time off request" time="0"/>
  <testcase name="Then Loggedout successfully" classname="Scenario: Admin login - View Approve Time off request" time="0"/>
  <testcase name="Scenario: Admin login - View Approve Time off request" classname="Scenario: Admin login - View Approve Time off request" time="0.001"/>
  <testcase name="Given Launch Browser and Open eClock" classname="Scenario: Admin login - Add message for Employee" time="0.001"/>
  <testcase name="When Enter valid credentials and click login" classname="Scenario: Admin login - Add message for Employee" time="0"/>
  <testcase name="Then Admin click on Messaging" classname="Scenario: Admin login - Add message for Employee" time="0"/>
  <testcase name="When message screen loaded at rightpane add message details" classname="Scenario: Admin login - Add message for Employee" time="0"/>
  <testcase name="And check message added" classname="Scenario: Admin login - Add message for Employee" time="0"/>
  <testcase name="Then Loggedout successfully" classname="Scenario: Admin login - Add message for Employee" time="0"/>
  <testcase name="Scenario: Admin login - Add message for Employee" classname="Scenario: Admin login - Add message for Employee" time="0"/>
  <testcase name="Given Launch Browser and Open eClock" classname="Scenario: Admin login - View / approve time off Request" time="0"/>
  <testcase name="When Enter valid credentials and click login" classname="Scenario: Admin login - View / approve time off Request" time="0"/>
  <testcase name="Then Admin click on Time card Button" classname="Scenario: Admin login - View / approve time off Request" time="0"/>
  <testcase name="Then Admin clcik on Time off Request at submenu" classname="Scenario: Admin login - View / approve time off Request" time="0"/>
  <testcase name="When request time off loaded check View details" classname="Scenario: Admin login - View / approve time off Request" time="0"/>
  <testcase name="Then Loggedout successfully" classname="Scenario: Admin login - View / approve time off Request" time="0"/>
  <testcase name="Scenario: Admin login - View / approve time off Request" classname="Scenario: Admin login - View / approve time off Request" time="0"/>
  <testcase name="Given Launch Browser and Open eClock" classname="Scenario: Validate Employee Credentials should be able to login successfully" time="0"/>
  <testcase name="When Enter valid Employee credentials and click login" classname="Scenario: Validate Employee Credentials should be able to login successfully" time="0"/>
  <testcase name="Then User should be able to login successfully" classname="Scenario: Validate Employee Credentials should be able to login successfully" time="0"/>
  <testcase name="Then Loggedout successfully" classname="Scenario: Validate Employee Credentials should be able to login successfully" time="0"/>
  <testcase name="Scenario: Validate Employee Credentials should be able to login successfully" classname="Scenario: Validate Employee Credentials should be able to login successfully" time="0.001"/>
  <testcase name="Given Launch Browser and Open eClock" classname="Scenario: Validate Employee Punchin option" time="0"/>
  <testcase name="When Enter valid Employee credentials and click login" classname="Scenario: Validate Employee Punchin option" time="0"/>
  <testcase name="Then User should be able to login successfully" classname="Scenario: Validate Employee Punchin option" time="0"/>
  <testcase name="Then emp click on webclock from side menu" classname="Scenario: Validate Employee Punchin option" time="0"/>
  <testcase name="Then click on Punch in Button" classname="Scenario: Validate Employee Punchin option" time="0"/>
  <testcase name="Then Loggedout successfully" classname="Scenario: Validate Employee Punchin option" time="0"/>
  <testcase name="Scenario: Validate Employee Punchin option" classname="Scenario: Validate Employee Punchin option" time="0.001"/>
  <testcase name="Given Launch Browser and Open eClock" classname="Scenario: Validate Employee  Lunch start" time="0"/>
  <testcase name="When Enter valid Employee credentials and click login" classname="Scenario: Validate Employee  Lunch start" time="0"/>
  <testcase name="Then User should be able to login successfully" classname="Scenario: Validate Employee  Lunch start" time="0"/>
  <testcase name="Then emp click on webclock from side menu" classname="Scenario: Validate Employee  Lunch start" time="0"/>
  <testcase name="Then click on Punch in Button" classname="Scenario: Validate Employee  Lunch start" time="0"/>
  <testcase name="Then Clcik on Lunch start" classname="Scenario: Validate Employee  Lunch start" time="0"/>
  <testcase name="Then Loggedout successfully" classname="Scenario: Validate Employee  Lunch start" time="0"/>
  <testcase name="Scenario: Validate Employee  Lunch start" classname="Scenario: Validate Employee  Lunch start" time="0"/>
  <testcase name="Given Launch Browser and Open eClock" classname="Scenario: Validate  Employee Lunch stop" time="0"/>
  <testcase name="When Enter valid Employee credentials and click login" classname="Scenario: Validate  Employee Lunch stop" time="0"/>
  <testcase name="Then User should be able to login successfully" classname="Scenario: Validate  Employee Lunch stop" time="0"/>
  <testcase name="Then emp click on webclock from side menu" classname="Scenario: Validate  Employee Lunch stop" time="0"/>
  <testcase name="Then click on Punch in Button" classname="Scenario: Validate  Employee Lunch stop" time="0"/>
  <testcase name="Then Clcik on Lunch stop" classname="Scenario: Validate  Employee Lunch stop" time="0"/>
  <testcase name="Then Loggedout successfully" classname="Scenario: Validate  Employee Lunch stop" time="0"/>
  <testcase name="Scenario: Validate  Employee Lunch stop" classname="Scenario: Validate  Employee Lunch stop" time="0"/>
  <testcase name="Given Launch Browser and Open eClock" classname="Scenario: Validate  Employee Punch Out" time="0"/>
  <testcase name="When Enter valid Employee credentials and click login" classname="Scenario: Validate  Employee Punch Out" time="0"/>
  <testcase name="Then User should be able to login successfully" classname="Scenario: Validate  Employee Punch Out" time="0"/>
  <testcase name="Then emp click on webclock from side menu" classname="Scenario: Validate  Employee Punch Out" time="0"/>
  <testcase name="Then Click on Punchout Button" classname="Scenario: Validate  Employee Punch Out" time="0"/>
  <testcase name="Then Loggedout successfully" classname="Scenario: Validate  Employee Punch Out" time="0"/>
  <testcase name="Scenario: Validate  Employee Punch Out" classname="Scenario: Validate  Employee Punch Out" time="0.001"/>
  <testcase name="Given Launch Browser and Open eClock" classname="Scenario: Validate Employee Time card entry" time="0"/>
  <testcase name="When Enter valid Employee credentials and click login" classname="Scenario: Validate Employee Time card entry" time="0"/>
  <testcase name="Then User should be able to login successfully" classname="Scenario: Validate Employee Time card entry" time="0"/>
  <testcase name="Then emp click on webclock from side menu" classname="Scenario: Validate Employee Time card entry" time="0"/>
  <testcase name="Then employee click on employee Employees from side bar menu" classname="Scenario: Validate Employee Time card entry" time="0"/>
  <testcase name="Then click on Add time card link" classname="Scenario: Validate Employee Time card entry" time="0"/>
  <testcase name="Then Loggedout successfully" classname="Scenario: Validate Employee Time card entry" time="0"/>
  <testcase name="Scenario: Validate Employee Time card entry" classname="Scenario: Validate Employee Time card entry" time="0"/>
  <testcase name="Given Launch Browser and Open eClock" classname="Scenario: validate View Employee Employee info" time="0"/>
  <testcase name="When Enter valid Employee credentials and click login" classname="Scenario: validate View Employee Employee info" time="0"/>
  <testcase name="Then User should be able to login successfully" classname="Scenario: validate View Employee Employee info" time="0"/>
  <testcase name="Then employee click on employee Employees from side bar menu" classname="Scenario: validate View Employee Employee info" time="0"/>
  <testcase name="Then check employee informarion at main screen" classname="Scenario: validate View Employee Employee info" time="0"/>
  <testcase name="Then Loggedout successfully" classname="Scenario: validate View Employee Employee info" time="0"/>
  <testcase name="Scenario: validate View Employee Employee info" classname="Scenario: validate View Employee Employee info" time="0.001"/>
  <testcase name="Given Launch Browser and Open eClock" classname="Scenario: validate View Employee Personal Info" time="0"/>
  <testcase name="When Enter valid Employee credentials and click login" classname="Scenario: validate View Employee Personal Info" time="0"/>
  <testcase name="Then User should be able to login successfully" classname="Scenario: validate View Employee Personal Info" time="0"/>
  <testcase name="Then employee click on employee Personal info from side bar menu" classname="Scenario: validate View Employee Personal Info" time="0"/>
  <testcase name="Then check employee Personal informarion at main screen" classname="Scenario: validate View Employee Personal Info" time="0"/>
  <testcase name="Then Loggedout successfully" classname="Scenario: validate View Employee Personal Info" time="0"/>
  <testcase name="Scenario: validate View Employee Personal Info" classname="Scenario: validate View Employee Personal Info" time="0.001"/>
  <testcase name="Given Launch Browser and Open eClock" classname="Scenario: validate View Employee Employee benefits" time="0"/>
  <testcase name="When Enter valid Employee credentials and click login" classname="Scenario: validate View Employee Employee benefits" time="0"/>
  <testcase name="Then User should be able to login successfully" classname="Scenario: validate View Employee Employee benefits" time="0"/>
  <testcase name="Then employee click on employee Employee Benefits from side bar menu" classname="Scenario: validate View Employee Employee benefits" time="0"/>
  <testcase name="Then check employee Employee Benefits at main screen" classname="Scenario: validate View Employee Employee benefits" time="0"/>
  <testcase name="Then Loggedout successfully" classname="Scenario: validate View Employee Employee benefits" time="0"/>
  <testcase name="Scenario: validate View Employee Employee benefits" classname="Scenario: validate View Employee Employee benefits" time="0.001"/>
  <testcase name="Given Launch Browser and Open eClock" classname="Scenario: validate View Employee Time off Request" time="0"/>
  <testcase name="When Enter valid Employee credentials and click login" classname="Scenario: validate View Employee Time off Request" time="0"/>
  <testcase name="Then User should be able to login successfully" classname="Scenario: validate View Employee Time off Request" time="0"/>
  <testcase name="Then employee click on employee Employee Time off Request from side bar menu" classname="Scenario: validate View Employee Time off Request" time="0"/>
  <testcase name="Then check Employee Time off Request at main screen" classname="Scenario: validate View Employee Time off Request" time="0"/>
  <testcase name="Then Loggedout successfully" classname="Scenario: validate View Employee Time off Request" time="0"/>
  <testcase name="Scenario: validate View Employee Time off Request" classname="Scenario: validate View Employee Time off Request" time="0"/>
  <testcase name="Given Launch Browser and Open eClock" classname="Scenario: validate View Employee Calendar" time="0"/>
  <testcase name="When Enter valid Employee credentials and click login" classname="Scenario: validate View Employee Calendar" time="0"/>
  <testcase name="Then User should be able to login successfully" classname="Scenario: validate View Employee Calendar" time="0"/>
  <testcase name="Then employee click on employee Employee Calendar from side bar menu" classname="Scenario: validate View Employee Calendar" time="0"/>
  <testcase name="Then check Calendar details at main screen" classname="Scenario: validate View Employee Calendar" time="0"/>
  <testcase name="Then Loggedout successfully" classname="Scenario: validate View Employee Calendar" time="0"/>
  <testcase name="Scenario: validate View Employee Calendar" classname="Scenario: validate View Employee Calendar" time="0.001"/>
  <testcase name="When Enter valid supervisor credentials and click login" classname="Scenario: Valid Credentials should be able to login successfully" time="0"/>
  <testcase name="When Enter valid supervisor credentials and click login" classname="Scenario: Validate Punchin option" time="0"/>
  <testcase name="Then supervisor click on webclock from side menu" classname="Scenario: Validate Punchin option" time="0"/>
  <testcase name="When Enter valid supervisor credentials and click login" classname="Scenario: Validate Lunch start" time="0"/>
  <testcase name="Then supervisor click on webclock from side menu" classname="Scenario: Validate Lunch start" time="0"/>
  <testcase name="Then click on Punch in Button" classname="Scenario: Validate Lunch start" time="0"/>
  <testcase name="When Enter valid supervisor credentials and click login" classname="Scenario: Validate Lunch stop" time="0"/>
  <testcase name="Then supervisor click on webclock from side menu" classname="Scenario: Validate Lunch stop" time="0"/>
  <testcase name="Then click on Punch in Button" classname="Scenario: Validate Lunch stop" time="0"/>
  <testcase name="When Enter valid supervisor credentials and click login" classname="Scenario: Validate Punch Out" time="0"/>
  <testcase name="Then supervisor click on webclock from side menu" classname="Scenario: Validate Punch Out" time="0"/>
  <testcase name="Given Launch Browser and Open eClock" classname="Scenario: Supervisor View Edit Calendar" time="0"/>
  <testcase name="When Enter valid supervisor credentials and click login" classname="Scenario: Supervisor View Edit Calendar" time="0"/>
  <testcase name="Then User should be able to login successfully" classname="Scenario: Supervisor View Edit Calendar" time="0"/>
  <testcase name="Then supervisor click on  Calendar from side menu" classname="Scenario: Supervisor View Edit Calendar" time="0"/>
  <testcase name="Then Loggedout successfully" classname="Scenario: Supervisor View Edit Calendar" time="0"/>
  <testcase name="Scenario: Supervisor View Edit Calendar" classname="Scenario: Supervisor View Edit Calendar" time="0.001"/>
  <testcase name="Given Launch Browser and Open eClock" classname="Scenario: SupervisorView Timecard Exception" time="0"/>
  <testcase name="Given Launch Browser and Open eClock" classname="Scenario: SupervisorView Timecard Exception" time="0"/>
  <testcase name="When Enter valid supervisor credentials and click login" classname="Scenario: SupervisorView Timecard Exception" time="0"/>
  <testcase name="When Enter valid supervisor credentials and click login" classname="Scenario: SupervisorView Timecard Exception" time="0"/>
  <testcase name="Then User should be able to login successfully" classname="Scenario: SupervisorView Timecard Exception" time="0"/>
  <testcase name="Then User should be able to login successfully" classname="Scenario: SupervisorView Timecard Exception" time="0"/>
  <testcase name="Then supervisor click on  Time card Exception from side menu" classname="Scenario: SupervisorView Timecard Exception" time="0"/>
  <testcase name="Then Loggedout successfully" classname="Scenario: SupervisorView Timecard Exception" time="0"/>
  <testcase name="Then Loggedout successfully" classname="Scenario: SupervisorView Timecard Exception" time="0"/>
  <testcase name="Scenario: SupervisorView Timecard Exception" classname="Scenario: SupervisorView Timecard Exception" time="0"/>
  <testcase name="Scenario: SupervisorView Timecard Exception" classname="Scenario: SupervisorView Timecard Exception" time="0"/>
  <testcase name="Given Launch Browser and Open eClock" classname="Scenario: Supervisor View employee info" time="0"/>
  <testcase name="When Enter valid supervisor credentials and click login" classname="Scenario: Supervisor View employee info" time="0"/>
  <testcase name="Then User should be able to login successfully" classname="Scenario: Supervisor View employee info" time="0"/>
  <testcase name="Then supervisor click on  Employee Employee info from side menu" classname="Scenario: Supervisor View employee info" time="0"/>
  <testcase name="Then Loggedout successfully" classname="Scenario: Supervisor View employee info" time="0"/>
  <testcase name="Scenario: Supervisor View employee info" classname="Scenario: Supervisor View employee info" time="0"/>
  <testcase name="Then supervisor click on  Employee Employee Exception from side menu" classname="Scenario: SupervisorView Timecard Exception" time="0"/>
  <testcase name="Given Launch Browser and Open eClock" classname="Scenario: Supervisor Edit personal info" time="0"/>
  <testcase name="When Enter valid supervisor credentials and click login" classname="Scenario: Supervisor Edit personal info" time="0"/>
  <testcase name="Then User should be able to login successfully" classname="Scenario: Supervisor Edit personal info" time="0"/>
  <testcase name="Then supervisor click on  Employee Personal info from side menu" classname="Scenario: Supervisor Edit personal info" time="0"/>
  <testcase name="Then Loggedout successfully" classname="Scenario: Supervisor Edit personal info" time="0"/>
  <testcase name="Scenario: Supervisor Edit personal info" classname="Scenario: Supervisor Edit personal info" time="0"/>
  <testcase name="Given Launch Browser and Open eClock" classname="Scenario: Supervisor View Employee Benefits" time="0"/>
  <testcase name="When Enter valid supervisor credentials and click login" classname="Scenario: Supervisor View Employee Benefits" time="0"/>
  <testcase name="Then User should be able to login successfully" classname="Scenario: Supervisor View Employee Benefits" time="0"/>
  <testcase name="Then supervisor click on  Employee Employee Benefits from side menu" classname="Scenario: Supervisor View Employee Benefits" time="0"/>
  <testcase name="Then Loggedout successfully" classname="Scenario: Supervisor View Employee Benefits" time="0"/>
  <testcase name="Scenario: Supervisor View Employee Benefits" classname="Scenario: Supervisor View Employee Benefits" time="0.004"/>
  <testcase name="Given Launch Browser and Open eClock" classname="Scenario: Supervisor View Excused calendar" time="0"/>
  <testcase name="When Enter valid supervisor credentials and click login" classname="Scenario: Supervisor View Excused calendar" time="0"/>
  <testcase name="Then User should be able to login successfully" classname="Scenario: Supervisor View Excused calendar" time="0"/>
  <testcase name="Then supervisor click on  Time card Excused calendar from side menu" classname="Scenario: Supervisor View Excused calendar" time="0"/>
  <testcase name="Then Loggedout successfully" classname="Scenario: Supervisor View Excused calendar" time="0"/>
  <testcase name="Scenario: Supervisor View Excused calendar" classname="Scenario: Supervisor View Excused calendar" time="0.001"/>
  <testcase name="Given Launch Browser and Open eClock" classname="Scenario: Supervisor View Employee Points" time="0"/>
  <testcase name="When Enter valid supervisor credentials and click login" classname="Scenario: Supervisor View Employee Points" time="0"/>
  <testcase name="Then User should be able to login successfully" classname="Scenario: Supervisor View Employee Points" time="0"/>
  <testcase name="Then supervisor click on  Employee Employee points from side menu" classname="Scenario: Supervisor View Employee Points" time="0"/>
  <testcase name="Then Loggedout successfully" classname="Scenario: Supervisor View Employee Points" time="0"/>
  <testcase name="Scenario: Supervisor View Employee Points" classname="Scenario: Supervisor View Employee Points" time="0.001"/>
  <testcase name="Given Launch Browser and Open eClock" classname="Scenario: Supervisor View/Edit Project Screen" time="0"/>
  <testcase name="When Enter valid supervisor credentials and click login" classname="Scenario: Supervisor View/Edit Project Screen" time="0"/>
  <testcase name="Then User should be able to login successfully" classname="Scenario: Supervisor View/Edit Project Screen" time="0"/>
  <testcase name="Then supervisor click on  Project Project from side menu" classname="Scenario: Supervisor View/Edit Project Screen" time="0"/>
  <testcase name="Then Loggedout successfully" classname="Scenario: Supervisor View/Edit Project Screen" time="0"/>
  <testcase name="Scenario: Supervisor View/Edit Project Screen" classname="Scenario: Supervisor View/Edit Project Screen" time="0.001"/>
  <testcase name="Given Launch Browser and Open eClock" classname="Scenario: Supervisor View /Edit Project Management" time="0"/>
  <testcase name="When Enter valid supervisor credentials and click login" classname="Scenario: Supervisor View /Edit Project Management" time="0"/>
  <testcase name="Then User should be able to login successfully" classname="Scenario: Supervisor View /Edit Project Management" time="0"/>
  <testcase name="Then supervisor click on  Project Project management from side menu" classname="Scenario: Supervisor View /Edit Project Management" time="0"/>
  <testcase name="Then Loggedout successfully" classname="Scenario: Supervisor View /Edit Project Management" time="0"/>
  <testcase name="Scenario: Supervisor View /Edit Project Management" classname="Scenario: Supervisor View /Edit Project Management" time="0.001"/>
  <testcase name="Given Launch Browser and Open eClock" classname="Scenario: Supervisor View/edit time entry of his team members" time="0"/>
  <testcase name="When Enter valid supervisor credentials and click login" classname="Scenario: Supervisor View/edit time entry of his team members" time="0"/>
  <testcase name="Then User should be able to login successfully" classname="Scenario: Supervisor View/edit time entry of his team members" time="0"/>
  <testcase name="Then supervisor click on  Timecard Timecard from side menu" classname="Scenario: Supervisor View/edit time entry of his team members" time="0"/>
  <testcase name="Then Loggedout successfully" classname="Scenario: Supervisor View/edit time entry of his team members" time="0"/>
  <testcase name="Scenario: Supervisor View/edit time entry of his team members" classname="Scenario: Supervisor View/edit time entry of his team members" time="0"/>
  <testcase name="Given Launch Browser and Open eClock" classname="Scenario: Supervisor View Dashboard details of team members" time="0"/>
  <testcase name="When Enter valid supervisor credentials and click login" classname="Scenario: Supervisor View Dashboard details of team members" time="0"/>
  <testcase name="Then User should be able to login successfully" classname="Scenario: Supervisor View Dashboard details of team members" time="0"/>
  <testcase name="Then supervisor click on Dashboard Dashboard" classname="Scenario: Supervisor View Dashboard details of team members" time="0"/>
  <testcase name="Then supervisor click on Dashboard outof office" classname="Scenario: Supervisor View Dashboard details of team members" time="0"/>
  <testcase name="Scenario: Supervisor View Dashboard details of team members" classname="Scenario: Supervisor View Dashboard details of team members" time="0.002"/>
  <testcase name="Given Launch Browser and Open eClock" classname="Scenario: Supervisor View/approve time off request of his team members" time="0"/>
  <testcase name="When Enter valid supervisor credentials and click login" classname="Scenario: Supervisor View/approve time off request of his team members" time="0.001"/>
  <testcase name="Then User should be able to login successfully" classname="Scenario: Supervisor View/approve time off request of his team members" time="0"/>
  <testcase name="Then supervisor click on  Timecard Approvals from side menu" classname="Scenario: Supervisor View/approve time off request of his team members" time="0"/>
  <testcase name="Then Loggedout successfully" classname="Scenario: Supervisor View/approve time off request of his team members" time="0"/>
  <testcase name="Scenario: Supervisor View/approve time off request of his team members" classname="Scenario: Supervisor View/approve time off request of his team members" time="0.001"/>
  <testcase name="Given Launch Browser and Open eClock" classname="Scenario: Supervisor login - Add message for Employee" time="0"/>
  <testcase name="When Enter valid supervisor credentials and click login" classname="Scenario: Supervisor login - Add message for Employee" time="0"/>
  <testcase name="Then User should be able to login successfully" classname="Scenario: Supervisor login - Add message for Employee" time="0"/>
  <testcase name="Then Supervisor click on Messaging" classname="Scenario: Supervisor login - Add message for Employee" time="0"/>
  <testcase name="When message screen loaded at rightpane add message details" classname="Scenario: Supervisor login - Add message for Employee" time="0"/>
  <testcase name="And check message added" classname="Scenario: Supervisor login - Add message for Employee" time="0"/>
  <testcase name="Then Loggedout successfully" classname="Scenario: Supervisor login - Add message for Employee" time="0"/>
  <testcase name="Scenario: Supervisor login - Add message for Employee" classname="Scenario: Supervisor login - Add message for Employee" time="0"/>
  <testcase name="Given Launch Browser and Open eClock" classname="Scenario: Supervisor login - View / approve time off Request" time="0"/>
  <testcase name="When Enter valid supervisor credentials and click login" classname="Scenario: Supervisor login - View / approve time off Request" time="0"/>
  <testcase name="Then User should be able to login successfully" classname="Scenario: Supervisor login - View / approve time off Request" time="0"/>
  <testcase name="Then Supervisor click on Timecard TimeOff Request" classname="Scenario: Supervisor login - View / approve time off Request" time="0.001"/>
  <testcase name="When request time off loaded check View details" classname="Scenario: Supervisor login - View / approve time off Request" time="0"/>
  <testcase name="Then Loggedout successfully" classname="Scenario: Supervisor login - View / approve time off Request" time="0"/>
  <testcase name="Scenario: Supervisor login - View / approve time off Request" classname="Scenario: Supervisor login - View / approve time off Request" time="0"/>
  <testcase name="Given Launch Browser and Open eClock" classname="Scenario: Validate supervisor Time entry from timecard" time="0"/>
  <testcase name="When Enter valid supervisor credentials and click login" classname="Scenario: Validate supervisor Time entry from timecard" time="0"/>
  <testcase name="Then User should be able to login successfully" classname="Scenario: Validate supervisor Time entry from timecard" time="0"/>
  <testcase name="Then supervisor click on webclock from side menu" classname="Scenario: Validate supervisor Time entry from timecard" time="0"/>
  <testcase name="Then supervisor click on  Timecard Timecard from side menu" classname="Scenario: Validate supervisor Time entry from timecard" time="0"/>
  <testcase name="Then employee click on Add New time at main screen" classname="Scenario: Validate supervisor Time entry from timecard" time="0"/>
  <testcase name="Then Loggedout successfully" classname="Scenario: Validate supervisor Time entry from timecard" time="0.015">
    <error message="unexpected alert open: {Alert text : There was a problem updating 1 or more record(s) due to  time overlaps.}&#10;  (Session info: chrome=84.0.4147.89)&#10;  (Driver info: chromedriver=84.0.4147.30 (48b3e868b4cc0aa7e8149519690b6f6949e110a8-refs/branch-heads/4147@{#310}),platform=Windows NT 10.0.18362 x86_64) (WARNING: The server did not provide any stacktrace information)&#10;Command duration or timeout: 8.30 seconds: null&#10;Build info: version: &apos;2.44.0&apos;, revision: &apos;76d78cf323ce037c5f92db6c1bba601c2ac43ad8&apos;, time: &apos;2014-10-23 13:11:40&apos;&#10;System info: host: &apos;PIS076&apos;, ip: &apos;192.168.20.24&apos;, os.name: &apos;Windows 10&apos;, os.arch: &apos;amd64&apos;, os.version: &apos;10.0&apos;, java.version: &apos;1.8.0_251&apos;&#10;Driver info: org.openqa.selenium.chrome.ChromeDriver&#10;Capabilities [{mobileEmulationEnabled=false, timeouts={implicit=0, pageLoad=300000, script=30000}, hasTouchScreen=false, platform=XP, acceptSslCerts=false, goog:chromeOptions={debuggerAddress=localhost:53632}, acceptInsecureCerts=false, webStorageEnabled=true, browserName=chrome, takesScreenshot=true, javascriptEnabled=true, setWindowRect=true, unexpectedAlertBehaviour=ignore, applicationCacheEnabled=false, rotatable=false, networkConnectionEnabled=false, chrome={chromedriverVersion=84.0.4147.30 (48b3e868b4cc0aa7e8149519690b6f6949e110a8-refs/branch-heads/4147@{#310}), userDataDir=C:\Users\schandan\AppData\Local\Temp\scoped_dir10852_1795962031}, takesHeapSnapshot=true, pageLoadStrategy=normal, strictFileInteractability=false, databaseEnabled=false, handlesAlerts=true, version=84.0.4147.89, browserConnectionEnabled=false, proxy={}, nativeEvents=true, locationContextEnabled=true, cssSelectorsEnabled=true, webauthn:virtualAuthenticators=true}]&#10;Session ID: 92bd800b0db149d26eea4acf383fe7d5" type="org.openqa.selenium.UnhandledAlertException">org.openqa.selenium.UnhandledAlertException: unexpected alert open: {Alert text : There was a problem updating 1 or more record(s) due to  time overlaps.}
  (Session info: chrome=84.0.4147.89)
  (Driver info: chromedriver=84.0.4147.30 (48b3e868b4cc0aa7e8149519690b6f6949e110a8-refs/branch-heads/4147@{#310}),platform=Windows NT 10.0.18362 x86_64) (WARNING: The server did not provide any stacktrace information)
Command duration or timeout: 8.30 seconds: null
Build info: version: '2.44.0', revision: '76d78cf323ce037c5f92db6c1bba601c2ac43ad8', time: '2014-10-23 13:11:40'
System info: host: 'PIS076', ip: '192.168.20.24', os.name: 'Windows 10', os.arch: 'amd64', os.version: '10.0', java.version: '1.8.0_251'
Driver info: org.openqa.selenium.chrome.ChromeDriver
Capabilities [{mobileEmulationEnabled=false, timeouts={implicit=0, pageLoad=300000, script=30000}, hasTouchScreen=false, platform=XP, acceptSslCerts=false, goog:chromeOptions={debuggerAddress=localhost:53632}, acceptInsecureCerts=false, webStorageEnabled=true, browserName=chrome, takesScreenshot=true, javascriptEnabled=true, setWindowRect=true, unexpectedAlertBehaviour=ignore, applicationCacheEnabled=false, rotatable=false, networkConnectionEnabled=false, chrome={chromedriverVersion=84.0.4147.30 (48b3e868b4cc0aa7e8149519690b6f6949e110a8-refs/branch-heads/4147@{#310}), userDataDir=C:\Users\schandan\AppData\Local\Temp\scoped_dir10852_1795962031}, takesHeapSnapshot=true, pageLoadStrategy=normal, strictFileInteractability=false, databaseEnabled=false, handlesAlerts=true, version=84.0.4147.89, browserConnectionEnabled=false, proxy={}, nativeEvents=true, locationContextEnabled=true, cssSelectorsEnabled=true, webauthn:virtualAuthenticators=true}]
Session ID: 92bd800b0db149d26eea4acf383fe7d5
	at sun.reflect.NativeConstructorAccessorImpl.newInstance0(Native Method)
	at sun.reflect.NativeConstructorAccessorImpl.newInstance(NativeConstructorAccessorImpl.java:62)
	at sun.reflect.DelegatingConstructorAccessorImpl.newInstance(DelegatingConstructorAccessorImpl.java:45)
	at java.lang.reflect.Constructor.newInstance(Constructor.java:423)
	at org.openqa.selenium.remote.ErrorHandler.createThrowable(ErrorHandler.java:204)
	at org.openqa.selenium.remote.ErrorHandler.throwIfResponseFailed(ErrorHandler.java:162)
	at org.openqa.selenium.remote.RemoteWebDriver.execute(RemoteWebDriver.java:599)
	at org.openqa.selenium.remote.RemoteWebDriver$RemoteTargetLocator.defaultContent(RemoteWebDriver.java:889)
	at stepDef.stepdef.loggedout_successfully(stepdef.java:218)
	at ✽.Then Loggedout successfully(featurefiles/supervisor.feature:195)
</error>
  </testcase>
  <testcase name="Scenario: Validate supervisor Time entry from timecard" classname="Scenario: Validate supervisor Time entry from timecard" time="0.019">
    <error message="unexpected alert open: {Alert text : There was a problem updating 1 or more record(s) due to  time overlaps.}&#10;  (Session info: chrome=84.0.4147.89)&#10;  (Driver info: chromedriver=84.0.4147.30 (48b3e868b4cc0aa7e8149519690b6f6949e110a8-refs/branch-heads/4147@{#310}),platform=Windows NT 10.0.18362 x86_64) (WARNING: The server did not provide any stacktrace information)&#10;Command duration or timeout: 8.30 seconds: null&#10;Build info: version: &apos;2.44.0&apos;, revision: &apos;76d78cf323ce037c5f92db6c1bba601c2ac43ad8&apos;, time: &apos;2014-10-23 13:11:40&apos;&#10;System info: host: &apos;PIS076&apos;, ip: &apos;192.168.20.24&apos;, os.name: &apos;Windows 10&apos;, os.arch: &apos;amd64&apos;, os.version: &apos;10.0&apos;, java.version: &apos;1.8.0_251&apos;&#10;Driver info: org.openqa.selenium.chrome.ChromeDriver&#10;Capabilities [{mobileEmulationEnabled=false, timeouts={implicit=0, pageLoad=300000, script=30000}, hasTouchScreen=false, platform=XP, acceptSslCerts=false, goog:chromeOptions={debuggerAddress=localhost:53632}, acceptInsecureCerts=false, webStorageEnabled=true, browserName=chrome, takesScreenshot=true, javascriptEnabled=true, setWindowRect=true, unexpectedAlertBehaviour=ignore, applicationCacheEnabled=false, rotatable=false, networkConnectionEnabled=false, chrome={chromedriverVersion=84.0.4147.30 (48b3e868b4cc0aa7e8149519690b6f6949e110a8-refs/branch-heads/4147@{#310}), userDataDir=C:\Users\schandan\AppData\Local\Temp\scoped_dir10852_1795962031}, takesHeapSnapshot=true, pageLoadStrategy=normal, strictFileInteractability=false, databaseEnabled=false, handlesAlerts=true, version=84.0.4147.89, browserConnectionEnabled=false, proxy={}, nativeEvents=true, locationContextEnabled=true, cssSelectorsEnabled=true, webauthn:virtualAuthenticators=true}]&#10;Session ID: 92bd800b0db149d26eea4acf383fe7d5" type="org.openqa.selenium.UnhandledAlertException">org.openqa.selenium.UnhandledAlertException: unexpected alert open: {Alert text : There was a problem updating 1 or more record(s) due to  time overlaps.}
  (Session info: chrome=84.0.4147.89)
  (Driver info: chromedriver=84.0.4147.30 (48b3e868b4cc0aa7e8149519690b6f6949e110a8-refs/branch-heads/4147@{#310}),platform=Windows NT 10.0.18362 x86_64) (WARNING: The server did not provide any stacktrace information)
Command duration or timeout: 8.30 seconds: null
Build info: version: '2.44.0', revision: '76d78cf323ce037c5f92db6c1bba601c2ac43ad8', time: '2014-10-23 13:11:40'
System info: host: 'PIS076', ip: '192.168.20.24', os.name: 'Windows 10', os.arch: 'amd64', os.version: '10.0', java.version: '1.8.0_251'
Driver info: org.openqa.selenium.chrome.ChromeDriver
Capabilities [{mobileEmulationEnabled=false, timeouts={implicit=0, pageLoad=300000, script=30000}, hasTouchScreen=false, platform=XP, acceptSslCerts=false, goog:chromeOptions={debuggerAddress=localhost:53632}, acceptInsecureCerts=false, webStorageEnabled=true, browserName=chrome, takesScreenshot=true, javascriptEnabled=true, setWindowRect=true, unexpectedAlertBehaviour=ignore, applicationCacheEnabled=false, rotatable=false, networkConnectionEnabled=false, chrome={chromedriverVersion=84.0.4147.30 (48b3e868b4cc0aa7e8149519690b6f6949e110a8-refs/branch-heads/4147@{#310}), userDataDir=C:\Users\schandan\AppData\Local\Temp\scoped_dir10852_1795962031}, takesHeapSnapshot=true, pageLoadStrategy=normal, strictFileInteractability=false, databaseEnabled=false, handlesAlerts=true, version=84.0.4147.89, browserConnectionEnabled=false, proxy={}, nativeEvents=true, locationContextEnabled=true, cssSelectorsEnabled=true, webauthn:virtualAuthenticators=true}]
Session ID: 92bd800b0db149d26eea4acf383fe7d5
	at sun.reflect.NativeConstructorAccessorImpl.newInstance0(Native Method)
	at sun.reflect.NativeConstructorAccessorImpl.newInstance(NativeConstructorAccessorImpl.java:62)
	at sun.reflect.DelegatingConstructorAccessorImpl.newInstance(DelegatingConstructorAccessorImpl.java:45)
	at java.lang.reflect.Constructor.newInstance(Constructor.java:423)
	at org.openqa.selenium.remote.ErrorHandler.createThrowable(ErrorHandler.java:204)
	at org.openqa.selenium.remote.ErrorHandler.throwIfResponseFailed(ErrorHandler.java:162)
	at org.openqa.selenium.remote.RemoteWebDriver.execute(RemoteWebDriver.java:599)
	at org.openqa.selenium.remote.RemoteWebDriver$RemoteTargetLocator.defaultContent(RemoteWebDriver.java:889)
	at stepDef.stepdef.loggedout_successfully(stepdef.java:218)
	at ✽.Then Loggedout successfully(featurefiles/supervisor.feature:195)
</error>
  </testcase>
  <testcase name="Scenario: Validate supervisor Time entry from project time" classname="Scenario: Validate supervisor Time entry from project time" time="0.033">
    <error message="unexpected alert open: {Alert text : There was a problem updating 1 or more record(s) due to  time overlaps.}&#10;  (Session info: chrome=84.0.4147.89)&#10;  (Driver info: chromedriver=84.0.4147.30 (48b3e868b4cc0aa7e8149519690b6f6949e110a8-refs/branch-heads/4147@{#310}),platform=Windows NT 10.0.18362 x86_64) (WARNING: The server did not provide any stacktrace information)&#10;Command duration or timeout: 4 milliseconds: null&#10;Build info: version: &apos;2.44.0&apos;, revision: &apos;76d78cf323ce037c5f92db6c1bba601c2ac43ad8&apos;, time: &apos;2014-10-23 13:11:40&apos;&#10;System info: host: &apos;PIS076&apos;, ip: &apos;192.168.20.24&apos;, os.name: &apos;Windows 10&apos;, os.arch: &apos;amd64&apos;, os.version: &apos;10.0&apos;, java.version: &apos;1.8.0_251&apos;&#10;Driver info: org.openqa.selenium.chrome.ChromeDriver&#10;Capabilities [{mobileEmulationEnabled=false, timeouts={implicit=0, pageLoad=300000, script=30000}, hasTouchScreen=false, platform=XP, acceptSslCerts=false, goog:chromeOptions={debuggerAddress=localhost:53632}, acceptInsecureCerts=false, webStorageEnabled=true, browserName=chrome, takesScreenshot=true, javascriptEnabled=true, setWindowRect=true, unexpectedAlertBehaviour=ignore, applicationCacheEnabled=false, rotatable=false, networkConnectionEnabled=false, chrome={chromedriverVersion=84.0.4147.30 (48b3e868b4cc0aa7e8149519690b6f6949e110a8-refs/branch-heads/4147@{#310}), userDataDir=C:\Users\schandan\AppData\Local\Temp\scoped_dir10852_1795962031}, takesHeapSnapshot=true, pageLoadStrategy=normal, strictFileInteractability=false, databaseEnabled=false, handlesAlerts=true, version=84.0.4147.89, browserConnectionEnabled=false, proxy={}, nativeEvents=true, locationContextEnabled=true, cssSelectorsEnabled=true, webauthn:virtualAuthenticators=true}]&#10;Session ID: 92bd800b0db149d26eea4acf383fe7d5" type="org.openqa.selenium.UnhandledAlertException">org.openqa.selenium.UnhandledAlertException: unexpected alert open: {Alert text : There was a problem updating 1 or more record(s) due to  time overlaps.}
  (Session info: chrome=84.0.4147.89)
  (Driver info: chromedriver=84.0.4147.30 (48b3e868b4cc0aa7e8149519690b6f6949e110a8-refs/branch-heads/4147@{#310}),platform=Windows NT 10.0.18362 x86_64) (WARNING: The server did not provide any stacktrace information)
Command duration or timeout: 4 milliseconds: null
Build info: version: '2.44.0', revision: '76d78cf323ce037c5f92db6c1bba601c2ac43ad8', time: '2014-10-23 13:11:40'
System info: host: 'PIS076', ip: '192.168.20.24', os.name: 'Windows 10', os.arch: 'amd64', os.version: '10.0', java.version: '1.8.0_251'
Driver info: org.openqa.selenium.chrome.ChromeDriver
Capabilities [{mobileEmulationEnabled=false, timeouts={implicit=0, pageLoad=300000, script=30000}, hasTouchScreen=false, platform=XP, acceptSslCerts=false, goog:chromeOptions={debuggerAddress=localhost:53632}, acceptInsecureCerts=false, webStorageEnabled=true, browserName=chrome, takesScreenshot=true, javascriptEnabled=true, setWindowRect=true, unexpectedAlertBehaviour=ignore, applicationCacheEnabled=false, rotatable=false, networkConnectionEnabled=false, chrome={chromedriverVersion=84.0.4147.30 (48b3e868b4cc0aa7e8149519690b6f6949e110a8-refs/branch-heads/4147@{#310}), userDataDir=C:\Users\schandan\AppData\Local\Temp\scoped_dir10852_1795962031}, takesHeapSnapshot=true, pageLoadStrategy=normal, strictFileInteractability=false, databaseEnabled=false, handlesAlerts=true, version=84.0.4147.89, browserConnectionEnabled=false, proxy={}, nativeEvents=true, locationContextEnabled=true, cssSelectorsEnabled=true, webauthn:virtualAuthenticators=true}]
Session ID: 92bd800b0db149d26eea4acf383fe7d5
	at sun.reflect.NativeConstructorAccessorImpl.newInstance0(Native Method)
	at sun.reflect.NativeConstructorAccessorImpl.newInstance(NativeConstructorAccessorImpl.java:62)
	at sun.reflect.DelegatingConstructorAccessorImpl.newInstance(DelegatingConstructorAccessorImpl.java:45)
	at java.lang.reflect.Constructor.newInstance(Constructor.java:423)
	at org.openqa.selenium.remote.ErrorHandler.createThrowable(ErrorHandler.java:204)
	at org.openqa.selenium.remote.ErrorHandler.throwIfResponseFailed(ErrorHandler.java:162)
	at org.openqa.selenium.remote.RemoteWebDriver.execute(RemoteWebDriver.java:599)
	at org.openqa.selenium.remote.RemoteWebDriver$RemoteWebDriverOptions$RemoteWindow.maximize(RemoteWebDriver.java:829)
	at stepDef.UtilityDriver.inibrowser(UtilityDriver.java:55)
	at stepDef.Hooks.openBrowser(Hooks.java:27)
	at sun.reflect.GeneratedMethodAccessor18.invoke(Unknown Source)
	at sun.reflect.DelegatingMethodAccessorImpl.invoke(DelegatingMethodAccessorImpl.java:43)
	at java.lang.reflect.Method.invoke(Method.java:498)
	at cucumber.runtime.Utils$1.call(Utils.java:34)
	at cucumber.runtime.Timeout.timeout(Timeout.java:13)
	at cucumber.runtime.Utils.invoke(Utils.java:30)
	at cucumber.runtime.java.JavaHookDefinition.execute(JavaHookDefinition.java:59)
	at cucumber.runtime.Runtime.runHookIfTagsMatch(Runtime.java:222)
	at cucumber.runtime.Runtime.runHooks(Runtime.java:210)
	at cucumber.runtime.Runtime.runBeforeHooks(Runtime.java:200)
	at cucumber.runtime.model.CucumberScenario.run(CucumberScenario.java:44)
	at cucumber.runtime.junit.ExecutionUnitRunner.run(ExecutionUnitRunner.java:91)
	at cucumber.runtime.junit.FeatureRunner.runChild(FeatureRunner.java:63)
	at cucumber.runtime.junit.FeatureRunner.runChild(FeatureRunner.java:18)
	at org.junit.runners.ParentRunner$3.run(ParentRunner.java:238)
	at org.junit.runners.ParentRunner$1.schedule(ParentRunner.java:63)
	at org.junit.runners.ParentRunner.runChildren(ParentRunner.java:236)
	at org.junit.runners.ParentRunner.access$000(ParentRunner.java:53)
	at org.junit.runners.ParentRunner$2.evaluate(ParentRunner.java:229)
	at org.junit.runners.ParentRunner.run(ParentRunner.java:309)
	at cucumber.runtime.junit.FeatureRunner.run(FeatureRunner.java:70)
	at cucumber.api.junit.Cucumber.runChild(Cucumber.java:93)
	at cucumber.api.junit.Cucumber.runChild(Cucumber.java:37)
	at org.junit.runners.ParentRunner$3.run(ParentRunner.java:238)
	at org.junit.runners.ParentRunner$1.schedule(ParentRunner.java:63)
	at org.junit.runners.ParentRunner.runChildren(ParentRunner.java:236)
	at org.junit.runners.ParentRunner.access$000(ParentRunner.java:53)
	at org.junit.runners.ParentRunner$2.evaluate(ParentRunner.java:229)
	at org.junit.runners.ParentRunner.run(ParentRunner.java:309)
	at cucumber.api.junit.Cucumber.run(Cucumber.java:98)
	at org.junit.runners.Suite.runChild(Suite.java:127)
	at org.junit.runners.Suite.runChild(Suite.java:26)
	at org.junit.runners.ParentRunner$3.run(ParentRunner.java:238)
	at org.junit.runners.ParentRunner$1.schedule(ParentRunner.java:63)
	at org.junit.runners.ParentRunner.runChildren(ParentRunner.java:236)
	at org.junit.runners.ParentRunner.access$000(ParentRunner.java:53)
	at org.junit.runners.ParentRunner$2.evaluate(ParentRunner.java:229)
	at org.junit.runners.ParentRunner.run(ParentRunner.java:309)
	at org.junit.runner.JUnitCore.run(JUnitCore.java:160)
	at org.junit.runner.JUnitCore.run(JUnitCore.java:138)
	at org.apache.maven.surefire.junitcore.JUnitCoreWrapper.createRequestAndRun(JUnitCoreWrapper.java:107)
	at org.apache.maven.surefire.junitcore.JUnitCoreWrapper.executeEager(JUnitCoreWrapper.java:77)
	at org.apache.maven.surefire.junitcore.JUnitCoreWrapper.execute(JUnitCoreWrapper.java:53)
	at org.apache.maven.surefire.junitcore.JUnitCoreProvider.invoke(JUnitCoreProvider.java:144)
	at org.apache.maven.surefire.booter.ForkedBooter.invokeProviderInSameClassLoader(ForkedBooter.java:203)
	at org.apache.maven.surefire.booter.ForkedBooter.runSuitesInProcess(ForkedBooter.java:155)
	at org.apache.maven.surefire.booter.ForkedBooter.main(ForkedBooter.java:103)
</error>
    <system-out><![CDATA[driver already initialized
]]></system-out>
    <system-err><![CDATA[unexpected alert open: {Alert text : There was a problem updating 1 or more record(s) due to  time overlaps.}
  (Session info: chrome=84.0.4147.89)
  (Driver info: chromedriver=84.0.4147.30 (48b3e868b4cc0aa7e8149519690b6f6949e110a8-refs/branch-heads/4147@{#310}),platform=Windows NT 10.0.18362 x86_64) (WARNING: The server did not provide any stacktrace information)
Command duration or timeout: 2 milliseconds: null
Build info: version: '2.44.0', revision: '76d78cf323ce037c5f92db6c1bba601c2ac43ad8', time: '2014-10-23 13:11:40'
System info: host: 'PIS076', ip: '192.168.20.24', os.name: 'Windows 10', os.arch: 'amd64', os.version: '10.0', java.version: '1.8.0_251'
Driver info: org.openqa.selenium.chrome.ChromeDriver
Capabilities [{mobileEmulationEnabled=false, timeouts={implicit=0, pageLoad=300000, script=30000}, hasTouchScreen=false, platform=XP, acceptSslCerts=false, goog:chromeOptions={debuggerAddress=localhost:53632}, acceptInsecureCerts=false, webStorageEnabled=true, browserName=chrome, takesScreenshot=true, javascriptEnabled=true, setWindowRect=true, unexpectedAlertBehaviour=ignore, applicationCacheEnabled=false, rotatable=false, networkConnectionEnabled=false, chrome={chromedriverVersion=84.0.4147.30 (48b3e868b4cc0aa7e8149519690b6f6949e110a8-refs/branch-heads/4147@{#310}), userDataDir=C:\Users\schandan\AppData\Local\Temp\scoped_dir10852_1795962031}, takesHeapSnapshot=true, pageLoadStrategy=normal, strictFileInteractability=false, databaseEnabled=false, handlesAlerts=true, version=84.0.4147.89, browserConnectionEnabled=false, proxy={}, nativeEvents=true, locationContextEnabled=true, cssSelectorsEnabled=true, webauthn:virtualAuthenticators=true}]
Session ID: 92bd800b0db149d26eea4acf383fe7d5
]]></system-err>
  </testcase>
  <testcase name="Given Launch Browser and Open eClock" classname="Scenario: Validate supervisor Time entry from project time" time="0">
    <skipped/>
  </testcase>
  <testcase name="When Enter valid supervisor credentials and click login" classname="Scenario: Validate supervisor Time entry from project time" time="0">
    <skipped/>
  </testcase>
  <testcase name="Then User should be able to login successfully" classname="Scenario: Validate supervisor Time entry from project time" time="0">
    <skipped/>
  </testcase>
  <testcase name="Then supervisor click on webclock from side menu" classname="Scenario: Validate supervisor Time entry from project time" time="0">
    <skipped/>
  </testcase>
  <testcase name="Then Loggedout successfully" classname="Scenario: Validate supervisor Time entry from project time" time="0">
    <skipped/>
  </testcase>
  <testcase name="Scenario: Supervisor View schedule for employees/Team members" classname="Scenario: Supervisor View schedule for employees/Team members" time="0.009">
    <error message="unexpected alert open: {Alert text : There was a problem updating 1 or more record(s) due to  time overlaps.}&#10;  (Session info: chrome=84.0.4147.89)&#10;  (Driver info: chromedriver=84.0.4147.30 (48b3e868b4cc0aa7e8149519690b6f6949e110a8-refs/branch-heads/4147@{#310}),platform=Windows NT 10.0.18362 x86_64) (WARNING: The server did not provide any stacktrace information)&#10;Command duration or timeout: 2 milliseconds: null&#10;Build info: version: &apos;2.44.0&apos;, revision: &apos;76d78cf323ce037c5f92db6c1bba601c2ac43ad8&apos;, time: &apos;2014-10-23 13:11:40&apos;&#10;System info: host: &apos;PIS076&apos;, ip: &apos;192.168.20.24&apos;, os.name: &apos;Windows 10&apos;, os.arch: &apos;amd64&apos;, os.version: &apos;10.0&apos;, java.version: &apos;1.8.0_251&apos;&#10;Driver info: org.openqa.selenium.chrome.ChromeDriver&#10;Capabilities [{mobileEmulationEnabled=false, timeouts={implicit=0, pageLoad=300000, script=30000}, hasTouchScreen=false, platform=XP, acceptSslCerts=false, goog:chromeOptions={debuggerAddress=localhost:53632}, acceptInsecureCerts=false, webStorageEnabled=true, browserName=chrome, takesScreenshot=true, javascriptEnabled=true, setWindowRect=true, unexpectedAlertBehaviour=ignore, applicationCacheEnabled=false, rotatable=false, networkConnectionEnabled=false, chrome={chromedriverVersion=84.0.4147.30 (48b3e868b4cc0aa7e8149519690b6f6949e110a8-refs/branch-heads/4147@{#310}), userDataDir=C:\Users\schandan\AppData\Local\Temp\scoped_dir10852_1795962031}, takesHeapSnapshot=true, pageLoadStrategy=normal, strictFileInteractability=false, databaseEnabled=false, handlesAlerts=true, version=84.0.4147.89, browserConnectionEnabled=false, proxy={}, nativeEvents=true, locationContextEnabled=true, cssSelectorsEnabled=true, webauthn:virtualAuthenticators=true}]&#10;Session ID: 92bd800b0db149d26eea4acf383fe7d5" type="org.openqa.selenium.UnhandledAlertException">org.openqa.selenium.UnhandledAlertException: unexpected alert open: {Alert text : There was a problem updating 1 or more record(s) due to  time overlaps.}
  (Session info: chrome=84.0.4147.89)
  (Driver info: chromedriver=84.0.4147.30 (48b3e868b4cc0aa7e8149519690b6f6949e110a8-refs/branch-heads/4147@{#310}),platform=Windows NT 10.0.18362 x86_64) (WARNING: The server did not provide any stacktrace information)
Command duration or timeout: 2 milliseconds: null
Build info: version: '2.44.0', revision: '76d78cf323ce037c5f92db6c1bba601c2ac43ad8', time: '2014-10-23 13:11:40'
System info: host: 'PIS076', ip: '192.168.20.24', os.name: 'Windows 10', os.arch: 'amd64', os.version: '10.0', java.version: '1.8.0_251'
Driver info: org.openqa.selenium.chrome.ChromeDriver
Capabilities [{mobileEmulationEnabled=false, timeouts={implicit=0, pageLoad=300000, script=30000}, hasTouchScreen=false, platform=XP, acceptSslCerts=false, goog:chromeOptions={debuggerAddress=localhost:53632}, acceptInsecureCerts=false, webStorageEnabled=true, browserName=chrome, takesScreenshot=true, javascriptEnabled=true, setWindowRect=true, unexpectedAlertBehaviour=ignore, applicationCacheEnabled=false, rotatable=false, networkConnectionEnabled=false, chrome={chromedriverVersion=84.0.4147.30 (48b3e868b4cc0aa7e8149519690b6f6949e110a8-refs/branch-heads/4147@{#310}), userDataDir=C:\Users\schandan\AppData\Local\Temp\scoped_dir10852_1795962031}, takesHeapSnapshot=true, pageLoadStrategy=normal, strictFileInteractability=false, databaseEnabled=false, handlesAlerts=true, version=84.0.4147.89, browserConnectionEnabled=false, proxy={}, nativeEvents=true, locationContextEnabled=true, cssSelectorsEnabled=true, webauthn:virtualAuthenticators=true}]
Session ID: 92bd800b0db149d26eea4acf383fe7d5
	at sun.reflect.NativeConstructorAccessorImpl.newInstance0(Native Method)
	at sun.reflect.NativeConstructorAccessorImpl.newInstance(NativeConstructorAccessorImpl.java:62)
	at sun.reflect.DelegatingConstructorAccessorImpl.newInstance(DelegatingConstructorAccessorImpl.java:45)
	at java.lang.reflect.Constructor.newInstance(Constructor.java:423)
	at org.openqa.selenium.remote.ErrorHandler.createThrowable(ErrorHandler.java:204)
	at org.openqa.selenium.remote.ErrorHandler.throwIfResponseFailed(ErrorHandler.java:162)
	at org.openqa.selenium.remote.RemoteWebDriver.execute(RemoteWebDriver.java:599)
	at org.openqa.selenium.remote.RemoteWebDriver$RemoteWebDriverOptions$RemoteWindow.maximize(RemoteWebDriver.java:829)
	at stepDef.UtilityDriver.inibrowser(UtilityDriver.java:55)
	at stepDef.Hooks.openBrowser(Hooks.java:27)
	at sun.reflect.GeneratedMethodAccessor18.invoke(Unknown Source)
	at sun.reflect.DelegatingMethodAccessorImpl.invoke(DelegatingMethodAccessorImpl.java:43)
	at java.lang.reflect.Method.invoke(Method.java:498)
	at cucumber.runtime.Utils$1.call(Utils.java:34)
	at cucumber.runtime.Timeout.timeout(Timeout.java:13)
	at cucumber.runtime.Utils.invoke(Utils.java:30)
	at cucumber.runtime.java.JavaHookDefinition.execute(JavaHookDefinition.java:59)
	at cucumber.runtime.Runtime.runHookIfTagsMatch(Runtime.java:222)
	at cucumber.runtime.Runtime.runHooks(Runtime.java:210)
	at cucumber.runtime.Runtime.runBeforeHooks(Runtime.java:200)
	at cucumber.runtime.model.CucumberScenario.run(CucumberScenario.java:44)
	at cucumber.runtime.junit.ExecutionUnitRunner.run(ExecutionUnitRunner.java:91)
	at cucumber.runtime.junit.FeatureRunner.runChild(FeatureRunner.java:63)
	at cucumber.runtime.junit.FeatureRunner.runChild(FeatureRunner.java:18)
	at org.junit.runners.ParentRunner$3.run(ParentRunner.java:238)
	at org.junit.runners.ParentRunner$1.schedule(ParentRunner.java:63)
	at org.junit.runners.ParentRunner.runChildren(ParentRunner.java:236)
	at org.junit.runners.ParentRunner.access$000(ParentRunner.java:53)
	at org.junit.runners.ParentRunner$2.evaluate(ParentRunner.java:229)
	at org.junit.runners.ParentRunner.run(ParentRunner.java:309)
	at cucumber.runtime.junit.FeatureRunner.run(FeatureRunner.java:70)
	at cucumber.api.junit.Cucumber.runChild(Cucumber.java:93)
	at cucumber.api.junit.Cucumber.runChild(Cucumber.java:37)
	at org.junit.runners.ParentRunner$3.run(ParentRunner.java:238)
	at org.junit.runners.ParentRunner$1.schedule(ParentRunner.java:63)
	at org.junit.runners.ParentRunner.runChildren(ParentRunner.java:236)
	at org.junit.runners.ParentRunner.access$000(ParentRunner.java:53)
	at org.junit.runners.ParentRunner$2.evaluate(ParentRunner.java:229)
	at org.junit.runners.ParentRunner.run(ParentRunner.java:309)
	at cucumber.api.junit.Cucumber.run(Cucumber.java:98)
	at org.junit.runners.Suite.runChild(Suite.java:127)
	at org.junit.runners.Suite.runChild(Suite.java:26)
	at org.junit.runners.ParentRunner$3.run(ParentRunner.java:238)
	at org.junit.runners.ParentRunner$1.schedule(ParentRunner.java:63)
	at org.junit.runners.ParentRunner.runChildren(ParentRunner.java:236)
	at org.junit.runners.ParentRunner.access$000(ParentRunner.java:53)
	at org.junit.runners.ParentRunner$2.evaluate(ParentRunner.java:229)
	at org.junit.runners.ParentRunner.run(ParentRunner.java:309)
	at org.junit.runner.JUnitCore.run(JUnitCore.java:160)
	at org.junit.runner.JUnitCore.run(JUnitCore.java:138)
	at org.apache.maven.surefire.junitcore.JUnitCoreWrapper.createRequestAndRun(JUnitCoreWrapper.java:107)
	at org.apache.maven.surefire.junitcore.JUnitCoreWrapper.executeEager(JUnitCoreWrapper.java:77)
	at org.apache.maven.surefire.junitcore.JUnitCoreWrapper.execute(JUnitCoreWrapper.java:53)
	at org.apache.maven.surefire.junitcore.JUnitCoreProvider.invoke(JUnitCoreProvider.java:144)
	at org.apache.maven.surefire.booter.ForkedBooter.invokeProviderInSameClassLoader(ForkedBooter.java:203)
	at org.apache.maven.surefire.booter.ForkedBooter.runSuitesInProcess(ForkedBooter.java:155)
	at org.apache.maven.surefire.booter.ForkedBooter.main(ForkedBooter.java:103)
</error>
    <system-out><![CDATA[driver already initialized
]]></system-out>
    <system-err><![CDATA[unexpected alert open: {Alert text : There was a problem updating 1 or more record(s) due to  time overlaps.}
  (Session info: chrome=84.0.4147.89)
  (Driver info: chromedriver=84.0.4147.30 (48b3e868b4cc0aa7e8149519690b6f6949e110a8-refs/branch-heads/4147@{#310}),platform=Windows NT 10.0.18362 x86_64) (WARNING: The server did not provide any stacktrace information)
Command duration or timeout: 2 milliseconds: null
Build info: version: '2.44.0', revision: '76d78cf323ce037c5f92db6c1bba601c2ac43ad8', time: '2014-10-23 13:11:40'
System info: host: 'PIS076', ip: '192.168.20.24', os.name: 'Windows 10', os.arch: 'amd64', os.version: '10.0', java.version: '1.8.0_251'
Driver info: org.openqa.selenium.chrome.ChromeDriver
Capabilities [{mobileEmulationEnabled=false, timeouts={implicit=0, pageLoad=300000, script=30000}, hasTouchScreen=false, platform=XP, acceptSslCerts=false, goog:chromeOptions={debuggerAddress=localhost:53632}, acceptInsecureCerts=false, webStorageEnabled=true, browserName=chrome, takesScreenshot=true, javascriptEnabled=true, setWindowRect=true, unexpectedAlertBehaviour=ignore, applicationCacheEnabled=false, rotatable=false, networkConnectionEnabled=false, chrome={chromedriverVersion=84.0.4147.30 (48b3e868b4cc0aa7e8149519690b6f6949e110a8-refs/branch-heads/4147@{#310}), userDataDir=C:\Users\schandan\AppData\Local\Temp\scoped_dir10852_1795962031}, takesHeapSnapshot=true, pageLoadStrategy=normal, strictFileInteractability=false, databaseEnabled=false, handlesAlerts=true, version=84.0.4147.89, browserConnectionEnabled=false, proxy={}, nativeEvents=true, locationContextEnabled=true, cssSelectorsEnabled=true, webauthn:virtualAuthenticators=true}]
Session ID: 92bd800b0db149d26eea4acf383fe7d5
]]></system-err>
  </testcase>
  <testcase name="Given Launch Browser and Open eClock" classname="Scenario: Supervisor View schedule for employees/Team members" time="0">
    <skipped/>
  </testcase>
  <testcase name="When Enter valid supervisor credentials and click login" classname="Scenario: Supervisor View schedule for employees/Team members" time="0">
    <skipped/>
  </testcase>
  <testcase name="Then User should be able to login successfully" classname="Scenario: Supervisor View schedule for employees/Team members" time="0">
    <skipped/>
  </testcase>
  <testcase name="Then supervisor click on schedule weekly schedule from side menu" classname="Scenario: Supervisor View schedule for employees/Team members" time="0">
    <skipped/>
  </testcase>
  <testcase name="Then supervisor click on schedule Default from side menu" classname="Scenario: Supervisor View schedule for employees/Team members" time="0">
    <skipped/>
  </testcase>
  <testcase name="Then Loggedout successfully" classname="Scenario: Supervisor View schedule for employees/Team members" time="0">
    <skipped/>
  </testcase>
  <testcase name="Scenario: Webclcok Employee Punchin" classname="Scenario: Webclcok Employee Punchin" time="0.008">
    <error message="unexpected alert open: {Alert text : There was a problem updating 1 or more record(s) due to  time overlaps.}&#10;  (Session info: chrome=84.0.4147.89)&#10;  (Driver info: chromedriver=84.0.4147.30 (48b3e868b4cc0aa7e8149519690b6f6949e110a8-refs/branch-heads/4147@{#310}),platform=Windows NT 10.0.18362 x86_64) (WARNING: The server did not provide any stacktrace information)&#10;Command duration or timeout: 1 milliseconds: null&#10;Build info: version: &apos;2.44.0&apos;, revision: &apos;76d78cf323ce037c5f92db6c1bba601c2ac43ad8&apos;, time: &apos;2014-10-23 13:11:40&apos;&#10;System info: host: &apos;PIS076&apos;, ip: &apos;192.168.20.24&apos;, os.name: &apos;Windows 10&apos;, os.arch: &apos;amd64&apos;, os.version: &apos;10.0&apos;, java.version: &apos;1.8.0_251&apos;&#10;Driver info: org.openqa.selenium.chrome.ChromeDriver&#10;Capabilities [{mobileEmulationEnabled=false, timeouts={implicit=0, pageLoad=300000, script=30000}, hasTouchScreen=false, platform=XP, acceptSslCerts=false, goog:chromeOptions={debuggerAddress=localhost:53632}, acceptInsecureCerts=false, webStorageEnabled=true, browserName=chrome, takesScreenshot=true, javascriptEnabled=true, setWindowRect=true, unexpectedAlertBehaviour=ignore, applicationCacheEnabled=false, rotatable=false, networkConnectionEnabled=false, chrome={chromedriverVersion=84.0.4147.30 (48b3e868b4cc0aa7e8149519690b6f6949e110a8-refs/branch-heads/4147@{#310}), userDataDir=C:\Users\schandan\AppData\Local\Temp\scoped_dir10852_1795962031}, takesHeapSnapshot=true, pageLoadStrategy=normal, strictFileInteractability=false, databaseEnabled=false, handlesAlerts=true, version=84.0.4147.89, browserConnectionEnabled=false, proxy={}, nativeEvents=true, locationContextEnabled=true, cssSelectorsEnabled=true, webauthn:virtualAuthenticators=true}]&#10;Session ID: 92bd800b0db149d26eea4acf383fe7d5" type="org.openqa.selenium.UnhandledAlertException">org.openqa.selenium.UnhandledAlertException: unexpected alert open: {Alert text : There was a problem updating 1 or more record(s) due to  time overlaps.}
  (Session info: chrome=84.0.4147.89)
  (Driver info: chromedriver=84.0.4147.30 (48b3e868b4cc0aa7e8149519690b6f6949e110a8-refs/branch-heads/4147@{#310}),platform=Windows NT 10.0.18362 x86_64) (WARNING: The server did not provide any stacktrace information)
Command duration or timeout: 1 milliseconds: null
Build info: version: '2.44.0', revision: '76d78cf323ce037c5f92db6c1bba601c2ac43ad8', time: '2014-10-23 13:11:40'
System info: host: 'PIS076', ip: '192.168.20.24', os.name: 'Windows 10', os.arch: 'amd64', os.version: '10.0', java.version: '1.8.0_251'
Driver info: org.openqa.selenium.chrome.ChromeDriver
Capabilities [{mobileEmulationEnabled=false, timeouts={implicit=0, pageLoad=300000, script=30000}, hasTouchScreen=false, platform=XP, acceptSslCerts=false, goog:chromeOptions={debuggerAddress=localhost:53632}, acceptInsecureCerts=false, webStorageEnabled=true, browserName=chrome, takesScreenshot=true, javascriptEnabled=true, setWindowRect=true, unexpectedAlertBehaviour=ignore, applicationCacheEnabled=false, rotatable=false, networkConnectionEnabled=false, chrome={chromedriverVersion=84.0.4147.30 (48b3e868b4cc0aa7e8149519690b6f6949e110a8-refs/branch-heads/4147@{#310}), userDataDir=C:\Users\schandan\AppData\Local\Temp\scoped_dir10852_1795962031}, takesHeapSnapshot=true, pageLoadStrategy=normal, strictFileInteractability=false, databaseEnabled=false, handlesAlerts=true, version=84.0.4147.89, browserConnectionEnabled=false, proxy={}, nativeEvents=true, locationContextEnabled=true, cssSelectorsEnabled=true, webauthn:virtualAuthenticators=true}]
Session ID: 92bd800b0db149d26eea4acf383fe7d5
	at sun.reflect.NativeConstructorAccessorImpl.newInstance0(Native Method)
	at sun.reflect.NativeConstructorAccessorImpl.newInstance(NativeConstructorAccessorImpl.java:62)
	at sun.reflect.DelegatingConstructorAccessorImpl.newInstance(DelegatingConstructorAccessorImpl.java:45)
	at java.lang.reflect.Constructor.newInstance(Constructor.java:423)
	at org.openqa.selenium.remote.ErrorHandler.createThrowable(ErrorHandler.java:204)
	at org.openqa.selenium.remote.ErrorHandler.throwIfResponseFailed(ErrorHandler.java:162)
	at org.openqa.selenium.remote.RemoteWebDriver.execute(RemoteWebDriver.java:599)
	at org.openqa.selenium.remote.RemoteWebDriver$RemoteWebDriverOptions$RemoteWindow.maximize(RemoteWebDriver.java:829)
	at stepDef.UtilityDriver.inibrowser(UtilityDriver.java:55)
	at stepDef.Hooks.openBrowser(Hooks.java:27)
	at sun.reflect.GeneratedMethodAccessor18.invoke(Unknown Source)
	at sun.reflect.DelegatingMethodAccessorImpl.invoke(DelegatingMethodAccessorImpl.java:43)
	at java.lang.reflect.Method.invoke(Method.java:498)
	at cucumber.runtime.Utils$1.call(Utils.java:34)
	at cucumber.runtime.Timeout.timeout(Timeout.java:13)
	at cucumber.runtime.Utils.invoke(Utils.java:30)
	at cucumber.runtime.java.JavaHookDefinition.execute(JavaHookDefinition.java:59)
	at cucumber.runtime.Runtime.runHookIfTagsMatch(Runtime.java:222)
	at cucumber.runtime.Runtime.runHooks(Runtime.java:210)
	at cucumber.runtime.Runtime.runBeforeHooks(Runtime.java:200)
	at cucumber.runtime.model.CucumberScenario.run(CucumberScenario.java:44)
	at cucumber.runtime.junit.ExecutionUnitRunner.run(ExecutionUnitRunner.java:91)
	at cucumber.runtime.junit.FeatureRunner.runChild(FeatureRunner.java:63)
	at cucumber.runtime.junit.FeatureRunner.runChild(FeatureRunner.java:18)
	at org.junit.runners.ParentRunner$3.run(ParentRunner.java:238)
	at org.junit.runners.ParentRunner$1.schedule(ParentRunner.java:63)
	at org.junit.runners.ParentRunner.runChildren(ParentRunner.java:236)
	at org.junit.runners.ParentRunner.access$000(ParentRunner.java:53)
	at org.junit.runners.ParentRunner$2.evaluate(ParentRunner.java:229)
	at org.junit.runners.ParentRunner.run(ParentRunner.java:309)
	at cucumber.runtime.junit.FeatureRunner.run(FeatureRunner.java:70)
	at cucumber.api.junit.Cucumber.runChild(Cucumber.java:93)
	at cucumber.api.junit.Cucumber.runChild(Cucumber.java:37)
	at org.junit.runners.ParentRunner$3.run(ParentRunner.java:238)
	at org.junit.runners.ParentRunner$1.schedule(ParentRunner.java:63)
	at org.junit.runners.ParentRunner.runChildren(ParentRunner.java:236)
	at org.junit.runners.ParentRunner.access$000(ParentRunner.java:53)
	at org.junit.runners.ParentRunner$2.evaluate(ParentRunner.java:229)
	at org.junit.runners.ParentRunner.run(ParentRunner.java:309)
	at cucumber.api.junit.Cucumber.run(Cucumber.java:98)
	at org.junit.runners.Suite.runChild(Suite.java:127)
	at org.junit.runners.Suite.runChild(Suite.java:26)
	at org.junit.runners.ParentRunner$3.run(ParentRunner.java:238)
	at org.junit.runners.ParentRunner$1.schedule(ParentRunner.java:63)
	at org.junit.runners.ParentRunner.runChildren(ParentRunner.java:236)
	at org.junit.runners.ParentRunner.access$000(ParentRunner.java:53)
	at org.junit.runners.ParentRunner$2.evaluate(ParentRunner.java:229)
	at org.junit.runners.ParentRunner.run(ParentRunner.java:309)
	at org.junit.runner.JUnitCore.run(JUnitCore.java:160)
	at org.junit.runner.JUnitCore.run(JUnitCore.java:138)
	at org.apache.maven.surefire.junitcore.JUnitCoreWrapper.createRequestAndRun(JUnitCoreWrapper.java:107)
	at org.apache.maven.surefire.junitcore.JUnitCoreWrapper.executeEager(JUnitCoreWrapper.java:77)
	at org.apache.maven.surefire.junitcore.JUnitCoreWrapper.execute(JUnitCoreWrapper.java:53)
	at org.apache.maven.surefire.junitcore.JUnitCoreProvider.invoke(JUnitCoreProvider.java:144)
	at org.apache.maven.surefire.booter.ForkedBooter.invokeProviderInSameClassLoader(ForkedBooter.java:203)
	at org.apache.maven.surefire.booter.ForkedBooter.runSuitesInProcess(ForkedBooter.java:155)
	at org.apache.maven.surefire.booter.ForkedBooter.main(ForkedBooter.java:103)
</error>
    <system-out><![CDATA[driver already initialized
]]></system-out>
    <system-err><![CDATA[unexpected alert open: {Alert text : There was a problem updating 1 or more record(s) due to  time overlaps.}
  (Session info: chrome=84.0.4147.89)
  (Driver info: chromedriver=84.0.4147.30 (48b3e868b4cc0aa7e8149519690b6f6949e110a8-refs/branch-heads/4147@{#310}),platform=Windows NT 10.0.18362 x86_64) (WARNING: The server did not provide any stacktrace information)
Command duration or timeout: 1 milliseconds: null
Build info: version: '2.44.0', revision: '76d78cf323ce037c5f92db6c1bba601c2ac43ad8', time: '2014-10-23 13:11:40'
System info: host: 'PIS076', ip: '192.168.20.24', os.name: 'Windows 10', os.arch: 'amd64', os.version: '10.0', java.version: '1.8.0_251'
Driver info: org.openqa.selenium.chrome.ChromeDriver
Capabilities [{mobileEmulationEnabled=false, timeouts={implicit=0, pageLoad=300000, script=30000}, hasTouchScreen=false, platform=XP, acceptSslCerts=false, goog:chromeOptions={debuggerAddress=localhost:53632}, acceptInsecureCerts=false, webStorageEnabled=true, browserName=chrome, takesScreenshot=true, javascriptEnabled=true, setWindowRect=true, unexpectedAlertBehaviour=ignore, applicationCacheEnabled=false, rotatable=false, networkConnectionEnabled=false, chrome={chromedriverVersion=84.0.4147.30 (48b3e868b4cc0aa7e8149519690b6f6949e110a8-refs/branch-heads/4147@{#310}), userDataDir=C:\Users\schandan\AppData\Local\Temp\scoped_dir10852_1795962031}, takesHeapSnapshot=true, pageLoadStrategy=normal, strictFileInteractability=false, databaseEnabled=false, handlesAlerts=true, version=84.0.4147.89, browserConnectionEnabled=false, proxy={}, nativeEvents=true, locationContextEnabled=true, cssSelectorsEnabled=true, webauthn:virtualAuthenticators=true}]
Session ID: 92bd800b0db149d26eea4acf383fe7d5
]]></system-err>
  </testcase>
  <testcase name="Given Launch Browser and Open webClock" classname="Scenario: Webclcok Employee Punchin" time="0">
    <skipped/>
  </testcase>
  <testcase name="When enter valid Employee credentials at webclock" classname="Scenario: Webclcok Employee Punchin" time="0">
    <skipped/>
  </testcase>
  <testcase name="Then check Punchin" classname="Scenario: Webclcok Employee Punchin" time="0">
    <skipped/>
  </testcase>
  <testcase name="Scenario: Webclcok Employee Lunch Start" classname="Scenario: Webclcok Employee Lunch Start" time="0.009">
    <error message="unexpected alert open: {Alert text : There was a problem updating 1 or more record(s) due to  time overlaps.}&#10;  (Session info: chrome=84.0.4147.89)&#10;  (Driver info: chromedriver=84.0.4147.30 (48b3e868b4cc0aa7e8149519690b6f6949e110a8-refs/branch-heads/4147@{#310}),platform=Windows NT 10.0.18362 x86_64) (WARNING: The server did not provide any stacktrace information)&#10;Command duration or timeout: 2 milliseconds: null&#10;Build info: version: &apos;2.44.0&apos;, revision: &apos;76d78cf323ce037c5f92db6c1bba601c2ac43ad8&apos;, time: &apos;2014-10-23 13:11:40&apos;&#10;System info: host: &apos;PIS076&apos;, ip: &apos;192.168.20.24&apos;, os.name: &apos;Windows 10&apos;, os.arch: &apos;amd64&apos;, os.version: &apos;10.0&apos;, java.version: &apos;1.8.0_251&apos;&#10;Driver info: org.openqa.selenium.chrome.ChromeDriver&#10;Capabilities [{mobileEmulationEnabled=false, timeouts={implicit=0, pageLoad=300000, script=30000}, hasTouchScreen=false, platform=XP, acceptSslCerts=false, goog:chromeOptions={debuggerAddress=localhost:53632}, acceptInsecureCerts=false, webStorageEnabled=true, browserName=chrome, takesScreenshot=true, javascriptEnabled=true, setWindowRect=true, unexpectedAlertBehaviour=ignore, applicationCacheEnabled=false, rotatable=false, networkConnectionEnabled=false, chrome={chromedriverVersion=84.0.4147.30 (48b3e868b4cc0aa7e8149519690b6f6949e110a8-refs/branch-heads/4147@{#310}), userDataDir=C:\Users\schandan\AppData\Local\Temp\scoped_dir10852_1795962031}, takesHeapSnapshot=true, pageLoadStrategy=normal, strictFileInteractability=false, databaseEnabled=false, handlesAlerts=true, version=84.0.4147.89, browserConnectionEnabled=false, proxy={}, nativeEvents=true, locationContextEnabled=true, cssSelectorsEnabled=true, webauthn:virtualAuthenticators=true}]&#10;Session ID: 92bd800b0db149d26eea4acf383fe7d5" type="org.openqa.selenium.UnhandledAlertException">org.openqa.selenium.UnhandledAlertException: unexpected alert open: {Alert text : There was a problem updating 1 or more record(s) due to  time overlaps.}
  (Session info: chrome=84.0.4147.89)
  (Driver info: chromedriver=84.0.4147.30 (48b3e868b4cc0aa7e8149519690b6f6949e110a8-refs/branch-heads/4147@{#310}),platform=Windows NT 10.0.18362 x86_64) (WARNING: The server did not provide any stacktrace information)
Command duration or timeout: 2 milliseconds: null
Build info: version: '2.44.0', revision: '76d78cf323ce037c5f92db6c1bba601c2ac43ad8', time: '2014-10-23 13:11:40'
System info: host: 'PIS076', ip: '192.168.20.24', os.name: 'Windows 10', os.arch: 'amd64', os.version: '10.0', java.version: '1.8.0_251'
Driver info: org.openqa.selenium.chrome.ChromeDriver
Capabilities [{mobileEmulationEnabled=false, timeouts={implicit=0, pageLoad=300000, script=30000}, hasTouchScreen=false, platform=XP, acceptSslCerts=false, goog:chromeOptions={debuggerAddress=localhost:53632}, acceptInsecureCerts=false, webStorageEnabled=true, browserName=chrome, takesScreenshot=true, javascriptEnabled=true, setWindowRect=true, unexpectedAlertBehaviour=ignore, applicationCacheEnabled=false, rotatable=false, networkConnectionEnabled=false, chrome={chromedriverVersion=84.0.4147.30 (48b3e868b4cc0aa7e8149519690b6f6949e110a8-refs/branch-heads/4147@{#310}), userDataDir=C:\Users\schandan\AppData\Local\Temp\scoped_dir10852_1795962031}, takesHeapSnapshot=true, pageLoadStrategy=normal, strictFileInteractability=false, databaseEnabled=false, handlesAlerts=true, version=84.0.4147.89, browserConnectionEnabled=false, proxy={}, nativeEvents=true, locationContextEnabled=true, cssSelectorsEnabled=true, webauthn:virtualAuthenticators=true}]
Session ID: 92bd800b0db149d26eea4acf383fe7d5
	at sun.reflect.NativeConstructorAccessorImpl.newInstance0(Native Method)
	at sun.reflect.NativeConstructorAccessorImpl.newInstance(NativeConstructorAccessorImpl.java:62)
	at sun.reflect.DelegatingConstructorAccessorImpl.newInstance(DelegatingConstructorAccessorImpl.java:45)
	at java.lang.reflect.Constructor.newInstance(Constructor.java:423)
	at org.openqa.selenium.remote.ErrorHandler.createThrowable(ErrorHandler.java:204)
	at org.openqa.selenium.remote.ErrorHandler.throwIfResponseFailed(ErrorHandler.java:162)
	at org.openqa.selenium.remote.RemoteWebDriver.execute(RemoteWebDriver.java:599)
	at org.openqa.selenium.remote.RemoteWebDriver$RemoteWebDriverOptions$RemoteWindow.maximize(RemoteWebDriver.java:829)
	at stepDef.UtilityDriver.inibrowser(UtilityDriver.java:55)
	at stepDef.Hooks.openBrowser(Hooks.java:27)
	at sun.reflect.GeneratedMethodAccessor18.invoke(Unknown Source)
	at sun.reflect.DelegatingMethodAccessorImpl.invoke(DelegatingMethodAccessorImpl.java:43)
	at java.lang.reflect.Method.invoke(Method.java:498)
	at cucumber.runtime.Utils$1.call(Utils.java:34)
	at cucumber.runtime.Timeout.timeout(Timeout.java:13)
	at cucumber.runtime.Utils.invoke(Utils.java:30)
	at cucumber.runtime.java.JavaHookDefinition.execute(JavaHookDefinition.java:59)
	at cucumber.runtime.Runtime.runHookIfTagsMatch(Runtime.java:222)
	at cucumber.runtime.Runtime.runHooks(Runtime.java:210)
	at cucumber.runtime.Runtime.runBeforeHooks(Runtime.java:200)
	at cucumber.runtime.model.CucumberScenario.run(CucumberScenario.java:44)
	at cucumber.runtime.junit.ExecutionUnitRunner.run(ExecutionUnitRunner.java:91)
	at cucumber.runtime.junit.FeatureRunner.runChild(FeatureRunner.java:63)
	at cucumber.runtime.junit.FeatureRunner.runChild(FeatureRunner.java:18)
	at org.junit.runners.ParentRunner$3.run(ParentRunner.java:238)
	at org.junit.runners.ParentRunner$1.schedule(ParentRunner.java:63)
	at org.junit.runners.ParentRunner.runChildren(ParentRunner.java:236)
	at org.junit.runners.ParentRunner.access$000(ParentRunner.java:53)
	at org.junit.runners.ParentRunner$2.evaluate(ParentRunner.java:229)
	at org.junit.runners.ParentRunner.run(ParentRunner.java:309)
	at cucumber.runtime.junit.FeatureRunner.run(FeatureRunner.java:70)
	at cucumber.api.junit.Cucumber.runChild(Cucumber.java:93)
	at cucumber.api.junit.Cucumber.runChild(Cucumber.java:37)
	at org.junit.runners.ParentRunner$3.run(ParentRunner.java:238)
	at org.junit.runners.ParentRunner$1.schedule(ParentRunner.java:63)
	at org.junit.runners.ParentRunner.runChildren(ParentRunner.java:236)
	at org.junit.runners.ParentRunner.access$000(ParentRunner.java:53)
	at org.junit.runners.ParentRunner$2.evaluate(ParentRunner.java:229)
	at org.junit.runners.ParentRunner.run(ParentRunner.java:309)
	at cucumber.api.junit.Cucumber.run(Cucumber.java:98)
	at org.junit.runners.Suite.runChild(Suite.java:127)
	at org.junit.runners.Suite.runChild(Suite.java:26)
	at org.junit.runners.ParentRunner$3.run(ParentRunner.java:238)
	at org.junit.runners.ParentRunner$1.schedule(ParentRunner.java:63)
	at org.junit.runners.ParentRunner.runChildren(ParentRunner.java:236)
	at org.junit.runners.ParentRunner.access$000(ParentRunner.java:53)
	at org.junit.runners.ParentRunner$2.evaluate(ParentRunner.java:229)
	at org.junit.runners.ParentRunner.run(ParentRunner.java:309)
	at org.junit.runner.JUnitCore.run(JUnitCore.java:160)
	at org.junit.runner.JUnitCore.run(JUnitCore.java:138)
	at org.apache.maven.surefire.junitcore.JUnitCoreWrapper.createRequestAndRun(JUnitCoreWrapper.java:107)
	at org.apache.maven.surefire.junitcore.JUnitCoreWrapper.executeEager(JUnitCoreWrapper.java:77)
	at org.apache.maven.surefire.junitcore.JUnitCoreWrapper.execute(JUnitCoreWrapper.java:53)
	at org.apache.maven.surefire.junitcore.JUnitCoreProvider.invoke(JUnitCoreProvider.java:144)
	at org.apache.maven.surefire.booter.ForkedBooter.invokeProviderInSameClassLoader(ForkedBooter.java:203)
	at org.apache.maven.surefire.booter.ForkedBooter.runSuitesInProcess(ForkedBooter.java:155)
	at org.apache.maven.surefire.booter.ForkedBooter.main(ForkedBooter.java:103)
</error>
    <system-out><![CDATA[driver already initialized
]]></system-out>
    <system-err><![CDATA[unexpected alert open: {Alert text : There was a problem updating 1 or more record(s) due to  time overlaps.}
  (Session info: chrome=84.0.4147.89)
  (Driver info: chromedriver=84.0.4147.30 (48b3e868b4cc0aa7e8149519690b6f6949e110a8-refs/branch-heads/4147@{#310}),platform=Windows NT 10.0.18362 x86_64) (WARNING: The server did not provide any stacktrace information)
Command duration or timeout: 2 milliseconds: null
Build info: version: '2.44.0', revision: '76d78cf323ce037c5f92db6c1bba601c2ac43ad8', time: '2014-10-23 13:11:40'
System info: host: 'PIS076', ip: '192.168.20.24', os.name: 'Windows 10', os.arch: 'amd64', os.version: '10.0', java.version: '1.8.0_251'
Driver info: org.openqa.selenium.chrome.ChromeDriver
Capabilities [{mobileEmulationEnabled=false, timeouts={implicit=0, pageLoad=300000, script=30000}, hasTouchScreen=false, platform=XP, acceptSslCerts=false, goog:chromeOptions={debuggerAddress=localhost:53632}, acceptInsecureCerts=false, webStorageEnabled=true, browserName=chrome, takesScreenshot=true, javascriptEnabled=true, setWindowRect=true, unexpectedAlertBehaviour=ignore, applicationCacheEnabled=false, rotatable=false, networkConnectionEnabled=false, chrome={chromedriverVersion=84.0.4147.30 (48b3e868b4cc0aa7e8149519690b6f6949e110a8-refs/branch-heads/4147@{#310}), userDataDir=C:\Users\schandan\AppData\Local\Temp\scoped_dir10852_1795962031}, takesHeapSnapshot=true, pageLoadStrategy=normal, strictFileInteractability=false, databaseEnabled=false, handlesAlerts=true, version=84.0.4147.89, browserConnectionEnabled=false, proxy={}, nativeEvents=true, locationContextEnabled=true, cssSelectorsEnabled=true, webauthn:virtualAuthenticators=true}]
Session ID: 92bd800b0db149d26eea4acf383fe7d5
]]></system-err>
  </testcase>
  <testcase name="Given Launch Browser and Open webClock" classname="Scenario: Webclcok Employee Lunch Start" time="0">
    <skipped/>
  </testcase>
  <testcase name="When enter valid Employee credentials at webclock" classname="Scenario: Webclcok Employee Lunch Start" time="0">
    <skipped/>
  </testcase>
  <testcase name="Then check Lunch start" classname="Scenario: Webclcok Employee Lunch Start" time="0">
    <skipped/>
  </testcase>
  <testcase name="Scenario: Webclcok Lunch Stop" classname="Scenario: Webclcok Lunch Stop" time="0.008">
    <error message="unexpected alert open: {Alert text : There was a problem updating 1 or more record(s) due to  time overlaps.}&#10;  (Session info: chrome=84.0.4147.89)&#10;  (Driver info: chromedriver=84.0.4147.30 (48b3e868b4cc0aa7e8149519690b6f6949e110a8-refs/branch-heads/4147@{#310}),platform=Windows NT 10.0.18362 x86_64) (WARNING: The server did not provide any stacktrace information)&#10;Command duration or timeout: 1 milliseconds: null&#10;Build info: version: &apos;2.44.0&apos;, revision: &apos;76d78cf323ce037c5f92db6c1bba601c2ac43ad8&apos;, time: &apos;2014-10-23 13:11:40&apos;&#10;System info: host: &apos;PIS076&apos;, ip: &apos;192.168.20.24&apos;, os.name: &apos;Windows 10&apos;, os.arch: &apos;amd64&apos;, os.version: &apos;10.0&apos;, java.version: &apos;1.8.0_251&apos;&#10;Driver info: org.openqa.selenium.chrome.ChromeDriver&#10;Capabilities [{mobileEmulationEnabled=false, timeouts={implicit=0, pageLoad=300000, script=30000}, hasTouchScreen=false, platform=XP, acceptSslCerts=false, goog:chromeOptions={debuggerAddress=localhost:53632}, acceptInsecureCerts=false, webStorageEnabled=true, browserName=chrome, takesScreenshot=true, javascriptEnabled=true, setWindowRect=true, unexpectedAlertBehaviour=ignore, applicationCacheEnabled=false, rotatable=false, networkConnectionEnabled=false, chrome={chromedriverVersion=84.0.4147.30 (48b3e868b4cc0aa7e8149519690b6f6949e110a8-refs/branch-heads/4147@{#310}), userDataDir=C:\Users\schandan\AppData\Local\Temp\scoped_dir10852_1795962031}, takesHeapSnapshot=true, pageLoadStrategy=normal, strictFileInteractability=false, databaseEnabled=false, handlesAlerts=true, version=84.0.4147.89, browserConnectionEnabled=false, proxy={}, nativeEvents=true, locationContextEnabled=true, cssSelectorsEnabled=true, webauthn:virtualAuthenticators=true}]&#10;Session ID: 92bd800b0db149d26eea4acf383fe7d5" type="org.openqa.selenium.UnhandledAlertException">org.openqa.selenium.UnhandledAlertException: unexpected alert open: {Alert text : There was a problem updating 1 or more record(s) due to  time overlaps.}
  (Session info: chrome=84.0.4147.89)
  (Driver info: chromedriver=84.0.4147.30 (48b3e868b4cc0aa7e8149519690b6f6949e110a8-refs/branch-heads/4147@{#310}),platform=Windows NT 10.0.18362 x86_64) (WARNING: The server did not provide any stacktrace information)
Command duration or timeout: 1 milliseconds: null
Build info: version: '2.44.0', revision: '76d78cf323ce037c5f92db6c1bba601c2ac43ad8', time: '2014-10-23 13:11:40'
System info: host: 'PIS076', ip: '192.168.20.24', os.name: 'Windows 10', os.arch: 'amd64', os.version: '10.0', java.version: '1.8.0_251'
Driver info: org.openqa.selenium.chrome.ChromeDriver
Capabilities [{mobileEmulationEnabled=false, timeouts={implicit=0, pageLoad=300000, script=30000}, hasTouchScreen=false, platform=XP, acceptSslCerts=false, goog:chromeOptions={debuggerAddress=localhost:53632}, acceptInsecureCerts=false, webStorageEnabled=true, browserName=chrome, takesScreenshot=true, javascriptEnabled=true, setWindowRect=true, unexpectedAlertBehaviour=ignore, applicationCacheEnabled=false, rotatable=false, networkConnectionEnabled=false, chrome={chromedriverVersion=84.0.4147.30 (48b3e868b4cc0aa7e8149519690b6f6949e110a8-refs/branch-heads/4147@{#310}), userDataDir=C:\Users\schandan\AppData\Local\Temp\scoped_dir10852_1795962031}, takesHeapSnapshot=true, pageLoadStrategy=normal, strictFileInteractability=false, databaseEnabled=false, handlesAlerts=true, version=84.0.4147.89, browserConnectionEnabled=false, proxy={}, nativeEvents=true, locationContextEnabled=true, cssSelectorsEnabled=true, webauthn:virtualAuthenticators=true}]
Session ID: 92bd800b0db149d26eea4acf383fe7d5
	at sun.reflect.NativeConstructorAccessorImpl.newInstance0(Native Method)
	at sun.reflect.NativeConstructorAccessorImpl.newInstance(NativeConstructorAccessorImpl.java:62)
	at sun.reflect.DelegatingConstructorAccessorImpl.newInstance(DelegatingConstructorAccessorImpl.java:45)
	at java.lang.reflect.Constructor.newInstance(Constructor.java:423)
	at org.openqa.selenium.remote.ErrorHandler.createThrowable(ErrorHandler.java:204)
	at org.openqa.selenium.remote.ErrorHandler.throwIfResponseFailed(ErrorHandler.java:162)
	at org.openqa.selenium.remote.RemoteWebDriver.execute(RemoteWebDriver.java:599)
	at org.openqa.selenium.remote.RemoteWebDriver$RemoteWebDriverOptions$RemoteWindow.maximize(RemoteWebDriver.java:829)
	at stepDef.UtilityDriver.inibrowser(UtilityDriver.java:55)
	at stepDef.Hooks.openBrowser(Hooks.java:27)
	at sun.reflect.GeneratedMethodAccessor18.invoke(Unknown Source)
	at sun.reflect.DelegatingMethodAccessorImpl.invoke(DelegatingMethodAccessorImpl.java:43)
	at java.lang.reflect.Method.invoke(Method.java:498)
	at cucumber.runtime.Utils$1.call(Utils.java:34)
	at cucumber.runtime.Timeout.timeout(Timeout.java:13)
	at cucumber.runtime.Utils.invoke(Utils.java:30)
	at cucumber.runtime.java.JavaHookDefinition.execute(JavaHookDefinition.java:59)
	at cucumber.runtime.Runtime.runHookIfTagsMatch(Runtime.java:222)
	at cucumber.runtime.Runtime.runHooks(Runtime.java:210)
	at cucumber.runtime.Runtime.runBeforeHooks(Runtime.java:200)
	at cucumber.runtime.model.CucumberScenario.run(CucumberScenario.java:44)
	at cucumber.runtime.junit.ExecutionUnitRunner.run(ExecutionUnitRunner.java:91)
	at cucumber.runtime.junit.FeatureRunner.runChild(FeatureRunner.java:63)
	at cucumber.runtime.junit.FeatureRunner.runChild(FeatureRunner.java:18)
	at org.junit.runners.ParentRunner$3.run(ParentRunner.java:238)
	at org.junit.runners.ParentRunner$1.schedule(ParentRunner.java:63)
	at org.junit.runners.ParentRunner.runChildren(ParentRunner.java:236)
	at org.junit.runners.ParentRunner.access$000(ParentRunner.java:53)
	at org.junit.runners.ParentRunner$2.evaluate(ParentRunner.java:229)
	at org.junit.runners.ParentRunner.run(ParentRunner.java:309)
	at cucumber.runtime.junit.FeatureRunner.run(FeatureRunner.java:70)
	at cucumber.api.junit.Cucumber.runChild(Cucumber.java:93)
	at cucumber.api.junit.Cucumber.runChild(Cucumber.java:37)
	at org.junit.runners.ParentRunner$3.run(ParentRunner.java:238)
	at org.junit.runners.ParentRunner$1.schedule(ParentRunner.java:63)
	at org.junit.runners.ParentRunner.runChildren(ParentRunner.java:236)
	at org.junit.runners.ParentRunner.access$000(ParentRunner.java:53)
	at org.junit.runners.ParentRunner$2.evaluate(ParentRunner.java:229)
	at org.junit.runners.ParentRunner.run(ParentRunner.java:309)
	at cucumber.api.junit.Cucumber.run(Cucumber.java:98)
	at org.junit.runners.Suite.runChild(Suite.java:127)
	at org.junit.runners.Suite.runChild(Suite.java:26)
	at org.junit.runners.ParentRunner$3.run(ParentRunner.java:238)
	at org.junit.runners.ParentRunner$1.schedule(ParentRunner.java:63)
	at org.junit.runners.ParentRunner.runChildren(ParentRunner.java:236)
	at org.junit.runners.ParentRunner.access$000(ParentRunner.java:53)
	at org.junit.runners.ParentRunner$2.evaluate(ParentRunner.java:229)
	at org.junit.runners.ParentRunner.run(ParentRunner.java:309)
	at org.junit.runner.JUnitCore.run(JUnitCore.java:160)
	at org.junit.runner.JUnitCore.run(JUnitCore.java:138)
	at org.apache.maven.surefire.junitcore.JUnitCoreWrapper.createRequestAndRun(JUnitCoreWrapper.java:107)
	at org.apache.maven.surefire.junitcore.JUnitCoreWrapper.executeEager(JUnitCoreWrapper.java:77)
	at org.apache.maven.surefire.junitcore.JUnitCoreWrapper.execute(JUnitCoreWrapper.java:53)
	at org.apache.maven.surefire.junitcore.JUnitCoreProvider.invoke(JUnitCoreProvider.java:144)
	at org.apache.maven.surefire.booter.ForkedBooter.invokeProviderInSameClassLoader(ForkedBooter.java:203)
	at org.apache.maven.surefire.booter.ForkedBooter.runSuitesInProcess(ForkedBooter.java:155)
	at org.apache.maven.surefire.booter.ForkedBooter.main(ForkedBooter.java:103)
</error>
    <system-out><![CDATA[driver already initialized
]]></system-out>
    <system-err><![CDATA[unexpected alert open: {Alert text : There was a problem updating 1 or more record(s) due to  time overlaps.}
  (Session info: chrome=84.0.4147.89)
  (Driver info: chromedriver=84.0.4147.30 (48b3e868b4cc0aa7e8149519690b6f6949e110a8-refs/branch-heads/4147@{#310}),platform=Windows NT 10.0.18362 x86_64) (WARNING: The server did not provide any stacktrace information)
Command duration or timeout: 1 milliseconds: null
Build info: version: '2.44.0', revision: '76d78cf323ce037c5f92db6c1bba601c2ac43ad8', time: '2014-10-23 13:11:40'
System info: host: 'PIS076', ip: '192.168.20.24', os.name: 'Windows 10', os.arch: 'amd64', os.version: '10.0', java.version: '1.8.0_251'
Driver info: org.openqa.selenium.chrome.ChromeDriver
Capabilities [{mobileEmulationEnabled=false, timeouts={implicit=0, pageLoad=300000, script=30000}, hasTouchScreen=false, platform=XP, acceptSslCerts=false, goog:chromeOptions={debuggerAddress=localhost:53632}, acceptInsecureCerts=false, webStorageEnabled=true, browserName=chrome, takesScreenshot=true, javascriptEnabled=true, setWindowRect=true, unexpectedAlertBehaviour=ignore, applicationCacheEnabled=false, rotatable=false, networkConnectionEnabled=false, chrome={chromedriverVersion=84.0.4147.30 (48b3e868b4cc0aa7e8149519690b6f6949e110a8-refs/branch-heads/4147@{#310}), userDataDir=C:\Users\schandan\AppData\Local\Temp\scoped_dir10852_1795962031}, takesHeapSnapshot=true, pageLoadStrategy=normal, strictFileInteractability=false, databaseEnabled=false, handlesAlerts=true, version=84.0.4147.89, browserConnectionEnabled=false, proxy={}, nativeEvents=true, locationContextEnabled=true, cssSelectorsEnabled=true, webauthn:virtualAuthenticators=true}]
Session ID: 92bd800b0db149d26eea4acf383fe7d5
]]></system-err>
  </testcase>
  <testcase name="Given Launch Browser and Open webClock" classname="Scenario: Webclcok Lunch Stop" time="0">
    <skipped/>
  </testcase>
  <testcase name="When enter valid Employee credentials at webclock" classname="Scenario: Webclcok Lunch Stop" time="0">
    <skipped/>
  </testcase>
  <testcase name="Then check Lunch stop" classname="Scenario: Webclcok Lunch Stop" time="0">
    <skipped/>
  </testcase>
  <testcase name="Scenario: Webclcok Break Start" classname="Scenario: Webclcok Break Start" time="0.009">
    <error message="unexpected alert open: {Alert text : There was a problem updating 1 or more record(s) due to  time overlaps.}&#10;  (Session info: chrome=84.0.4147.89)&#10;  (Driver info: chromedriver=84.0.4147.30 (48b3e868b4cc0aa7e8149519690b6f6949e110a8-refs/branch-heads/4147@{#310}),platform=Windows NT 10.0.18362 x86_64) (WARNING: The server did not provide any stacktrace information)&#10;Command duration or timeout: 1 milliseconds: null&#10;Build info: version: &apos;2.44.0&apos;, revision: &apos;76d78cf323ce037c5f92db6c1bba601c2ac43ad8&apos;, time: &apos;2014-10-23 13:11:40&apos;&#10;System info: host: &apos;PIS076&apos;, ip: &apos;192.168.20.24&apos;, os.name: &apos;Windows 10&apos;, os.arch: &apos;amd64&apos;, os.version: &apos;10.0&apos;, java.version: &apos;1.8.0_251&apos;&#10;Driver info: org.openqa.selenium.chrome.ChromeDriver&#10;Capabilities [{mobileEmulationEnabled=false, timeouts={implicit=0, pageLoad=300000, script=30000}, hasTouchScreen=false, platform=XP, acceptSslCerts=false, goog:chromeOptions={debuggerAddress=localhost:53632}, acceptInsecureCerts=false, webStorageEnabled=true, browserName=chrome, takesScreenshot=true, javascriptEnabled=true, setWindowRect=true, unexpectedAlertBehaviour=ignore, applicationCacheEnabled=false, rotatable=false, networkConnectionEnabled=false, chrome={chromedriverVersion=84.0.4147.30 (48b3e868b4cc0aa7e8149519690b6f6949e110a8-refs/branch-heads/4147@{#310}), userDataDir=C:\Users\schandan\AppData\Local\Temp\scoped_dir10852_1795962031}, takesHeapSnapshot=true, pageLoadStrategy=normal, strictFileInteractability=false, databaseEnabled=false, handlesAlerts=true, version=84.0.4147.89, browserConnectionEnabled=false, proxy={}, nativeEvents=true, locationContextEnabled=true, cssSelectorsEnabled=true, webauthn:virtualAuthenticators=true}]&#10;Session ID: 92bd800b0db149d26eea4acf383fe7d5" type="org.openqa.selenium.UnhandledAlertException">org.openqa.selenium.UnhandledAlertException: unexpected alert open: {Alert text : There was a problem updating 1 or more record(s) due to  time overlaps.}
  (Session info: chrome=84.0.4147.89)
  (Driver info: chromedriver=84.0.4147.30 (48b3e868b4cc0aa7e8149519690b6f6949e110a8-refs/branch-heads/4147@{#310}),platform=Windows NT 10.0.18362 x86_64) (WARNING: The server did not provide any stacktrace information)
Command duration or timeout: 1 milliseconds: null
Build info: version: '2.44.0', revision: '76d78cf323ce037c5f92db6c1bba601c2ac43ad8', time: '2014-10-23 13:11:40'
System info: host: 'PIS076', ip: '192.168.20.24', os.name: 'Windows 10', os.arch: 'amd64', os.version: '10.0', java.version: '1.8.0_251'
Driver info: org.openqa.selenium.chrome.ChromeDriver
Capabilities [{mobileEmulationEnabled=false, timeouts={implicit=0, pageLoad=300000, script=30000}, hasTouchScreen=false, platform=XP, acceptSslCerts=false, goog:chromeOptions={debuggerAddress=localhost:53632}, acceptInsecureCerts=false, webStorageEnabled=true, browserName=chrome, takesScreenshot=true, javascriptEnabled=true, setWindowRect=true, unexpectedAlertBehaviour=ignore, applicationCacheEnabled=false, rotatable=false, networkConnectionEnabled=false, chrome={chromedriverVersion=84.0.4147.30 (48b3e868b4cc0aa7e8149519690b6f6949e110a8-refs/branch-heads/4147@{#310}), userDataDir=C:\Users\schandan\AppData\Local\Temp\scoped_dir10852_1795962031}, takesHeapSnapshot=true, pageLoadStrategy=normal, strictFileInteractability=false, databaseEnabled=false, handlesAlerts=true, version=84.0.4147.89, browserConnectionEnabled=false, proxy={}, nativeEvents=true, locationContextEnabled=true, cssSelectorsEnabled=true, webauthn:virtualAuthenticators=true}]
Session ID: 92bd800b0db149d26eea4acf383fe7d5
	at sun.reflect.NativeConstructorAccessorImpl.newInstance0(Native Method)
	at sun.reflect.NativeConstructorAccessorImpl.newInstance(NativeConstructorAccessorImpl.java:62)
	at sun.reflect.DelegatingConstructorAccessorImpl.newInstance(DelegatingConstructorAccessorImpl.java:45)
	at java.lang.reflect.Constructor.newInstance(Constructor.java:423)
	at org.openqa.selenium.remote.ErrorHandler.createThrowable(ErrorHandler.java:204)
	at org.openqa.selenium.remote.ErrorHandler.throwIfResponseFailed(ErrorHandler.java:162)
	at org.openqa.selenium.remote.RemoteWebDriver.execute(RemoteWebDriver.java:599)
	at org.openqa.selenium.remote.RemoteWebDriver$RemoteWebDriverOptions$RemoteWindow.maximize(RemoteWebDriver.java:829)
	at stepDef.UtilityDriver.inibrowser(UtilityDriver.java:55)
	at stepDef.Hooks.openBrowser(Hooks.java:27)
	at sun.reflect.GeneratedMethodAccessor18.invoke(Unknown Source)
	at sun.reflect.DelegatingMethodAccessorImpl.invoke(DelegatingMethodAccessorImpl.java:43)
	at java.lang.reflect.Method.invoke(Method.java:498)
	at cucumber.runtime.Utils$1.call(Utils.java:34)
	at cucumber.runtime.Timeout.timeout(Timeout.java:13)
	at cucumber.runtime.Utils.invoke(Utils.java:30)
	at cucumber.runtime.java.JavaHookDefinition.execute(JavaHookDefinition.java:59)
	at cucumber.runtime.Runtime.runHookIfTagsMatch(Runtime.java:222)
	at cucumber.runtime.Runtime.runHooks(Runtime.java:210)
	at cucumber.runtime.Runtime.runBeforeHooks(Runtime.java:200)
	at cucumber.runtime.model.CucumberScenario.run(CucumberScenario.java:44)
	at cucumber.runtime.junit.ExecutionUnitRunner.run(ExecutionUnitRunner.java:91)
	at cucumber.runtime.junit.FeatureRunner.runChild(FeatureRunner.java:63)
	at cucumber.runtime.junit.FeatureRunner.runChild(FeatureRunner.java:18)
	at org.junit.runners.ParentRunner$3.run(ParentRunner.java:238)
	at org.junit.runners.ParentRunner$1.schedule(ParentRunner.java:63)
	at org.junit.runners.ParentRunner.runChildren(ParentRunner.java:236)
	at org.junit.runners.ParentRunner.access$000(ParentRunner.java:53)
	at org.junit.runners.ParentRunner$2.evaluate(ParentRunner.java:229)
	at org.junit.runners.ParentRunner.run(ParentRunner.java:309)
	at cucumber.runtime.junit.FeatureRunner.run(FeatureRunner.java:70)
	at cucumber.api.junit.Cucumber.runChild(Cucumber.java:93)
	at cucumber.api.junit.Cucumber.runChild(Cucumber.java:37)
	at org.junit.runners.ParentRunner$3.run(ParentRunner.java:238)
	at org.junit.runners.ParentRunner$1.schedule(ParentRunner.java:63)
	at org.junit.runners.ParentRunner.runChildren(ParentRunner.java:236)
	at org.junit.runners.ParentRunner.access$000(ParentRunner.java:53)
	at org.junit.runners.ParentRunner$2.evaluate(ParentRunner.java:229)
	at org.junit.runners.ParentRunner.run(ParentRunner.java:309)
	at cucumber.api.junit.Cucumber.run(Cucumber.java:98)
	at org.junit.runners.Suite.runChild(Suite.java:127)
	at org.junit.runners.Suite.runChild(Suite.java:26)
	at org.junit.runners.ParentRunner$3.run(ParentRunner.java:238)
	at org.junit.runners.ParentRunner$1.schedule(ParentRunner.java:63)
	at org.junit.runners.ParentRunner.runChildren(ParentRunner.java:236)
	at org.junit.runners.ParentRunner.access$000(ParentRunner.java:53)
	at org.junit.runners.ParentRunner$2.evaluate(ParentRunner.java:229)
	at org.junit.runners.ParentRunner.run(ParentRunner.java:309)
	at org.junit.runner.JUnitCore.run(JUnitCore.java:160)
	at org.junit.runner.JUnitCore.run(JUnitCore.java:138)
	at org.apache.maven.surefire.junitcore.JUnitCoreWrapper.createRequestAndRun(JUnitCoreWrapper.java:107)
	at org.apache.maven.surefire.junitcore.JUnitCoreWrapper.executeEager(JUnitCoreWrapper.java:77)
	at org.apache.maven.surefire.junitcore.JUnitCoreWrapper.execute(JUnitCoreWrapper.java:53)
	at org.apache.maven.surefire.junitcore.JUnitCoreProvider.invoke(JUnitCoreProvider.java:144)
	at org.apache.maven.surefire.booter.ForkedBooter.invokeProviderInSameClassLoader(ForkedBooter.java:203)
	at org.apache.maven.surefire.booter.ForkedBooter.runSuitesInProcess(ForkedBooter.java:155)
	at org.apache.maven.surefire.booter.ForkedBooter.main(ForkedBooter.java:103)
</error>
    <system-out><![CDATA[driver already initialized
]]></system-out>
    <system-err><![CDATA[unexpected alert open: {Alert text : There was a problem updating 1 or more record(s) due to  time overlaps.}
  (Session info: chrome=84.0.4147.89)
  (Driver info: chromedriver=84.0.4147.30 (48b3e868b4cc0aa7e8149519690b6f6949e110a8-refs/branch-heads/4147@{#310}),platform=Windows NT 10.0.18362 x86_64) (WARNING: The server did not provide any stacktrace information)
Command duration or timeout: 2 milliseconds: null
Build info: version: '2.44.0', revision: '76d78cf323ce037c5f92db6c1bba601c2ac43ad8', time: '2014-10-23 13:11:40'
System info: host: 'PIS076', ip: '192.168.20.24', os.name: 'Windows 10', os.arch: 'amd64', os.version: '10.0', java.version: '1.8.0_251'
Driver info: org.openqa.selenium.chrome.ChromeDriver
Capabilities [{mobileEmulationEnabled=false, timeouts={implicit=0, pageLoad=300000, script=30000}, hasTouchScreen=false, platform=XP, acceptSslCerts=false, goog:chromeOptions={debuggerAddress=localhost:53632}, acceptInsecureCerts=false, webStorageEnabled=true, browserName=chrome, takesScreenshot=true, javascriptEnabled=true, setWindowRect=true, unexpectedAlertBehaviour=ignore, applicationCacheEnabled=false, rotatable=false, networkConnectionEnabled=false, chrome={chromedriverVersion=84.0.4147.30 (48b3e868b4cc0aa7e8149519690b6f6949e110a8-refs/branch-heads/4147@{#310}), userDataDir=C:\Users\schandan\AppData\Local\Temp\scoped_dir10852_1795962031}, takesHeapSnapshot=true, pageLoadStrategy=normal, strictFileInteractability=false, databaseEnabled=false, handlesAlerts=true, version=84.0.4147.89, browserConnectionEnabled=false, proxy={}, nativeEvents=true, locationContextEnabled=true, cssSelectorsEnabled=true, webauthn:virtualAuthenticators=true}]
Session ID: 92bd800b0db149d26eea4acf383fe7d5
]]></system-err>
  </testcase>
  <testcase name="Given Launch Browser and Open webClock" classname="Scenario: Webclcok Break Start" time="0">
    <skipped/>
  </testcase>
  <testcase name="When enter valid Employee credentials at webclock" classname="Scenario: Webclcok Break Start" time="0">
    <skipped/>
  </testcase>
  <testcase name="Then check Break Start" classname="Scenario: Webclcok Break Start" time="0">
    <skipped/>
  </testcase>
  <testcase name="Scenario: Webclcok Break Stop" classname="Scenario: Webclcok Break Stop" time="0.008">
    <error message="unexpected alert open: {Alert text : There was a problem updating 1 or more record(s) due to  time overlaps.}&#10;  (Session info: chrome=84.0.4147.89)&#10;  (Driver info: chromedriver=84.0.4147.30 (48b3e868b4cc0aa7e8149519690b6f6949e110a8-refs/branch-heads/4147@{#310}),platform=Windows NT 10.0.18362 x86_64) (WARNING: The server did not provide any stacktrace information)&#10;Command duration or timeout: 2 milliseconds: null&#10;Build info: version: &apos;2.44.0&apos;, revision: &apos;76d78cf323ce037c5f92db6c1bba601c2ac43ad8&apos;, time: &apos;2014-10-23 13:11:40&apos;&#10;System info: host: &apos;PIS076&apos;, ip: &apos;192.168.20.24&apos;, os.name: &apos;Windows 10&apos;, os.arch: &apos;amd64&apos;, os.version: &apos;10.0&apos;, java.version: &apos;1.8.0_251&apos;&#10;Driver info: org.openqa.selenium.chrome.ChromeDriver&#10;Capabilities [{mobileEmulationEnabled=false, timeouts={implicit=0, pageLoad=300000, script=30000}, hasTouchScreen=false, platform=XP, acceptSslCerts=false, goog:chromeOptions={debuggerAddress=localhost:53632}, acceptInsecureCerts=false, webStorageEnabled=true, browserName=chrome, takesScreenshot=true, javascriptEnabled=true, setWindowRect=true, unexpectedAlertBehaviour=ignore, applicationCacheEnabled=false, rotatable=false, networkConnectionEnabled=false, chrome={chromedriverVersion=84.0.4147.30 (48b3e868b4cc0aa7e8149519690b6f6949e110a8-refs/branch-heads/4147@{#310}), userDataDir=C:\Users\schandan\AppData\Local\Temp\scoped_dir10852_1795962031}, takesHeapSnapshot=true, pageLoadStrategy=normal, strictFileInteractability=false, databaseEnabled=false, handlesAlerts=true, version=84.0.4147.89, browserConnectionEnabled=false, proxy={}, nativeEvents=true, locationContextEnabled=true, cssSelectorsEnabled=true, webauthn:virtualAuthenticators=true}]&#10;Session ID: 92bd800b0db149d26eea4acf383fe7d5" type="org.openqa.selenium.UnhandledAlertException">org.openqa.selenium.UnhandledAlertException: unexpected alert open: {Alert text : There was a problem updating 1 or more record(s) due to  time overlaps.}
  (Session info: chrome=84.0.4147.89)
  (Driver info: chromedriver=84.0.4147.30 (48b3e868b4cc0aa7e8149519690b6f6949e110a8-refs/branch-heads/4147@{#310}),platform=Windows NT 10.0.18362 x86_64) (WARNING: The server did not provide any stacktrace information)
Command duration or timeout: 2 milliseconds: null
Build info: version: '2.44.0', revision: '76d78cf323ce037c5f92db6c1bba601c2ac43ad8', time: '2014-10-23 13:11:40'
System info: host: 'PIS076', ip: '192.168.20.24', os.name: 'Windows 10', os.arch: 'amd64', os.version: '10.0', java.version: '1.8.0_251'
Driver info: org.openqa.selenium.chrome.ChromeDriver
Capabilities [{mobileEmulationEnabled=false, timeouts={implicit=0, pageLoad=300000, script=30000}, hasTouchScreen=false, platform=XP, acceptSslCerts=false, goog:chromeOptions={debuggerAddress=localhost:53632}, acceptInsecureCerts=false, webStorageEnabled=true, browserName=chrome, takesScreenshot=true, javascriptEnabled=true, setWindowRect=true, unexpectedAlertBehaviour=ignore, applicationCacheEnabled=false, rotatable=false, networkConnectionEnabled=false, chrome={chromedriverVersion=84.0.4147.30 (48b3e868b4cc0aa7e8149519690b6f6949e110a8-refs/branch-heads/4147@{#310}), userDataDir=C:\Users\schandan\AppData\Local\Temp\scoped_dir10852_1795962031}, takesHeapSnapshot=true, pageLoadStrategy=normal, strictFileInteractability=false, databaseEnabled=false, handlesAlerts=true, version=84.0.4147.89, browserConnectionEnabled=false, proxy={}, nativeEvents=true, locationContextEnabled=true, cssSelectorsEnabled=true, webauthn:virtualAuthenticators=true}]
Session ID: 92bd800b0db149d26eea4acf383fe7d5
	at sun.reflect.NativeConstructorAccessorImpl.newInstance0(Native Method)
	at sun.reflect.NativeConstructorAccessorImpl.newInstance(NativeConstructorAccessorImpl.java:62)
	at sun.reflect.DelegatingConstructorAccessorImpl.newInstance(DelegatingConstructorAccessorImpl.java:45)
	at java.lang.reflect.Constructor.newInstance(Constructor.java:423)
	at org.openqa.selenium.remote.ErrorHandler.createThrowable(ErrorHandler.java:204)
	at org.openqa.selenium.remote.ErrorHandler.throwIfResponseFailed(ErrorHandler.java:162)
	at org.openqa.selenium.remote.RemoteWebDriver.execute(RemoteWebDriver.java:599)
	at org.openqa.selenium.remote.RemoteWebDriver$RemoteWebDriverOptions$RemoteWindow.maximize(RemoteWebDriver.java:829)
	at stepDef.UtilityDriver.inibrowser(UtilityDriver.java:55)
	at stepDef.Hooks.openBrowser(Hooks.java:27)
	at sun.reflect.GeneratedMethodAccessor18.invoke(Unknown Source)
	at sun.reflect.DelegatingMethodAccessorImpl.invoke(DelegatingMethodAccessorImpl.java:43)
	at java.lang.reflect.Method.invoke(Method.java:498)
	at cucumber.runtime.Utils$1.call(Utils.java:34)
	at cucumber.runtime.Timeout.timeout(Timeout.java:13)
	at cucumber.runtime.Utils.invoke(Utils.java:30)
	at cucumber.runtime.java.JavaHookDefinition.execute(JavaHookDefinition.java:59)
	at cucumber.runtime.Runtime.runHookIfTagsMatch(Runtime.java:222)
	at cucumber.runtime.Runtime.runHooks(Runtime.java:210)
	at cucumber.runtime.Runtime.runBeforeHooks(Runtime.java:200)
	at cucumber.runtime.model.CucumberScenario.run(CucumberScenario.java:44)
	at cucumber.runtime.junit.ExecutionUnitRunner.run(ExecutionUnitRunner.java:91)
	at cucumber.runtime.junit.FeatureRunner.runChild(FeatureRunner.java:63)
	at cucumber.runtime.junit.FeatureRunner.runChild(FeatureRunner.java:18)
	at org.junit.runners.ParentRunner$3.run(ParentRunner.java:238)
	at org.junit.runners.ParentRunner$1.schedule(ParentRunner.java:63)
	at org.junit.runners.ParentRunner.runChildren(ParentRunner.java:236)
	at org.junit.runners.ParentRunner.access$000(ParentRunner.java:53)
	at org.junit.runners.ParentRunner$2.evaluate(ParentRunner.java:229)
	at org.junit.runners.ParentRunner.run(ParentRunner.java:309)
	at cucumber.runtime.junit.FeatureRunner.run(FeatureRunner.java:70)
	at cucumber.api.junit.Cucumber.runChild(Cucumber.java:93)
	at cucumber.api.junit.Cucumber.runChild(Cucumber.java:37)
	at org.junit.runners.ParentRunner$3.run(ParentRunner.java:238)
	at org.junit.runners.ParentRunner$1.schedule(ParentRunner.java:63)
	at org.junit.runners.ParentRunner.runChildren(ParentRunner.java:236)
	at org.junit.runners.ParentRunner.access$000(ParentRunner.java:53)
	at org.junit.runners.ParentRunner$2.evaluate(ParentRunner.java:229)
	at org.junit.runners.ParentRunner.run(ParentRunner.java:309)
	at cucumber.api.junit.Cucumber.run(Cucumber.java:98)
	at org.junit.runners.Suite.runChild(Suite.java:127)
	at org.junit.runners.Suite.runChild(Suite.java:26)
	at org.junit.runners.ParentRunner$3.run(ParentRunner.java:238)
	at org.junit.runners.ParentRunner$1.schedule(ParentRunner.java:63)
	at org.junit.runners.ParentRunner.runChildren(ParentRunner.java:236)
	at org.junit.runners.ParentRunner.access$000(ParentRunner.java:53)
	at org.junit.runners.ParentRunner$2.evaluate(ParentRunner.java:229)
	at org.junit.runners.ParentRunner.run(ParentRunner.java:309)
	at org.junit.runner.JUnitCore.run(JUnitCore.java:160)
	at org.junit.runner.JUnitCore.run(JUnitCore.java:138)
	at org.apache.maven.surefire.junitcore.JUnitCoreWrapper.createRequestAndRun(JUnitCoreWrapper.java:107)
	at org.apache.maven.surefire.junitcore.JUnitCoreWrapper.executeEager(JUnitCoreWrapper.java:77)
	at org.apache.maven.surefire.junitcore.JUnitCoreWrapper.execute(JUnitCoreWrapper.java:53)
	at org.apache.maven.surefire.junitcore.JUnitCoreProvider.invoke(JUnitCoreProvider.java:144)
	at org.apache.maven.surefire.booter.ForkedBooter.invokeProviderInSameClassLoader(ForkedBooter.java:203)
	at org.apache.maven.surefire.booter.ForkedBooter.runSuitesInProcess(ForkedBooter.java:155)
	at org.apache.maven.surefire.booter.ForkedBooter.main(ForkedBooter.java:103)
</error>
    <system-out><![CDATA[driver already initialized
]]></system-out>
    <system-err><![CDATA[unexpected alert open: {Alert text : There was a problem updating 1 or more record(s) due to  time overlaps.}
  (Session info: chrome=84.0.4147.89)
  (Driver info: chromedriver=84.0.4147.30 (48b3e868b4cc0aa7e8149519690b6f6949e110a8-refs/branch-heads/4147@{#310}),platform=Windows NT 10.0.18362 x86_64) (WARNING: The server did not provide any stacktrace information)
Command duration or timeout: 2 milliseconds: null
Build info: version: '2.44.0', revision: '76d78cf323ce037c5f92db6c1bba601c2ac43ad8', time: '2014-10-23 13:11:40'
System info: host: 'PIS076', ip: '192.168.20.24', os.name: 'Windows 10', os.arch: 'amd64', os.version: '10.0', java.version: '1.8.0_251'
Driver info: org.openqa.selenium.chrome.ChromeDriver
Capabilities [{mobileEmulationEnabled=false, timeouts={implicit=0, pageLoad=300000, script=30000}, hasTouchScreen=false, platform=XP, acceptSslCerts=false, goog:chromeOptions={debuggerAddress=localhost:53632}, acceptInsecureCerts=false, webStorageEnabled=true, browserName=chrome, takesScreenshot=true, javascriptEnabled=true, setWindowRect=true, unexpectedAlertBehaviour=ignore, applicationCacheEnabled=false, rotatable=false, networkConnectionEnabled=false, chrome={chromedriverVersion=84.0.4147.30 (48b3e868b4cc0aa7e8149519690b6f6949e110a8-refs/branch-heads/4147@{#310}), userDataDir=C:\Users\schandan\AppData\Local\Temp\scoped_dir10852_1795962031}, takesHeapSnapshot=true, pageLoadStrategy=normal, strictFileInteractability=false, databaseEnabled=false, handlesAlerts=true, version=84.0.4147.89, browserConnectionEnabled=false, proxy={}, nativeEvents=true, locationContextEnabled=true, cssSelectorsEnabled=true, webauthn:virtualAuthenticators=true}]
Session ID: 92bd800b0db149d26eea4acf383fe7d5
]]></system-err>
  </testcase>
  <testcase name="Given Launch Browser and Open webClock" classname="Scenario: Webclcok Break Stop" time="0">
    <skipped/>
  </testcase>
  <testcase name="When enter valid Employee credentials at webclock" classname="Scenario: Webclcok Break Stop" time="0">
    <skipped/>
  </testcase>
  <testcase name="Then check Break Stop" classname="Scenario: Webclcok Break Stop" time="0">
    <skipped/>
  </testcase>
  <testcase name="Scenario: Webclcok Project Time" classname="Scenario: Webclcok Project Time" time="0.009">
    <error message="unexpected alert open: {Alert text : There was a problem updating 1 or more record(s) due to  time overlaps.}&#10;  (Session info: chrome=84.0.4147.89)&#10;  (Driver info: chromedriver=84.0.4147.30 (48b3e868b4cc0aa7e8149519690b6f6949e110a8-refs/branch-heads/4147@{#310}),platform=Windows NT 10.0.18362 x86_64) (WARNING: The server did not provide any stacktrace information)&#10;Command duration or timeout: 4 milliseconds: null&#10;Build info: version: &apos;2.44.0&apos;, revision: &apos;76d78cf323ce037c5f92db6c1bba601c2ac43ad8&apos;, time: &apos;2014-10-23 13:11:40&apos;&#10;System info: host: &apos;PIS076&apos;, ip: &apos;192.168.20.24&apos;, os.name: &apos;Windows 10&apos;, os.arch: &apos;amd64&apos;, os.version: &apos;10.0&apos;, java.version: &apos;1.8.0_251&apos;&#10;Driver info: org.openqa.selenium.chrome.ChromeDriver&#10;Capabilities [{mobileEmulationEnabled=false, timeouts={implicit=0, pageLoad=300000, script=30000}, hasTouchScreen=false, platform=XP, acceptSslCerts=false, goog:chromeOptions={debuggerAddress=localhost:53632}, acceptInsecureCerts=false, webStorageEnabled=true, browserName=chrome, takesScreenshot=true, javascriptEnabled=true, setWindowRect=true, unexpectedAlertBehaviour=ignore, applicationCacheEnabled=false, rotatable=false, networkConnectionEnabled=false, chrome={chromedriverVersion=84.0.4147.30 (48b3e868b4cc0aa7e8149519690b6f6949e110a8-refs/branch-heads/4147@{#310}), userDataDir=C:\Users\schandan\AppData\Local\Temp\scoped_dir10852_1795962031}, takesHeapSnapshot=true, pageLoadStrategy=normal, strictFileInteractability=false, databaseEnabled=false, handlesAlerts=true, version=84.0.4147.89, browserConnectionEnabled=false, proxy={}, nativeEvents=true, locationContextEnabled=true, cssSelectorsEnabled=true, webauthn:virtualAuthenticators=true}]&#10;Session ID: 92bd800b0db149d26eea4acf383fe7d5" type="org.openqa.selenium.UnhandledAlertException">org.openqa.selenium.UnhandledAlertException: unexpected alert open: {Alert text : There was a problem updating 1 or more record(s) due to  time overlaps.}
  (Session info: chrome=84.0.4147.89)
  (Driver info: chromedriver=84.0.4147.30 (48b3e868b4cc0aa7e8149519690b6f6949e110a8-refs/branch-heads/4147@{#310}),platform=Windows NT 10.0.18362 x86_64) (WARNING: The server did not provide any stacktrace information)
Command duration or timeout: 4 milliseconds: null
Build info: version: '2.44.0', revision: '76d78cf323ce037c5f92db6c1bba601c2ac43ad8', time: '2014-10-23 13:11:40'
System info: host: 'PIS076', ip: '192.168.20.24', os.name: 'Windows 10', os.arch: 'amd64', os.version: '10.0', java.version: '1.8.0_251'
Driver info: org.openqa.selenium.chrome.ChromeDriver
Capabilities [{mobileEmulationEnabled=false, timeouts={implicit=0, pageLoad=300000, script=30000}, hasTouchScreen=false, platform=XP, acceptSslCerts=false, goog:chromeOptions={debuggerAddress=localhost:53632}, acceptInsecureCerts=false, webStorageEnabled=true, browserName=chrome, takesScreenshot=true, javascriptEnabled=true, setWindowRect=true, unexpectedAlertBehaviour=ignore, applicationCacheEnabled=false, rotatable=false, networkConnectionEnabled=false, chrome={chromedriverVersion=84.0.4147.30 (48b3e868b4cc0aa7e8149519690b6f6949e110a8-refs/branch-heads/4147@{#310}), userDataDir=C:\Users\schandan\AppData\Local\Temp\scoped_dir10852_1795962031}, takesHeapSnapshot=true, pageLoadStrategy=normal, strictFileInteractability=false, databaseEnabled=false, handlesAlerts=true, version=84.0.4147.89, browserConnectionEnabled=false, proxy={}, nativeEvents=true, locationContextEnabled=true, cssSelectorsEnabled=true, webauthn:virtualAuthenticators=true}]
Session ID: 92bd800b0db149d26eea4acf383fe7d5
	at sun.reflect.GeneratedConstructorAccessor18.newInstance(Unknown Source)
	at sun.reflect.DelegatingConstructorAccessorImpl.newInstance(DelegatingConstructorAccessorImpl.java:45)
	at java.lang.reflect.Constructor.newInstance(Constructor.java:423)
	at org.openqa.selenium.remote.ErrorHandler.createThrowable(ErrorHandler.java:204)
	at org.openqa.selenium.remote.ErrorHandler.throwIfResponseFailed(ErrorHandler.java:162)
	at org.openqa.selenium.remote.RemoteWebDriver.execute(RemoteWebDriver.java:599)
	at org.openqa.selenium.remote.RemoteWebDriver$RemoteWebDriverOptions$RemoteWindow.maximize(RemoteWebDriver.java:829)
	at stepDef.UtilityDriver.inibrowser(UtilityDriver.java:55)
	at stepDef.Hooks.openBrowser(Hooks.java:27)
	at sun.reflect.GeneratedMethodAccessor18.invoke(Unknown Source)
	at sun.reflect.DelegatingMethodAccessorImpl.invoke(DelegatingMethodAccessorImpl.java:43)
	at java.lang.reflect.Method.invoke(Method.java:498)
	at cucumber.runtime.Utils$1.call(Utils.java:34)
	at cucumber.runtime.Timeout.timeout(Timeout.java:13)
	at cucumber.runtime.Utils.invoke(Utils.java:30)
	at cucumber.runtime.java.JavaHookDefinition.execute(JavaHookDefinition.java:59)
	at cucumber.runtime.Runtime.runHookIfTagsMatch(Runtime.java:222)
	at cucumber.runtime.Runtime.runHooks(Runtime.java:210)
	at cucumber.runtime.Runtime.runBeforeHooks(Runtime.java:200)
	at cucumber.runtime.model.CucumberScenario.run(CucumberScenario.java:44)
	at cucumber.runtime.junit.ExecutionUnitRunner.run(ExecutionUnitRunner.java:91)
	at cucumber.runtime.junit.FeatureRunner.runChild(FeatureRunner.java:63)
	at cucumber.runtime.junit.FeatureRunner.runChild(FeatureRunner.java:18)
	at org.junit.runners.ParentRunner$3.run(ParentRunner.java:238)
	at org.junit.runners.ParentRunner$1.schedule(ParentRunner.java:63)
	at org.junit.runners.ParentRunner.runChildren(ParentRunner.java:236)
	at org.junit.runners.ParentRunner.access$000(ParentRunner.java:53)
	at org.junit.runners.ParentRunner$2.evaluate(ParentRunner.java:229)
	at org.junit.runners.ParentRunner.run(ParentRunner.java:309)
	at cucumber.runtime.junit.FeatureRunner.run(FeatureRunner.java:70)
	at cucumber.api.junit.Cucumber.runChild(Cucumber.java:93)
	at cucumber.api.junit.Cucumber.runChild(Cucumber.java:37)
	at org.junit.runners.ParentRunner$3.run(ParentRunner.java:238)
	at org.junit.runners.ParentRunner$1.schedule(ParentRunner.java:63)
	at org.junit.runners.ParentRunner.runChildren(ParentRunner.java:236)
	at org.junit.runners.ParentRunner.access$000(ParentRunner.java:53)
	at org.junit.runners.ParentRunner$2.evaluate(ParentRunner.java:229)
	at org.junit.runners.ParentRunner.run(ParentRunner.java:309)
	at cucumber.api.junit.Cucumber.run(Cucumber.java:98)
	at org.junit.runners.Suite.runChild(Suite.java:127)
	at org.junit.runners.Suite.runChild(Suite.java:26)
	at org.junit.runners.ParentRunner$3.run(ParentRunner.java:238)
	at org.junit.runners.ParentRunner$1.schedule(ParentRunner.java:63)
	at org.junit.runners.ParentRunner.runChildren(ParentRunner.java:236)
	at org.junit.runners.ParentRunner.access$000(ParentRunner.java:53)
	at org.junit.runners.ParentRunner$2.evaluate(ParentRunner.java:229)
	at org.junit.runners.ParentRunner.run(ParentRunner.java:309)
	at org.junit.runner.JUnitCore.run(JUnitCore.java:160)
	at org.junit.runner.JUnitCore.run(JUnitCore.java:138)
	at org.apache.maven.surefire.junitcore.JUnitCoreWrapper.createRequestAndRun(JUnitCoreWrapper.java:107)
	at org.apache.maven.surefire.junitcore.JUnitCoreWrapper.executeEager(JUnitCoreWrapper.java:77)
	at org.apache.maven.surefire.junitcore.JUnitCoreWrapper.execute(JUnitCoreWrapper.java:53)
	at org.apache.maven.surefire.junitcore.JUnitCoreProvider.invoke(JUnitCoreProvider.java:144)
	at org.apache.maven.surefire.booter.ForkedBooter.invokeProviderInSameClassLoader(ForkedBooter.java:203)
	at org.apache.maven.surefire.booter.ForkedBooter.runSuitesInProcess(ForkedBooter.java:155)
	at org.apache.maven.surefire.booter.ForkedBooter.main(ForkedBooter.java:103)
</error>
    <system-out><![CDATA[driver already initialized
]]></system-out>
    <system-err><![CDATA[unexpected alert open: {Alert text : There was a problem updating 1 or more record(s) due to  time overlaps.}
  (Session info: chrome=84.0.4147.89)
  (Driver info: chromedriver=84.0.4147.30 (48b3e868b4cc0aa7e8149519690b6f6949e110a8-refs/branch-heads/4147@{#310}),platform=Windows NT 10.0.18362 x86_64) (WARNING: The server did not provide any stacktrace information)
Command duration or timeout: 2 milliseconds: null
Build info: version: '2.44.0', revision: '76d78cf323ce037c5f92db6c1bba601c2ac43ad8', time: '2014-10-23 13:11:40'
System info: host: 'PIS076', ip: '192.168.20.24', os.name: 'Windows 10', os.arch: 'amd64', os.version: '10.0', java.version: '1.8.0_251'
Driver info: org.openqa.selenium.chrome.ChromeDriver
Capabilities [{mobileEmulationEnabled=false, timeouts={implicit=0, pageLoad=300000, script=30000}, hasTouchScreen=false, platform=XP, acceptSslCerts=false, goog:chromeOptions={debuggerAddress=localhost:53632}, acceptInsecureCerts=false, webStorageEnabled=true, browserName=chrome, takesScreenshot=true, javascriptEnabled=true, setWindowRect=true, unexpectedAlertBehaviour=ignore, applicationCacheEnabled=false, rotatable=false, networkConnectionEnabled=false, chrome={chromedriverVersion=84.0.4147.30 (48b3e868b4cc0aa7e8149519690b6f6949e110a8-refs/branch-heads/4147@{#310}), userDataDir=C:\Users\schandan\AppData\Local\Temp\scoped_dir10852_1795962031}, takesHeapSnapshot=true, pageLoadStrategy=normal, strictFileInteractability=false, databaseEnabled=false, handlesAlerts=true, version=84.0.4147.89, browserConnectionEnabled=false, proxy={}, nativeEvents=true, locationContextEnabled=true, cssSelectorsEnabled=true, webauthn:virtualAuthenticators=true}]
Session ID: 92bd800b0db149d26eea4acf383fe7d5
]]></system-err>
  </testcase>
  <testcase name="Given Launch Browser and Open webClock" classname="Scenario: Webclcok Project Time" time="0">
    <skipped/>
  </testcase>
  <testcase name="When enter valid Employee credentials at webclock" classname="Scenario: Webclcok Project Time" time="0">
    <skipped/>
  </testcase>
  <testcase name="Then check Project Time" classname="Scenario: Webclcok Project Time" time="0">
    <skipped/>
  </testcase>
  <testcase name="Scenario: Webclcok Employee Last Punch" classname="Scenario: Webclcok Employee Last Punch" time="0.012">
    <error message="unexpected alert open: {Alert text : There was a problem updating 1 or more record(s) due to  time overlaps.}&#10;  (Session info: chrome=84.0.4147.89)&#10;  (Driver info: chromedriver=84.0.4147.30 (48b3e868b4cc0aa7e8149519690b6f6949e110a8-refs/branch-heads/4147@{#310}),platform=Windows NT 10.0.18362 x86_64) (WARNING: The server did not provide any stacktrace information)&#10;Command duration or timeout: 1 milliseconds: null&#10;Build info: version: &apos;2.44.0&apos;, revision: &apos;76d78cf323ce037c5f92db6c1bba601c2ac43ad8&apos;, time: &apos;2014-10-23 13:11:40&apos;&#10;System info: host: &apos;PIS076&apos;, ip: &apos;192.168.20.24&apos;, os.name: &apos;Windows 10&apos;, os.arch: &apos;amd64&apos;, os.version: &apos;10.0&apos;, java.version: &apos;1.8.0_251&apos;&#10;Driver info: org.openqa.selenium.chrome.ChromeDriver&#10;Capabilities [{mobileEmulationEnabled=false, timeouts={implicit=0, pageLoad=300000, script=30000}, hasTouchScreen=false, platform=XP, acceptSslCerts=false, goog:chromeOptions={debuggerAddress=localhost:53632}, acceptInsecureCerts=false, webStorageEnabled=true, browserName=chrome, takesScreenshot=true, javascriptEnabled=true, setWindowRect=true, unexpectedAlertBehaviour=ignore, applicationCacheEnabled=false, rotatable=false, networkConnectionEnabled=false, chrome={chromedriverVersion=84.0.4147.30 (48b3e868b4cc0aa7e8149519690b6f6949e110a8-refs/branch-heads/4147@{#310}), userDataDir=C:\Users\schandan\AppData\Local\Temp\scoped_dir10852_1795962031}, takesHeapSnapshot=true, pageLoadStrategy=normal, strictFileInteractability=false, databaseEnabled=false, handlesAlerts=true, version=84.0.4147.89, browserConnectionEnabled=false, proxy={}, nativeEvents=true, locationContextEnabled=true, cssSelectorsEnabled=true, webauthn:virtualAuthenticators=true}]&#10;Session ID: 92bd800b0db149d26eea4acf383fe7d5" type="org.openqa.selenium.UnhandledAlertException">org.openqa.selenium.UnhandledAlertException: unexpected alert open: {Alert text : There was a problem updating 1 or more record(s) due to  time overlaps.}
  (Session info: chrome=84.0.4147.89)
  (Driver info: chromedriver=84.0.4147.30 (48b3e868b4cc0aa7e8149519690b6f6949e110a8-refs/branch-heads/4147@{#310}),platform=Windows NT 10.0.18362 x86_64) (WARNING: The server did not provide any stacktrace information)
Command duration or timeout: 1 milliseconds: null
Build info: version: '2.44.0', revision: '76d78cf323ce037c5f92db6c1bba601c2ac43ad8', time: '2014-10-23 13:11:40'
System info: host: 'PIS076', ip: '192.168.20.24', os.name: 'Windows 10', os.arch: 'amd64', os.version: '10.0', java.version: '1.8.0_251'
Driver info: org.openqa.selenium.chrome.ChromeDriver
Capabilities [{mobileEmulationEnabled=false, timeouts={implicit=0, pageLoad=300000, script=30000}, hasTouchScreen=false, platform=XP, acceptSslCerts=false, goog:chromeOptions={debuggerAddress=localhost:53632}, acceptInsecureCerts=false, webStorageEnabled=true, browserName=chrome, takesScreenshot=true, javascriptEnabled=true, setWindowRect=true, unexpectedAlertBehaviour=ignore, applicationCacheEnabled=false, rotatable=false, networkConnectionEnabled=false, chrome={chromedriverVersion=84.0.4147.30 (48b3e868b4cc0aa7e8149519690b6f6949e110a8-refs/branch-heads/4147@{#310}), userDataDir=C:\Users\schandan\AppData\Local\Temp\scoped_dir10852_1795962031}, takesHeapSnapshot=true, pageLoadStrategy=normal, strictFileInteractability=false, databaseEnabled=false, handlesAlerts=true, version=84.0.4147.89, browserConnectionEnabled=false, proxy={}, nativeEvents=true, locationContextEnabled=true, cssSelectorsEnabled=true, webauthn:virtualAuthenticators=true}]
Session ID: 92bd800b0db149d26eea4acf383fe7d5
	at sun.reflect.GeneratedConstructorAccessor18.newInstance(Unknown Source)
	at sun.reflect.DelegatingConstructorAccessorImpl.newInstance(DelegatingConstructorAccessorImpl.java:45)
	at java.lang.reflect.Constructor.newInstance(Constructor.java:423)
	at org.openqa.selenium.remote.ErrorHandler.createThrowable(ErrorHandler.java:204)
	at org.openqa.selenium.remote.ErrorHandler.throwIfResponseFailed(ErrorHandler.java:162)
	at org.openqa.selenium.remote.RemoteWebDriver.execute(RemoteWebDriver.java:599)
	at org.openqa.selenium.remote.RemoteWebDriver$RemoteWebDriverOptions$RemoteWindow.maximize(RemoteWebDriver.java:829)
	at stepDef.UtilityDriver.inibrowser(UtilityDriver.java:55)
	at stepDef.Hooks.openBrowser(Hooks.java:27)
	at sun.reflect.GeneratedMethodAccessor18.invoke(Unknown Source)
	at sun.reflect.DelegatingMethodAccessorImpl.invoke(DelegatingMethodAccessorImpl.java:43)
	at java.lang.reflect.Method.invoke(Method.java:498)
	at cucumber.runtime.Utils$1.call(Utils.java:34)
	at cucumber.runtime.Timeout.timeout(Timeout.java:13)
	at cucumber.runtime.Utils.invoke(Utils.java:30)
	at cucumber.runtime.java.JavaHookDefinition.execute(JavaHookDefinition.java:59)
	at cucumber.runtime.Runtime.runHookIfTagsMatch(Runtime.java:222)
	at cucumber.runtime.Runtime.runHooks(Runtime.java:210)
	at cucumber.runtime.Runtime.runBeforeHooks(Runtime.java:200)
	at cucumber.runtime.model.CucumberScenario.run(CucumberScenario.java:44)
	at cucumber.runtime.junit.ExecutionUnitRunner.run(ExecutionUnitRunner.java:91)
	at cucumber.runtime.junit.FeatureRunner.runChild(FeatureRunner.java:63)
	at cucumber.runtime.junit.FeatureRunner.runChild(FeatureRunner.java:18)
	at org.junit.runners.ParentRunner$3.run(ParentRunner.java:238)
	at org.junit.runners.ParentRunner$1.schedule(ParentRunner.java:63)
	at org.junit.runners.ParentRunner.runChildren(ParentRunner.java:236)
	at org.junit.runners.ParentRunner.access$000(ParentRunner.java:53)
	at org.junit.runners.ParentRunner$2.evaluate(ParentRunner.java:229)
	at org.junit.runners.ParentRunner.run(ParentRunner.java:309)
	at cucumber.runtime.junit.FeatureRunner.run(FeatureRunner.java:70)
	at cucumber.api.junit.Cucumber.runChild(Cucumber.java:93)
	at cucumber.api.junit.Cucumber.runChild(Cucumber.java:37)
	at org.junit.runners.ParentRunner$3.run(ParentRunner.java:238)
	at org.junit.runners.ParentRunner$1.schedule(ParentRunner.java:63)
	at org.junit.runners.ParentRunner.runChildren(ParentRunner.java:236)
	at org.junit.runners.ParentRunner.access$000(ParentRunner.java:53)
	at org.junit.runners.ParentRunner$2.evaluate(ParentRunner.java:229)
	at org.junit.runners.ParentRunner.run(ParentRunner.java:309)
	at cucumber.api.junit.Cucumber.run(Cucumber.java:98)
	at org.junit.runners.Suite.runChild(Suite.java:127)
	at org.junit.runners.Suite.runChild(Suite.java:26)
	at org.junit.runners.ParentRunner$3.run(ParentRunner.java:238)
	at org.junit.runners.ParentRunner$1.schedule(ParentRunner.java:63)
	at org.junit.runners.ParentRunner.runChildren(ParentRunner.java:236)
	at org.junit.runners.ParentRunner.access$000(ParentRunner.java:53)
	at org.junit.runners.ParentRunner$2.evaluate(ParentRunner.java:229)
	at org.junit.runners.ParentRunner.run(ParentRunner.java:309)
	at org.junit.runner.JUnitCore.run(JUnitCore.java:160)
	at org.junit.runner.JUnitCore.run(JUnitCore.java:138)
	at org.apache.maven.surefire.junitcore.JUnitCoreWrapper.createRequestAndRun(JUnitCoreWrapper.java:107)
	at org.apache.maven.surefire.junitcore.JUnitCoreWrapper.executeEager(JUnitCoreWrapper.java:77)
	at org.apache.maven.surefire.junitcore.JUnitCoreWrapper.execute(JUnitCoreWrapper.java:53)
	at org.apache.maven.surefire.junitcore.JUnitCoreProvider.invoke(JUnitCoreProvider.java:144)
	at org.apache.maven.surefire.booter.ForkedBooter.invokeProviderInSameClassLoader(ForkedBooter.java:203)
	at org.apache.maven.surefire.booter.ForkedBooter.runSuitesInProcess(ForkedBooter.java:155)
	at org.apache.maven.surefire.booter.ForkedBooter.main(ForkedBooter.java:103)
</error>
    <system-out><![CDATA[driver already initialized
]]></system-out>
    <system-err><![CDATA[unexpected alert open: {Alert text : There was a problem updating 1 or more record(s) due to  time overlaps.}
  (Session info: chrome=84.0.4147.89)
  (Driver info: chromedriver=84.0.4147.30 (48b3e868b4cc0aa7e8149519690b6f6949e110a8-refs/branch-heads/4147@{#310}),platform=Windows NT 10.0.18362 x86_64) (WARNING: The server did not provide any stacktrace information)
Command duration or timeout: 6 milliseconds: null
Build info: version: '2.44.0', revision: '76d78cf323ce037c5f92db6c1bba601c2ac43ad8', time: '2014-10-23 13:11:40'
System info: host: 'PIS076', ip: '192.168.20.24', os.name: 'Windows 10', os.arch: 'amd64', os.version: '10.0', java.version: '1.8.0_251'
Driver info: org.openqa.selenium.chrome.ChromeDriver
Capabilities [{mobileEmulationEnabled=false, timeouts={implicit=0, pageLoad=300000, script=30000}, hasTouchScreen=false, platform=XP, acceptSslCerts=false, goog:chromeOptions={debuggerAddress=localhost:53632}, acceptInsecureCerts=false, webStorageEnabled=true, browserName=chrome, takesScreenshot=true, javascriptEnabled=true, setWindowRect=true, unexpectedAlertBehaviour=ignore, applicationCacheEnabled=false, rotatable=false, networkConnectionEnabled=false, chrome={chromedriverVersion=84.0.4147.30 (48b3e868b4cc0aa7e8149519690b6f6949e110a8-refs/branch-heads/4147@{#310}), userDataDir=C:\Users\schandan\AppData\Local\Temp\scoped_dir10852_1795962031}, takesHeapSnapshot=true, pageLoadStrategy=normal, strictFileInteractability=false, databaseEnabled=false, handlesAlerts=true, version=84.0.4147.89, browserConnectionEnabled=false, proxy={}, nativeEvents=true, locationContextEnabled=true, cssSelectorsEnabled=true, webauthn:virtualAuthenticators=true}]
Session ID: 92bd800b0db149d26eea4acf383fe7d5
]]></system-err>
  </testcase>
  <testcase name="Given Launch Browser and Open webClock" classname="Scenario: Webclcok Employee Last Punch" time="0">
    <skipped/>
  </testcase>
  <testcase name="When enter valid Employee credentials at webclock" classname="Scenario: Webclcok Employee Last Punch" time="0">
    <skipped/>
  </testcase>
  <testcase name="Then check Last Punch" classname="Scenario: Webclcok Employee Last Punch" time="0">
    <skipped/>
  </testcase>
  <testcase name="Scenario: Webclcok Employee Hours this payperiod" classname="Scenario: Webclcok Employee Hours this payperiod" time="0.009">
    <error message="unexpected alert open: {Alert text : There was a problem updating 1 or more record(s) due to  time overlaps.}&#10;  (Session info: chrome=84.0.4147.89)&#10;  (Driver info: chromedriver=84.0.4147.30 (48b3e868b4cc0aa7e8149519690b6f6949e110a8-refs/branch-heads/4147@{#310}),platform=Windows NT 10.0.18362 x86_64) (WARNING: The server did not provide any stacktrace information)&#10;Command duration or timeout: 1 milliseconds: null&#10;Build info: version: &apos;2.44.0&apos;, revision: &apos;76d78cf323ce037c5f92db6c1bba601c2ac43ad8&apos;, time: &apos;2014-10-23 13:11:40&apos;&#10;System info: host: &apos;PIS076&apos;, ip: &apos;192.168.20.24&apos;, os.name: &apos;Windows 10&apos;, os.arch: &apos;amd64&apos;, os.version: &apos;10.0&apos;, java.version: &apos;1.8.0_251&apos;&#10;Driver info: org.openqa.selenium.chrome.ChromeDriver&#10;Capabilities [{mobileEmulationEnabled=false, timeouts={implicit=0, pageLoad=300000, script=30000}, hasTouchScreen=false, platform=XP, acceptSslCerts=false, goog:chromeOptions={debuggerAddress=localhost:53632}, acceptInsecureCerts=false, webStorageEnabled=true, browserName=chrome, takesScreenshot=true, javascriptEnabled=true, setWindowRect=true, unexpectedAlertBehaviour=ignore, applicationCacheEnabled=false, rotatable=false, networkConnectionEnabled=false, chrome={chromedriverVersion=84.0.4147.30 (48b3e868b4cc0aa7e8149519690b6f6949e110a8-refs/branch-heads/4147@{#310}), userDataDir=C:\Users\schandan\AppData\Local\Temp\scoped_dir10852_1795962031}, takesHeapSnapshot=true, pageLoadStrategy=normal, strictFileInteractability=false, databaseEnabled=false, handlesAlerts=true, version=84.0.4147.89, browserConnectionEnabled=false, proxy={}, nativeEvents=true, locationContextEnabled=true, cssSelectorsEnabled=true, webauthn:virtualAuthenticators=true}]&#10;Session ID: 92bd800b0db149d26eea4acf383fe7d5" type="org.openqa.selenium.UnhandledAlertException">org.openqa.selenium.UnhandledAlertException: unexpected alert open: {Alert text : There was a problem updating 1 or more record(s) due to  time overlaps.}
  (Session info: chrome=84.0.4147.89)
  (Driver info: chromedriver=84.0.4147.30 (48b3e868b4cc0aa7e8149519690b6f6949e110a8-refs/branch-heads/4147@{#310}),platform=Windows NT 10.0.18362 x86_64) (WARNING: The server did not provide any stacktrace information)
Command duration or timeout: 1 milliseconds: null
Build info: version: '2.44.0', revision: '76d78cf323ce037c5f92db6c1bba601c2ac43ad8', time: '2014-10-23 13:11:40'
System info: host: 'PIS076', ip: '192.168.20.24', os.name: 'Windows 10', os.arch: 'amd64', os.version: '10.0', java.version: '1.8.0_251'
Driver info: org.openqa.selenium.chrome.ChromeDriver
Capabilities [{mobileEmulationEnabled=false, timeouts={implicit=0, pageLoad=300000, script=30000}, hasTouchScreen=false, platform=XP, acceptSslCerts=false, goog:chromeOptions={debuggerAddress=localhost:53632}, acceptInsecureCerts=false, webStorageEnabled=true, browserName=chrome, takesScreenshot=true, javascriptEnabled=true, setWindowRect=true, unexpectedAlertBehaviour=ignore, applicationCacheEnabled=false, rotatable=false, networkConnectionEnabled=false, chrome={chromedriverVersion=84.0.4147.30 (48b3e868b4cc0aa7e8149519690b6f6949e110a8-refs/branch-heads/4147@{#310}), userDataDir=C:\Users\schandan\AppData\Local\Temp\scoped_dir10852_1795962031}, takesHeapSnapshot=true, pageLoadStrategy=normal, strictFileInteractability=false, databaseEnabled=false, handlesAlerts=true, version=84.0.4147.89, browserConnectionEnabled=false, proxy={}, nativeEvents=true, locationContextEnabled=true, cssSelectorsEnabled=true, webauthn:virtualAuthenticators=true}]
Session ID: 92bd800b0db149d26eea4acf383fe7d5
	at sun.reflect.GeneratedConstructorAccessor18.newInstance(Unknown Source)
	at sun.reflect.DelegatingConstructorAccessorImpl.newInstance(DelegatingConstructorAccessorImpl.java:45)
	at java.lang.reflect.Constructor.newInstance(Constructor.java:423)
	at org.openqa.selenium.remote.ErrorHandler.createThrowable(ErrorHandler.java:204)
	at org.openqa.selenium.remote.ErrorHandler.throwIfResponseFailed(ErrorHandler.java:162)
	at org.openqa.selenium.remote.RemoteWebDriver.execute(RemoteWebDriver.java:599)
	at org.openqa.selenium.remote.RemoteWebDriver$RemoteWebDriverOptions$RemoteWindow.maximize(RemoteWebDriver.java:829)
	at stepDef.UtilityDriver.inibrowser(UtilityDriver.java:55)
	at stepDef.Hooks.openBrowser(Hooks.java:27)
	at sun.reflect.GeneratedMethodAccessor18.invoke(Unknown Source)
	at sun.reflect.DelegatingMethodAccessorImpl.invoke(DelegatingMethodAccessorImpl.java:43)
	at java.lang.reflect.Method.invoke(Method.java:498)
	at cucumber.runtime.Utils$1.call(Utils.java:34)
	at cucumber.runtime.Timeout.timeout(Timeout.java:13)
	at cucumber.runtime.Utils.invoke(Utils.java:30)
	at cucumber.runtime.java.JavaHookDefinition.execute(JavaHookDefinition.java:59)
	at cucumber.runtime.Runtime.runHookIfTagsMatch(Runtime.java:222)
	at cucumber.runtime.Runtime.runHooks(Runtime.java:210)
	at cucumber.runtime.Runtime.runBeforeHooks(Runtime.java:200)
	at cucumber.runtime.model.CucumberScenario.run(CucumberScenario.java:44)
	at cucumber.runtime.junit.ExecutionUnitRunner.run(ExecutionUnitRunner.java:91)
	at cucumber.runtime.junit.FeatureRunner.runChild(FeatureRunner.java:63)
	at cucumber.runtime.junit.FeatureRunner.runChild(FeatureRunner.java:18)
	at org.junit.runners.ParentRunner$3.run(ParentRunner.java:238)
	at org.junit.runners.ParentRunner$1.schedule(ParentRunner.java:63)
	at org.junit.runners.ParentRunner.runChildren(ParentRunner.java:236)
	at org.junit.runners.ParentRunner.access$000(ParentRunner.java:53)
	at org.junit.runners.ParentRunner$2.evaluate(ParentRunner.java:229)
	at org.junit.runners.ParentRunner.run(ParentRunner.java:309)
	at cucumber.runtime.junit.FeatureRunner.run(FeatureRunner.java:70)
	at cucumber.api.junit.Cucumber.runChild(Cucumber.java:93)
	at cucumber.api.junit.Cucumber.runChild(Cucumber.java:37)
	at org.junit.runners.ParentRunner$3.run(ParentRunner.java:238)
	at org.junit.runners.ParentRunner$1.schedule(ParentRunner.java:63)
	at org.junit.runners.ParentRunner.runChildren(ParentRunner.java:236)
	at org.junit.runners.ParentRunner.access$000(ParentRunner.java:53)
	at org.junit.runners.ParentRunner$2.evaluate(ParentRunner.java:229)
	at org.junit.runners.ParentRunner.run(ParentRunner.java:309)
	at cucumber.api.junit.Cucumber.run(Cucumber.java:98)
	at org.junit.runners.Suite.runChild(Suite.java:127)
	at org.junit.runners.Suite.runChild(Suite.java:26)
	at org.junit.runners.ParentRunner$3.run(ParentRunner.java:238)
	at org.junit.runners.ParentRunner$1.schedule(ParentRunner.java:63)
	at org.junit.runners.ParentRunner.runChildren(ParentRunner.java:236)
	at org.junit.runners.ParentRunner.access$000(ParentRunner.java:53)
	at org.junit.runners.ParentRunner$2.evaluate(ParentRunner.java:229)
	at org.junit.runners.ParentRunner.run(ParentRunner.java:309)
	at org.junit.runner.JUnitCore.run(JUnitCore.java:160)
	at org.junit.runner.JUnitCore.run(JUnitCore.java:138)
	at org.apache.maven.surefire.junitcore.JUnitCoreWrapper.createRequestAndRun(JUnitCoreWrapper.java:107)
	at org.apache.maven.surefire.junitcore.JUnitCoreWrapper.executeEager(JUnitCoreWrapper.java:77)
	at org.apache.maven.surefire.junitcore.JUnitCoreWrapper.execute(JUnitCoreWrapper.java:53)
	at org.apache.maven.surefire.junitcore.JUnitCoreProvider.invoke(JUnitCoreProvider.java:144)
	at org.apache.maven.surefire.booter.ForkedBooter.invokeProviderInSameClassLoader(ForkedBooter.java:203)
	at org.apache.maven.surefire.booter.ForkedBooter.runSuitesInProcess(ForkedBooter.java:155)
	at org.apache.maven.surefire.booter.ForkedBooter.main(ForkedBooter.java:103)
</error>
    <system-out><![CDATA[driver already initialized
]]></system-out>
    <system-err><![CDATA[unexpected alert open: {Alert text : There was a problem updating 1 or more record(s) due to  time overlaps.}
  (Session info: chrome=84.0.4147.89)
  (Driver info: chromedriver=84.0.4147.30 (48b3e868b4cc0aa7e8149519690b6f6949e110a8-refs/branch-heads/4147@{#310}),platform=Windows NT 10.0.18362 x86_64) (WARNING: The server did not provide any stacktrace information)
Command duration or timeout: 2 milliseconds: null
Build info: version: '2.44.0', revision: '76d78cf323ce037c5f92db6c1bba601c2ac43ad8', time: '2014-10-23 13:11:40'
System info: host: 'PIS076', ip: '192.168.20.24', os.name: 'Windows 10', os.arch: 'amd64', os.version: '10.0', java.version: '1.8.0_251'
Driver info: org.openqa.selenium.chrome.ChromeDriver
Capabilities [{mobileEmulationEnabled=false, timeouts={implicit=0, pageLoad=300000, script=30000}, hasTouchScreen=false, platform=XP, acceptSslCerts=false, goog:chromeOptions={debuggerAddress=localhost:53632}, acceptInsecureCerts=false, webStorageEnabled=true, browserName=chrome, takesScreenshot=true, javascriptEnabled=true, setWindowRect=true, unexpectedAlertBehaviour=ignore, applicationCacheEnabled=false, rotatable=false, networkConnectionEnabled=false, chrome={chromedriverVersion=84.0.4147.30 (48b3e868b4cc0aa7e8149519690b6f6949e110a8-refs/branch-heads/4147@{#310}), userDataDir=C:\Users\schandan\AppData\Local\Temp\scoped_dir10852_1795962031}, takesHeapSnapshot=true, pageLoadStrategy=normal, strictFileInteractability=false, databaseEnabled=false, handlesAlerts=true, version=84.0.4147.89, browserConnectionEnabled=false, proxy={}, nativeEvents=true, locationContextEnabled=true, cssSelectorsEnabled=true, webauthn:virtualAuthenticators=true}]
Session ID: 92bd800b0db149d26eea4acf383fe7d5
]]></system-err>
  </testcase>
  <testcase name="Given Launch Browser and Open webClock" classname="Scenario: Webclcok Employee Hours this payperiod" time="0">
    <skipped/>
  </testcase>
  <testcase name="When enter valid Employee credentials at webclock" classname="Scenario: Webclcok Employee Hours this payperiod" time="0">
    <skipped/>
  </testcase>
  <testcase name="Then check Hours this payperiod" classname="Scenario: Webclcok Employee Hours this payperiod" time="0">
    <skipped/>
  </testcase>
  <testcase name="Scenario: Webclcok Employee Request Status" classname="Scenario: Webclcok Employee Request Status" time="0.009">
    <error message="unexpected alert open: {Alert text : There was a problem updating 1 or more record(s) due to  time overlaps.}&#10;  (Session info: chrome=84.0.4147.89)&#10;  (Driver info: chromedriver=84.0.4147.30 (48b3e868b4cc0aa7e8149519690b6f6949e110a8-refs/branch-heads/4147@{#310}),platform=Windows NT 10.0.18362 x86_64) (WARNING: The server did not provide any stacktrace information)&#10;Command duration or timeout: 1 milliseconds: null&#10;Build info: version: &apos;2.44.0&apos;, revision: &apos;76d78cf323ce037c5f92db6c1bba601c2ac43ad8&apos;, time: &apos;2014-10-23 13:11:40&apos;&#10;System info: host: &apos;PIS076&apos;, ip: &apos;192.168.20.24&apos;, os.name: &apos;Windows 10&apos;, os.arch: &apos;amd64&apos;, os.version: &apos;10.0&apos;, java.version: &apos;1.8.0_251&apos;&#10;Driver info: org.openqa.selenium.chrome.ChromeDriver&#10;Capabilities [{mobileEmulationEnabled=false, timeouts={implicit=0, pageLoad=300000, script=30000}, hasTouchScreen=false, platform=XP, acceptSslCerts=false, goog:chromeOptions={debuggerAddress=localhost:53632}, acceptInsecureCerts=false, webStorageEnabled=true, browserName=chrome, takesScreenshot=true, javascriptEnabled=true, setWindowRect=true, unexpectedAlertBehaviour=ignore, applicationCacheEnabled=false, rotatable=false, networkConnectionEnabled=false, chrome={chromedriverVersion=84.0.4147.30 (48b3e868b4cc0aa7e8149519690b6f6949e110a8-refs/branch-heads/4147@{#310}), userDataDir=C:\Users\schandan\AppData\Local\Temp\scoped_dir10852_1795962031}, takesHeapSnapshot=true, pageLoadStrategy=normal, strictFileInteractability=false, databaseEnabled=false, handlesAlerts=true, version=84.0.4147.89, browserConnectionEnabled=false, proxy={}, nativeEvents=true, locationContextEnabled=true, cssSelectorsEnabled=true, webauthn:virtualAuthenticators=true}]&#10;Session ID: 92bd800b0db149d26eea4acf383fe7d5" type="org.openqa.selenium.UnhandledAlertException">org.openqa.selenium.UnhandledAlertException: unexpected alert open: {Alert text : There was a problem updating 1 or more record(s) due to  time overlaps.}
  (Session info: chrome=84.0.4147.89)
  (Driver info: chromedriver=84.0.4147.30 (48b3e868b4cc0aa7e8149519690b6f6949e110a8-refs/branch-heads/4147@{#310}),platform=Windows NT 10.0.18362 x86_64) (WARNING: The server did not provide any stacktrace information)
Command duration or timeout: 1 milliseconds: null
Build info: version: '2.44.0', revision: '76d78cf323ce037c5f92db6c1bba601c2ac43ad8', time: '2014-10-23 13:11:40'
System info: host: 'PIS076', ip: '192.168.20.24', os.name: 'Windows 10', os.arch: 'amd64', os.version: '10.0', java.version: '1.8.0_251'
Driver info: org.openqa.selenium.chrome.ChromeDriver
Capabilities [{mobileEmulationEnabled=false, timeouts={implicit=0, pageLoad=300000, script=30000}, hasTouchScreen=false, platform=XP, acceptSslCerts=false, goog:chromeOptions={debuggerAddress=localhost:53632}, acceptInsecureCerts=false, webStorageEnabled=true, browserName=chrome, takesScreenshot=true, javascriptEnabled=true, setWindowRect=true, unexpectedAlertBehaviour=ignore, applicationCacheEnabled=false, rotatable=false, networkConnectionEnabled=false, chrome={chromedriverVersion=84.0.4147.30 (48b3e868b4cc0aa7e8149519690b6f6949e110a8-refs/branch-heads/4147@{#310}), userDataDir=C:\Users\schandan\AppData\Local\Temp\scoped_dir10852_1795962031}, takesHeapSnapshot=true, pageLoadStrategy=normal, strictFileInteractability=false, databaseEnabled=false, handlesAlerts=true, version=84.0.4147.89, browserConnectionEnabled=false, proxy={}, nativeEvents=true, locationContextEnabled=true, cssSelectorsEnabled=true, webauthn:virtualAuthenticators=true}]
Session ID: 92bd800b0db149d26eea4acf383fe7d5
	at sun.reflect.GeneratedConstructorAccessor18.newInstance(Unknown Source)
	at sun.reflect.DelegatingConstructorAccessorImpl.newInstance(DelegatingConstructorAccessorImpl.java:45)
	at java.lang.reflect.Constructor.newInstance(Constructor.java:423)
	at org.openqa.selenium.remote.ErrorHandler.createThrowable(ErrorHandler.java:204)
	at org.openqa.selenium.remote.ErrorHandler.throwIfResponseFailed(ErrorHandler.java:162)
	at org.openqa.selenium.remote.RemoteWebDriver.execute(RemoteWebDriver.java:599)
	at org.openqa.selenium.remote.RemoteWebDriver$RemoteWebDriverOptions$RemoteWindow.maximize(RemoteWebDriver.java:829)
	at stepDef.UtilityDriver.inibrowser(UtilityDriver.java:55)
	at stepDef.Hooks.openBrowser(Hooks.java:27)
	at sun.reflect.GeneratedMethodAccessor18.invoke(Unknown Source)
	at sun.reflect.DelegatingMethodAccessorImpl.invoke(DelegatingMethodAccessorImpl.java:43)
	at java.lang.reflect.Method.invoke(Method.java:498)
	at cucumber.runtime.Utils$1.call(Utils.java:34)
	at cucumber.runtime.Timeout.timeout(Timeout.java:13)
	at cucumber.runtime.Utils.invoke(Utils.java:30)
	at cucumber.runtime.java.JavaHookDefinition.execute(JavaHookDefinition.java:59)
	at cucumber.runtime.Runtime.runHookIfTagsMatch(Runtime.java:222)
	at cucumber.runtime.Runtime.runHooks(Runtime.java:210)
	at cucumber.runtime.Runtime.runBeforeHooks(Runtime.java:200)
	at cucumber.runtime.model.CucumberScenario.run(CucumberScenario.java:44)
	at cucumber.runtime.junit.ExecutionUnitRunner.run(ExecutionUnitRunner.java:91)
	at cucumber.runtime.junit.FeatureRunner.runChild(FeatureRunner.java:63)
	at cucumber.runtime.junit.FeatureRunner.runChild(FeatureRunner.java:18)
	at org.junit.runners.ParentRunner$3.run(ParentRunner.java:238)
	at org.junit.runners.ParentRunner$1.schedule(ParentRunner.java:63)
	at org.junit.runners.ParentRunner.runChildren(ParentRunner.java:236)
	at org.junit.runners.ParentRunner.access$000(ParentRunner.java:53)
	at org.junit.runners.ParentRunner$2.evaluate(ParentRunner.java:229)
	at org.junit.runners.ParentRunner.run(ParentRunner.java:309)
	at cucumber.runtime.junit.FeatureRunner.run(FeatureRunner.java:70)
	at cucumber.api.junit.Cucumber.runChild(Cucumber.java:93)
	at cucumber.api.junit.Cucumber.runChild(Cucumber.java:37)
	at org.junit.runners.ParentRunner$3.run(ParentRunner.java:238)
	at org.junit.runners.ParentRunner$1.schedule(ParentRunner.java:63)
	at org.junit.runners.ParentRunner.runChildren(ParentRunner.java:236)
	at org.junit.runners.ParentRunner.access$000(ParentRunner.java:53)
	at org.junit.runners.ParentRunner$2.evaluate(ParentRunner.java:229)
	at org.junit.runners.ParentRunner.run(ParentRunner.java:309)
	at cucumber.api.junit.Cucumber.run(Cucumber.java:98)
	at org.junit.runners.Suite.runChild(Suite.java:127)
	at org.junit.runners.Suite.runChild(Suite.java:26)
	at org.junit.runners.ParentRunner$3.run(ParentRunner.java:238)
	at org.junit.runners.ParentRunner$1.schedule(ParentRunner.java:63)
	at org.junit.runners.ParentRunner.runChildren(ParentRunner.java:236)
	at org.junit.runners.ParentRunner.access$000(ParentRunner.java:53)
	at org.junit.runners.ParentRunner$2.evaluate(ParentRunner.java:229)
	at org.junit.runners.ParentRunner.run(ParentRunner.java:309)
	at org.junit.runner.JUnitCore.run(JUnitCore.java:160)
	at org.junit.runner.JUnitCore.run(JUnitCore.java:138)
	at org.apache.maven.surefire.junitcore.JUnitCoreWrapper.createRequestAndRun(JUnitCoreWrapper.java:107)
	at org.apache.maven.surefire.junitcore.JUnitCoreWrapper.executeEager(JUnitCoreWrapper.java:77)
	at org.apache.maven.surefire.junitcore.JUnitCoreWrapper.execute(JUnitCoreWrapper.java:53)
	at org.apache.maven.surefire.junitcore.JUnitCoreProvider.invoke(JUnitCoreProvider.java:144)
	at org.apache.maven.surefire.booter.ForkedBooter.invokeProviderInSameClassLoader(ForkedBooter.java:203)
	at org.apache.maven.surefire.booter.ForkedBooter.runSuitesInProcess(ForkedBooter.java:155)
	at org.apache.maven.surefire.booter.ForkedBooter.main(ForkedBooter.java:103)
</error>
    <system-out><![CDATA[driver already initialized
]]></system-out>
    <system-err><![CDATA[unexpected alert open: {Alert text : There was a problem updating 1 or more record(s) due to  time overlaps.}
  (Session info: chrome=84.0.4147.89)
  (Driver info: chromedriver=84.0.4147.30 (48b3e868b4cc0aa7e8149519690b6f6949e110a8-refs/branch-heads/4147@{#310}),platform=Windows NT 10.0.18362 x86_64) (WARNING: The server did not provide any stacktrace information)
Command duration or timeout: 2 milliseconds: null
Build info: version: '2.44.0', revision: '76d78cf323ce037c5f92db6c1bba601c2ac43ad8', time: '2014-10-23 13:11:40'
System info: host: 'PIS076', ip: '192.168.20.24', os.name: 'Windows 10', os.arch: 'amd64', os.version: '10.0', java.version: '1.8.0_251'
Driver info: org.openqa.selenium.chrome.ChromeDriver
Capabilities [{mobileEmulationEnabled=false, timeouts={implicit=0, pageLoad=300000, script=30000}, hasTouchScreen=false, platform=XP, acceptSslCerts=false, goog:chromeOptions={debuggerAddress=localhost:53632}, acceptInsecureCerts=false, webStorageEnabled=true, browserName=chrome, takesScreenshot=true, javascriptEnabled=true, setWindowRect=true, unexpectedAlertBehaviour=ignore, applicationCacheEnabled=false, rotatable=false, networkConnectionEnabled=false, chrome={chromedriverVersion=84.0.4147.30 (48b3e868b4cc0aa7e8149519690b6f6949e110a8-refs/branch-heads/4147@{#310}), userDataDir=C:\Users\schandan\AppData\Local\Temp\scoped_dir10852_1795962031}, takesHeapSnapshot=true, pageLoadStrategy=normal, strictFileInteractability=false, databaseEnabled=false, handlesAlerts=true, version=84.0.4147.89, browserConnectionEnabled=false, proxy={}, nativeEvents=true, locationContextEnabled=true, cssSelectorsEnabled=true, webauthn:virtualAuthenticators=true}]
Session ID: 92bd800b0db149d26eea4acf383fe7d5
]]></system-err>
  </testcase>
  <testcase name="Given Launch Browser and Open webClock" classname="Scenario: Webclcok Employee Request Status" time="0">
    <skipped/>
  </testcase>
  <testcase name="When enter valid Employee credentials at webclock" classname="Scenario: Webclcok Employee Request Status" time="0">
    <skipped/>
  </testcase>
  <testcase name="Then check Request Status" classname="Scenario: Webclcok Employee Request Status" time="0">
    <skipped/>
  </testcase>
  <testcase name="Scenario: Webclcok Employee TimeOff Request" classname="Scenario: Webclcok Employee TimeOff Request" time="0.01">
    <error message="unexpected alert open: {Alert text : There was a problem updating 1 or more record(s) due to  time overlaps.}&#10;  (Session info: chrome=84.0.4147.89)&#10;  (Driver info: chromedriver=84.0.4147.30 (48b3e868b4cc0aa7e8149519690b6f6949e110a8-refs/branch-heads/4147@{#310}),platform=Windows NT 10.0.18362 x86_64) (WARNING: The server did not provide any stacktrace information)&#10;Command duration or timeout: 3 milliseconds: null&#10;Build info: version: &apos;2.44.0&apos;, revision: &apos;76d78cf323ce037c5f92db6c1bba601c2ac43ad8&apos;, time: &apos;2014-10-23 13:11:40&apos;&#10;System info: host: &apos;PIS076&apos;, ip: &apos;192.168.20.24&apos;, os.name: &apos;Windows 10&apos;, os.arch: &apos;amd64&apos;, os.version: &apos;10.0&apos;, java.version: &apos;1.8.0_251&apos;&#10;Driver info: org.openqa.selenium.chrome.ChromeDriver&#10;Capabilities [{mobileEmulationEnabled=false, timeouts={implicit=0, pageLoad=300000, script=30000}, hasTouchScreen=false, platform=XP, acceptSslCerts=false, goog:chromeOptions={debuggerAddress=localhost:53632}, acceptInsecureCerts=false, webStorageEnabled=true, browserName=chrome, takesScreenshot=true, javascriptEnabled=true, setWindowRect=true, unexpectedAlertBehaviour=ignore, applicationCacheEnabled=false, rotatable=false, networkConnectionEnabled=false, chrome={chromedriverVersion=84.0.4147.30 (48b3e868b4cc0aa7e8149519690b6f6949e110a8-refs/branch-heads/4147@{#310}), userDataDir=C:\Users\schandan\AppData\Local\Temp\scoped_dir10852_1795962031}, takesHeapSnapshot=true, pageLoadStrategy=normal, strictFileInteractability=false, databaseEnabled=false, handlesAlerts=true, version=84.0.4147.89, browserConnectionEnabled=false, proxy={}, nativeEvents=true, locationContextEnabled=true, cssSelectorsEnabled=true, webauthn:virtualAuthenticators=true}]&#10;Session ID: 92bd800b0db149d26eea4acf383fe7d5" type="org.openqa.selenium.UnhandledAlertException">org.openqa.selenium.UnhandledAlertException: unexpected alert open: {Alert text : There was a problem updating 1 or more record(s) due to  time overlaps.}
  (Session info: chrome=84.0.4147.89)
  (Driver info: chromedriver=84.0.4147.30 (48b3e868b4cc0aa7e8149519690b6f6949e110a8-refs/branch-heads/4147@{#310}),platform=Windows NT 10.0.18362 x86_64) (WARNING: The server did not provide any stacktrace information)
Command duration or timeout: 3 milliseconds: null
Build info: version: '2.44.0', revision: '76d78cf323ce037c5f92db6c1bba601c2ac43ad8', time: '2014-10-23 13:11:40'
System info: host: 'PIS076', ip: '192.168.20.24', os.name: 'Windows 10', os.arch: 'amd64', os.version: '10.0', java.version: '1.8.0_251'
Driver info: org.openqa.selenium.chrome.ChromeDriver
Capabilities [{mobileEmulationEnabled=false, timeouts={implicit=0, pageLoad=300000, script=30000}, hasTouchScreen=false, platform=XP, acceptSslCerts=false, goog:chromeOptions={debuggerAddress=localhost:53632}, acceptInsecureCerts=false, webStorageEnabled=true, browserName=chrome, takesScreenshot=true, javascriptEnabled=true, setWindowRect=true, unexpectedAlertBehaviour=ignore, applicationCacheEnabled=false, rotatable=false, networkConnectionEnabled=false, chrome={chromedriverVersion=84.0.4147.30 (48b3e868b4cc0aa7e8149519690b6f6949e110a8-refs/branch-heads/4147@{#310}), userDataDir=C:\Users\schandan\AppData\Local\Temp\scoped_dir10852_1795962031}, takesHeapSnapshot=true, pageLoadStrategy=normal, strictFileInteractability=false, databaseEnabled=false, handlesAlerts=true, version=84.0.4147.89, browserConnectionEnabled=false, proxy={}, nativeEvents=true, locationContextEnabled=true, cssSelectorsEnabled=true, webauthn:virtualAuthenticators=true}]
Session ID: 92bd800b0db149d26eea4acf383fe7d5
	at sun.reflect.GeneratedConstructorAccessor18.newInstance(Unknown Source)
	at sun.reflect.DelegatingConstructorAccessorImpl.newInstance(DelegatingConstructorAccessorImpl.java:45)
	at java.lang.reflect.Constructor.newInstance(Constructor.java:423)
	at org.openqa.selenium.remote.ErrorHandler.createThrowable(ErrorHandler.java:204)
	at org.openqa.selenium.remote.ErrorHandler.throwIfResponseFailed(ErrorHandler.java:162)
	at org.openqa.selenium.remote.RemoteWebDriver.execute(RemoteWebDriver.java:599)
	at org.openqa.selenium.remote.RemoteWebDriver$RemoteWebDriverOptions$RemoteWindow.maximize(RemoteWebDriver.java:829)
	at stepDef.UtilityDriver.inibrowser(UtilityDriver.java:55)
	at stepDef.Hooks.openBrowser(Hooks.java:27)
	at sun.reflect.GeneratedMethodAccessor18.invoke(Unknown Source)
	at sun.reflect.DelegatingMethodAccessorImpl.invoke(DelegatingMethodAccessorImpl.java:43)
	at java.lang.reflect.Method.invoke(Method.java:498)
	at cucumber.runtime.Utils$1.call(Utils.java:34)
	at cucumber.runtime.Timeout.timeout(Timeout.java:13)
	at cucumber.runtime.Utils.invoke(Utils.java:30)
	at cucumber.runtime.java.JavaHookDefinition.execute(JavaHookDefinition.java:59)
	at cucumber.runtime.Runtime.runHookIfTagsMatch(Runtime.java:222)
	at cucumber.runtime.Runtime.runHooks(Runtime.java:210)
	at cucumber.runtime.Runtime.runBeforeHooks(Runtime.java:200)
	at cucumber.runtime.model.CucumberScenario.run(CucumberScenario.java:44)
	at cucumber.runtime.junit.ExecutionUnitRunner.run(ExecutionUnitRunner.java:91)
	at cucumber.runtime.junit.FeatureRunner.runChild(FeatureRunner.java:63)
	at cucumber.runtime.junit.FeatureRunner.runChild(FeatureRunner.java:18)
	at org.junit.runners.ParentRunner$3.run(ParentRunner.java:238)
	at org.junit.runners.ParentRunner$1.schedule(ParentRunner.java:63)
	at org.junit.runners.ParentRunner.runChildren(ParentRunner.java:236)
	at org.junit.runners.ParentRunner.access$000(ParentRunner.java:53)
	at org.junit.runners.ParentRunner$2.evaluate(ParentRunner.java:229)
	at org.junit.runners.ParentRunner.run(ParentRunner.java:309)
	at cucumber.runtime.junit.FeatureRunner.run(FeatureRunner.java:70)
	at cucumber.api.junit.Cucumber.runChild(Cucumber.java:93)
	at cucumber.api.junit.Cucumber.runChild(Cucumber.java:37)
	at org.junit.runners.ParentRunner$3.run(ParentRunner.java:238)
	at org.junit.runners.ParentRunner$1.schedule(ParentRunner.java:63)
	at org.junit.runners.ParentRunner.runChildren(ParentRunner.java:236)
	at org.junit.runners.ParentRunner.access$000(ParentRunner.java:53)
	at org.junit.runners.ParentRunner$2.evaluate(ParentRunner.java:229)
	at org.junit.runners.ParentRunner.run(ParentRunner.java:309)
	at cucumber.api.junit.Cucumber.run(Cucumber.java:98)
	at org.junit.runners.Suite.runChild(Suite.java:127)
	at org.junit.runners.Suite.runChild(Suite.java:26)
	at org.junit.runners.ParentRunner$3.run(ParentRunner.java:238)
	at org.junit.runners.ParentRunner$1.schedule(ParentRunner.java:63)
	at org.junit.runners.ParentRunner.runChildren(ParentRunner.java:236)
	at org.junit.runners.ParentRunner.access$000(ParentRunner.java:53)
	at org.junit.runners.ParentRunner$2.evaluate(ParentRunner.java:229)
	at org.junit.runners.ParentRunner.run(ParentRunner.java:309)
	at org.junit.runner.JUnitCore.run(JUnitCore.java:160)
	at org.junit.runner.JUnitCore.run(JUnitCore.java:138)
	at org.apache.maven.surefire.junitcore.JUnitCoreWrapper.createRequestAndRun(JUnitCoreWrapper.java:107)
	at org.apache.maven.surefire.junitcore.JUnitCoreWrapper.executeEager(JUnitCoreWrapper.java:77)
	at org.apache.maven.surefire.junitcore.JUnitCoreWrapper.execute(JUnitCoreWrapper.java:53)
	at org.apache.maven.surefire.junitcore.JUnitCoreProvider.invoke(JUnitCoreProvider.java:144)
	at org.apache.maven.surefire.booter.ForkedBooter.invokeProviderInSameClassLoader(ForkedBooter.java:203)
	at org.apache.maven.surefire.booter.ForkedBooter.runSuitesInProcess(ForkedBooter.java:155)
	at org.apache.maven.surefire.booter.ForkedBooter.main(ForkedBooter.java:103)
</error>
    <system-out><![CDATA[driver already initialized
]]></system-out>
    <system-err><![CDATA[unexpected alert open: {Alert text : There was a problem updating 1 or more record(s) due to  time overlaps.}
  (Session info: chrome=84.0.4147.89)
  (Driver info: chromedriver=84.0.4147.30 (48b3e868b4cc0aa7e8149519690b6f6949e110a8-refs/branch-heads/4147@{#310}),platform=Windows NT 10.0.18362 x86_64) (WARNING: The server did not provide any stacktrace information)
Command duration or timeout: 3 milliseconds: null
Build info: version: '2.44.0', revision: '76d78cf323ce037c5f92db6c1bba601c2ac43ad8', time: '2014-10-23 13:11:40'
System info: host: 'PIS076', ip: '192.168.20.24', os.name: 'Windows 10', os.arch: 'amd64', os.version: '10.0', java.version: '1.8.0_251'
Driver info: org.openqa.selenium.chrome.ChromeDriver
Capabilities [{mobileEmulationEnabled=false, timeouts={implicit=0, pageLoad=300000, script=30000}, hasTouchScreen=false, platform=XP, acceptSslCerts=false, goog:chromeOptions={debuggerAddress=localhost:53632}, acceptInsecureCerts=false, webStorageEnabled=true, browserName=chrome, takesScreenshot=true, javascriptEnabled=true, setWindowRect=true, unexpectedAlertBehaviour=ignore, applicationCacheEnabled=false, rotatable=false, networkConnectionEnabled=false, chrome={chromedriverVersion=84.0.4147.30 (48b3e868b4cc0aa7e8149519690b6f6949e110a8-refs/branch-heads/4147@{#310}), userDataDir=C:\Users\schandan\AppData\Local\Temp\scoped_dir10852_1795962031}, takesHeapSnapshot=true, pageLoadStrategy=normal, strictFileInteractability=false, databaseEnabled=false, handlesAlerts=true, version=84.0.4147.89, browserConnectionEnabled=false, proxy={}, nativeEvents=true, locationContextEnabled=true, cssSelectorsEnabled=true, webauthn:virtualAuthenticators=true}]
Session ID: 92bd800b0db149d26eea4acf383fe7d5
]]></system-err>
  </testcase>
  <testcase name="Given Launch Browser and Open webClock" classname="Scenario: Webclcok Employee TimeOff Request" time="0">
    <skipped/>
  </testcase>
  <testcase name="When enter valid Employee credentials at webclock" classname="Scenario: Webclcok Employee TimeOff Request" time="0">
    <skipped/>
  </testcase>
  <testcase name="Then check TimeOff Request" classname="Scenario: Webclcok Employee TimeOff Request" time="0">
    <skipped/>
  </testcase>
  <testcase name="Scenario: Webclcok Employee Current Benifit balance" classname="Scenario: Webclcok Employee Current Benifit balance" time="0.009">
    <error message="unexpected alert open: {Alert text : There was a problem updating 1 or more record(s) due to  time overlaps.}&#10;  (Session info: chrome=84.0.4147.89)&#10;  (Driver info: chromedriver=84.0.4147.30 (48b3e868b4cc0aa7e8149519690b6f6949e110a8-refs/branch-heads/4147@{#310}),platform=Windows NT 10.0.18362 x86_64) (WARNING: The server did not provide any stacktrace information)&#10;Command duration or timeout: 1 milliseconds: null&#10;Build info: version: &apos;2.44.0&apos;, revision: &apos;76d78cf323ce037c5f92db6c1bba601c2ac43ad8&apos;, time: &apos;2014-10-23 13:11:40&apos;&#10;System info: host: &apos;PIS076&apos;, ip: &apos;192.168.20.24&apos;, os.name: &apos;Windows 10&apos;, os.arch: &apos;amd64&apos;, os.version: &apos;10.0&apos;, java.version: &apos;1.8.0_251&apos;&#10;Driver info: org.openqa.selenium.chrome.ChromeDriver&#10;Capabilities [{mobileEmulationEnabled=false, timeouts={implicit=0, pageLoad=300000, script=30000}, hasTouchScreen=false, platform=XP, acceptSslCerts=false, goog:chromeOptions={debuggerAddress=localhost:53632}, acceptInsecureCerts=false, webStorageEnabled=true, browserName=chrome, takesScreenshot=true, javascriptEnabled=true, setWindowRect=true, unexpectedAlertBehaviour=ignore, applicationCacheEnabled=false, rotatable=false, networkConnectionEnabled=false, chrome={chromedriverVersion=84.0.4147.30 (48b3e868b4cc0aa7e8149519690b6f6949e110a8-refs/branch-heads/4147@{#310}), userDataDir=C:\Users\schandan\AppData\Local\Temp\scoped_dir10852_1795962031}, takesHeapSnapshot=true, pageLoadStrategy=normal, strictFileInteractability=false, databaseEnabled=false, handlesAlerts=true, version=84.0.4147.89, browserConnectionEnabled=false, proxy={}, nativeEvents=true, locationContextEnabled=true, cssSelectorsEnabled=true, webauthn:virtualAuthenticators=true}]&#10;Session ID: 92bd800b0db149d26eea4acf383fe7d5" type="org.openqa.selenium.UnhandledAlertException">org.openqa.selenium.UnhandledAlertException: unexpected alert open: {Alert text : There was a problem updating 1 or more record(s) due to  time overlaps.}
  (Session info: chrome=84.0.4147.89)
  (Driver info: chromedriver=84.0.4147.30 (48b3e868b4cc0aa7e8149519690b6f6949e110a8-refs/branch-heads/4147@{#310}),platform=Windows NT 10.0.18362 x86_64) (WARNING: The server did not provide any stacktrace information)
Command duration or timeout: 1 milliseconds: null
Build info: version: '2.44.0', revision: '76d78cf323ce037c5f92db6c1bba601c2ac43ad8', time: '2014-10-23 13:11:40'
System info: host: 'PIS076', ip: '192.168.20.24', os.name: 'Windows 10', os.arch: 'amd64', os.version: '10.0', java.version: '1.8.0_251'
Driver info: org.openqa.selenium.chrome.ChromeDriver
Capabilities [{mobileEmulationEnabled=false, timeouts={implicit=0, pageLoad=300000, script=30000}, hasTouchScreen=false, platform=XP, acceptSslCerts=false, goog:chromeOptions={debuggerAddress=localhost:53632}, acceptInsecureCerts=false, webStorageEnabled=true, browserName=chrome, takesScreenshot=true, javascriptEnabled=true, setWindowRect=true, unexpectedAlertBehaviour=ignore, applicationCacheEnabled=false, rotatable=false, networkConnectionEnabled=false, chrome={chromedriverVersion=84.0.4147.30 (48b3e868b4cc0aa7e8149519690b6f6949e110a8-refs/branch-heads/4147@{#310}), userDataDir=C:\Users\schandan\AppData\Local\Temp\scoped_dir10852_1795962031}, takesHeapSnapshot=true, pageLoadStrategy=normal, strictFileInteractability=false, databaseEnabled=false, handlesAlerts=true, version=84.0.4147.89, browserConnectionEnabled=false, proxy={}, nativeEvents=true, locationContextEnabled=true, cssSelectorsEnabled=true, webauthn:virtualAuthenticators=true}]
Session ID: 92bd800b0db149d26eea4acf383fe7d5
	at sun.reflect.GeneratedConstructorAccessor18.newInstance(Unknown Source)
	at sun.reflect.DelegatingConstructorAccessorImpl.newInstance(DelegatingConstructorAccessorImpl.java:45)
	at java.lang.reflect.Constructor.newInstance(Constructor.java:423)
	at org.openqa.selenium.remote.ErrorHandler.createThrowable(ErrorHandler.java:204)
	at org.openqa.selenium.remote.ErrorHandler.throwIfResponseFailed(ErrorHandler.java:162)
	at org.openqa.selenium.remote.RemoteWebDriver.execute(RemoteWebDriver.java:599)
	at org.openqa.selenium.remote.RemoteWebDriver$RemoteWebDriverOptions$RemoteWindow.maximize(RemoteWebDriver.java:829)
	at stepDef.UtilityDriver.inibrowser(UtilityDriver.java:55)
	at stepDef.Hooks.openBrowser(Hooks.java:27)
	at sun.reflect.GeneratedMethodAccessor18.invoke(Unknown Source)
	at sun.reflect.DelegatingMethodAccessorImpl.invoke(DelegatingMethodAccessorImpl.java:43)
	at java.lang.reflect.Method.invoke(Method.java:498)
	at cucumber.runtime.Utils$1.call(Utils.java:34)
	at cucumber.runtime.Timeout.timeout(Timeout.java:13)
	at cucumber.runtime.Utils.invoke(Utils.java:30)
	at cucumber.runtime.java.JavaHookDefinition.execute(JavaHookDefinition.java:59)
	at cucumber.runtime.Runtime.runHookIfTagsMatch(Runtime.java:222)
	at cucumber.runtime.Runtime.runHooks(Runtime.java:210)
	at cucumber.runtime.Runtime.runBeforeHooks(Runtime.java:200)
	at cucumber.runtime.model.CucumberScenario.run(CucumberScenario.java:44)
	at cucumber.runtime.junit.ExecutionUnitRunner.run(ExecutionUnitRunner.java:91)
	at cucumber.runtime.junit.FeatureRunner.runChild(FeatureRunner.java:63)
	at cucumber.runtime.junit.FeatureRunner.runChild(FeatureRunner.java:18)
	at org.junit.runners.ParentRunner$3.run(ParentRunner.java:238)
	at org.junit.runners.ParentRunner$1.schedule(ParentRunner.java:63)
	at org.junit.runners.ParentRunner.runChildren(ParentRunner.java:236)
	at org.junit.runners.ParentRunner.access$000(ParentRunner.java:53)
	at org.junit.runners.ParentRunner$2.evaluate(ParentRunner.java:229)
	at org.junit.runners.ParentRunner.run(ParentRunner.java:309)
	at cucumber.runtime.junit.FeatureRunner.run(FeatureRunner.java:70)
	at cucumber.api.junit.Cucumber.runChild(Cucumber.java:93)
	at cucumber.api.junit.Cucumber.runChild(Cucumber.java:37)
	at org.junit.runners.ParentRunner$3.run(ParentRunner.java:238)
	at org.junit.runners.ParentRunner$1.schedule(ParentRunner.java:63)
	at org.junit.runners.ParentRunner.runChildren(ParentRunner.java:236)
	at org.junit.runners.ParentRunner.access$000(ParentRunner.java:53)
	at org.junit.runners.ParentRunner$2.evaluate(ParentRunner.java:229)
	at org.junit.runners.ParentRunner.run(ParentRunner.java:309)
	at cucumber.api.junit.Cucumber.run(Cucumber.java:98)
	at org.junit.runners.Suite.runChild(Suite.java:127)
	at org.junit.runners.Suite.runChild(Suite.java:26)
	at org.junit.runners.ParentRunner$3.run(ParentRunner.java:238)
	at org.junit.runners.ParentRunner$1.schedule(ParentRunner.java:63)
	at org.junit.runners.ParentRunner.runChildren(ParentRunner.java:236)
	at org.junit.runners.ParentRunner.access$000(ParentRunner.java:53)
	at org.junit.runners.ParentRunner$2.evaluate(ParentRunner.java:229)
	at org.junit.runners.ParentRunner.run(ParentRunner.java:309)
	at org.junit.runner.JUnitCore.run(JUnitCore.java:160)
	at org.junit.runner.JUnitCore.run(JUnitCore.java:138)
	at org.apache.maven.surefire.junitcore.JUnitCoreWrapper.createRequestAndRun(JUnitCoreWrapper.java:107)
	at org.apache.maven.surefire.junitcore.JUnitCoreWrapper.executeEager(JUnitCoreWrapper.java:77)
	at org.apache.maven.surefire.junitcore.JUnitCoreWrapper.execute(JUnitCoreWrapper.java:53)
	at org.apache.maven.surefire.junitcore.JUnitCoreProvider.invoke(JUnitCoreProvider.java:144)
	at org.apache.maven.surefire.booter.ForkedBooter.invokeProviderInSameClassLoader(ForkedBooter.java:203)
	at org.apache.maven.surefire.booter.ForkedBooter.runSuitesInProcess(ForkedBooter.java:155)
	at org.apache.maven.surefire.booter.ForkedBooter.main(ForkedBooter.java:103)
</error>
    <system-out><![CDATA[driver already initialized
]]></system-out>
    <system-err><![CDATA[unexpected alert open: {Alert text : There was a problem updating 1 or more record(s) due to  time overlaps.}
  (Session info: chrome=84.0.4147.89)
  (Driver info: chromedriver=84.0.4147.30 (48b3e868b4cc0aa7e8149519690b6f6949e110a8-refs/branch-heads/4147@{#310}),platform=Windows NT 10.0.18362 x86_64) (WARNING: The server did not provide any stacktrace information)
Command duration or timeout: 1 milliseconds: null
Build info: version: '2.44.0', revision: '76d78cf323ce037c5f92db6c1bba601c2ac43ad8', time: '2014-10-23 13:11:40'
System info: host: 'PIS076', ip: '192.168.20.24', os.name: 'Windows 10', os.arch: 'amd64', os.version: '10.0', java.version: '1.8.0_251'
Driver info: org.openqa.selenium.chrome.ChromeDriver
Capabilities [{mobileEmulationEnabled=false, timeouts={implicit=0, pageLoad=300000, script=30000}, hasTouchScreen=false, platform=XP, acceptSslCerts=false, goog:chromeOptions={debuggerAddress=localhost:53632}, acceptInsecureCerts=false, webStorageEnabled=true, browserName=chrome, takesScreenshot=true, javascriptEnabled=true, setWindowRect=true, unexpectedAlertBehaviour=ignore, applicationCacheEnabled=false, rotatable=false, networkConnectionEnabled=false, chrome={chromedriverVersion=84.0.4147.30 (48b3e868b4cc0aa7e8149519690b6f6949e110a8-refs/branch-heads/4147@{#310}), userDataDir=C:\Users\schandan\AppData\Local\Temp\scoped_dir10852_1795962031}, takesHeapSnapshot=true, pageLoadStrategy=normal, strictFileInteractability=false, databaseEnabled=false, handlesAlerts=true, version=84.0.4147.89, browserConnectionEnabled=false, proxy={}, nativeEvents=true, locationContextEnabled=true, cssSelectorsEnabled=true, webauthn:virtualAuthenticators=true}]
Session ID: 92bd800b0db149d26eea4acf383fe7d5
]]></system-err>
  </testcase>
  <testcase name="Given Launch Browser and Open webClock" classname="Scenario: Webclcok Employee Current Benifit balance" time="0">
    <skipped/>
  </testcase>
  <testcase name="When enter valid Employee credentials at webclock" classname="Scenario: Webclcok Employee Current Benifit balance" time="0">
    <skipped/>
  </testcase>
  <testcase name="Then check Current Benifit balance" classname="Scenario: Webclcok Employee Current Benifit balance" time="0">
    <skipped/>
  </testcase>
  <testcase name="Scenario: Webclcok Employee Job Start" classname="Scenario: Webclcok Employee Job Start" time="0.013">
    <error message="unexpected alert open: {Alert text : There was a problem updating 1 or more record(s) due to  time overlaps.}&#10;  (Session info: chrome=84.0.4147.89)&#10;  (Driver info: chromedriver=84.0.4147.30 (48b3e868b4cc0aa7e8149519690b6f6949e110a8-refs/branch-heads/4147@{#310}),platform=Windows NT 10.0.18362 x86_64) (WARNING: The server did not provide any stacktrace information)&#10;Command duration or timeout: 4 milliseconds: null&#10;Build info: version: &apos;2.44.0&apos;, revision: &apos;76d78cf323ce037c5f92db6c1bba601c2ac43ad8&apos;, time: &apos;2014-10-23 13:11:40&apos;&#10;System info: host: &apos;PIS076&apos;, ip: &apos;192.168.20.24&apos;, os.name: &apos;Windows 10&apos;, os.arch: &apos;amd64&apos;, os.version: &apos;10.0&apos;, java.version: &apos;1.8.0_251&apos;&#10;Driver info: org.openqa.selenium.chrome.ChromeDriver&#10;Capabilities [{mobileEmulationEnabled=false, timeouts={implicit=0, pageLoad=300000, script=30000}, hasTouchScreen=false, platform=XP, acceptSslCerts=false, goog:chromeOptions={debuggerAddress=localhost:53632}, acceptInsecureCerts=false, webStorageEnabled=true, browserName=chrome, takesScreenshot=true, javascriptEnabled=true, setWindowRect=true, unexpectedAlertBehaviour=ignore, applicationCacheEnabled=false, rotatable=false, networkConnectionEnabled=false, chrome={chromedriverVersion=84.0.4147.30 (48b3e868b4cc0aa7e8149519690b6f6949e110a8-refs/branch-heads/4147@{#310}), userDataDir=C:\Users\schandan\AppData\Local\Temp\scoped_dir10852_1795962031}, takesHeapSnapshot=true, pageLoadStrategy=normal, strictFileInteractability=false, databaseEnabled=false, handlesAlerts=true, version=84.0.4147.89, browserConnectionEnabled=false, proxy={}, nativeEvents=true, locationContextEnabled=true, cssSelectorsEnabled=true, webauthn:virtualAuthenticators=true}]&#10;Session ID: 92bd800b0db149d26eea4acf383fe7d5" type="org.openqa.selenium.UnhandledAlertException">org.openqa.selenium.UnhandledAlertException: unexpected alert open: {Alert text : There was a problem updating 1 or more record(s) due to  time overlaps.}
  (Session info: chrome=84.0.4147.89)
  (Driver info: chromedriver=84.0.4147.30 (48b3e868b4cc0aa7e8149519690b6f6949e110a8-refs/branch-heads/4147@{#310}),platform=Windows NT 10.0.18362 x86_64) (WARNING: The server did not provide any stacktrace information)
Command duration or timeout: 4 milliseconds: null
Build info: version: '2.44.0', revision: '76d78cf323ce037c5f92db6c1bba601c2ac43ad8', time: '2014-10-23 13:11:40'
System info: host: 'PIS076', ip: '192.168.20.24', os.name: 'Windows 10', os.arch: 'amd64', os.version: '10.0', java.version: '1.8.0_251'
Driver info: org.openqa.selenium.chrome.ChromeDriver
Capabilities [{mobileEmulationEnabled=false, timeouts={implicit=0, pageLoad=300000, script=30000}, hasTouchScreen=false, platform=XP, acceptSslCerts=false, goog:chromeOptions={debuggerAddress=localhost:53632}, acceptInsecureCerts=false, webStorageEnabled=true, browserName=chrome, takesScreenshot=true, javascriptEnabled=true, setWindowRect=true, unexpectedAlertBehaviour=ignore, applicationCacheEnabled=false, rotatable=false, networkConnectionEnabled=false, chrome={chromedriverVersion=84.0.4147.30 (48b3e868b4cc0aa7e8149519690b6f6949e110a8-refs/branch-heads/4147@{#310}), userDataDir=C:\Users\schandan\AppData\Local\Temp\scoped_dir10852_1795962031}, takesHeapSnapshot=true, pageLoadStrategy=normal, strictFileInteractability=false, databaseEnabled=false, handlesAlerts=true, version=84.0.4147.89, browserConnectionEnabled=false, proxy={}, nativeEvents=true, locationContextEnabled=true, cssSelectorsEnabled=true, webauthn:virtualAuthenticators=true}]
Session ID: 92bd800b0db149d26eea4acf383fe7d5
	at sun.reflect.GeneratedConstructorAccessor18.newInstance(Unknown Source)
	at sun.reflect.DelegatingConstructorAccessorImpl.newInstance(DelegatingConstructorAccessorImpl.java:45)
	at java.lang.reflect.Constructor.newInstance(Constructor.java:423)
	at org.openqa.selenium.remote.ErrorHandler.createThrowable(ErrorHandler.java:204)
	at org.openqa.selenium.remote.ErrorHandler.throwIfResponseFailed(ErrorHandler.java:162)
	at org.openqa.selenium.remote.RemoteWebDriver.execute(RemoteWebDriver.java:599)
	at org.openqa.selenium.remote.RemoteWebDriver$RemoteWebDriverOptions$RemoteWindow.maximize(RemoteWebDriver.java:829)
	at stepDef.UtilityDriver.inibrowser(UtilityDriver.java:55)
	at stepDef.Hooks.openBrowser(Hooks.java:27)
	at sun.reflect.GeneratedMethodAccessor18.invoke(Unknown Source)
	at sun.reflect.DelegatingMethodAccessorImpl.invoke(DelegatingMethodAccessorImpl.java:43)
	at java.lang.reflect.Method.invoke(Method.java:498)
	at cucumber.runtime.Utils$1.call(Utils.java:34)
	at cucumber.runtime.Timeout.timeout(Timeout.java:13)
	at cucumber.runtime.Utils.invoke(Utils.java:30)
	at cucumber.runtime.java.JavaHookDefinition.execute(JavaHookDefinition.java:59)
	at cucumber.runtime.Runtime.runHookIfTagsMatch(Runtime.java:222)
	at cucumber.runtime.Runtime.runHooks(Runtime.java:210)
	at cucumber.runtime.Runtime.runBeforeHooks(Runtime.java:200)
	at cucumber.runtime.model.CucumberScenario.run(CucumberScenario.java:44)
	at cucumber.runtime.junit.ExecutionUnitRunner.run(ExecutionUnitRunner.java:91)
	at cucumber.runtime.junit.FeatureRunner.runChild(FeatureRunner.java:63)
	at cucumber.runtime.junit.FeatureRunner.runChild(FeatureRunner.java:18)
	at org.junit.runners.ParentRunner$3.run(ParentRunner.java:238)
	at org.junit.runners.ParentRunner$1.schedule(ParentRunner.java:63)
	at org.junit.runners.ParentRunner.runChildren(ParentRunner.java:236)
	at org.junit.runners.ParentRunner.access$000(ParentRunner.java:53)
	at org.junit.runners.ParentRunner$2.evaluate(ParentRunner.java:229)
	at org.junit.runners.ParentRunner.run(ParentRunner.java:309)
	at cucumber.runtime.junit.FeatureRunner.run(FeatureRunner.java:70)
	at cucumber.api.junit.Cucumber.runChild(Cucumber.java:93)
	at cucumber.api.junit.Cucumber.runChild(Cucumber.java:37)
	at org.junit.runners.ParentRunner$3.run(ParentRunner.java:238)
	at org.junit.runners.ParentRunner$1.schedule(ParentRunner.java:63)
	at org.junit.runners.ParentRunner.runChildren(ParentRunner.java:236)
	at org.junit.runners.ParentRunner.access$000(ParentRunner.java:53)
	at org.junit.runners.ParentRunner$2.evaluate(ParentRunner.java:229)
	at org.junit.runners.ParentRunner.run(ParentRunner.java:309)
	at cucumber.api.junit.Cucumber.run(Cucumber.java:98)
	at org.junit.runners.Suite.runChild(Suite.java:127)
	at org.junit.runners.Suite.runChild(Suite.java:26)
	at org.junit.runners.ParentRunner$3.run(ParentRunner.java:238)
	at org.junit.runners.ParentRunner$1.schedule(ParentRunner.java:63)
	at org.junit.runners.ParentRunner.runChildren(ParentRunner.java:236)
	at org.junit.runners.ParentRunner.access$000(ParentRunner.java:53)
	at org.junit.runners.ParentRunner$2.evaluate(ParentRunner.java:229)
	at org.junit.runners.ParentRunner.run(ParentRunner.java:309)
	at org.junit.runner.JUnitCore.run(JUnitCore.java:160)
	at org.junit.runner.JUnitCore.run(JUnitCore.java:138)
	at org.apache.maven.surefire.junitcore.JUnitCoreWrapper.createRequestAndRun(JUnitCoreWrapper.java:107)
	at org.apache.maven.surefire.junitcore.JUnitCoreWrapper.executeEager(JUnitCoreWrapper.java:77)
	at org.apache.maven.surefire.junitcore.JUnitCoreWrapper.execute(JUnitCoreWrapper.java:53)
	at org.apache.maven.surefire.junitcore.JUnitCoreProvider.invoke(JUnitCoreProvider.java:144)
	at org.apache.maven.surefire.booter.ForkedBooter.invokeProviderInSameClassLoader(ForkedBooter.java:203)
	at org.apache.maven.surefire.booter.ForkedBooter.runSuitesInProcess(ForkedBooter.java:155)
	at org.apache.maven.surefire.booter.ForkedBooter.main(ForkedBooter.java:103)
</error>
    <system-out><![CDATA[driver already initialized
]]></system-out>
    <system-err><![CDATA[unexpected alert open: {Alert text : There was a problem updating 1 or more record(s) due to  time overlaps.}
  (Session info: chrome=84.0.4147.89)
  (Driver info: chromedriver=84.0.4147.30 (48b3e868b4cc0aa7e8149519690b6f6949e110a8-refs/branch-heads/4147@{#310}),platform=Windows NT 10.0.18362 x86_64) (WARNING: The server did not provide any stacktrace information)
Command duration or timeout: 2 milliseconds: null
Build info: version: '2.44.0', revision: '76d78cf323ce037c5f92db6c1bba601c2ac43ad8', time: '2014-10-23 13:11:40'
System info: host: 'PIS076', ip: '192.168.20.24', os.name: 'Windows 10', os.arch: 'amd64', os.version: '10.0', java.version: '1.8.0_251'
Driver info: org.openqa.selenium.chrome.ChromeDriver
Capabilities [{mobileEmulationEnabled=false, timeouts={implicit=0, pageLoad=300000, script=30000}, hasTouchScreen=false, platform=XP, acceptSslCerts=false, goog:chromeOptions={debuggerAddress=localhost:53632}, acceptInsecureCerts=false, webStorageEnabled=true, browserName=chrome, takesScreenshot=true, javascriptEnabled=true, setWindowRect=true, unexpectedAlertBehaviour=ignore, applicationCacheEnabled=false, rotatable=false, networkConnectionEnabled=false, chrome={chromedriverVersion=84.0.4147.30 (48b3e868b4cc0aa7e8149519690b6f6949e110a8-refs/branch-heads/4147@{#310}), userDataDir=C:\Users\schandan\AppData\Local\Temp\scoped_dir10852_1795962031}, takesHeapSnapshot=true, pageLoadStrategy=normal, strictFileInteractability=false, databaseEnabled=false, handlesAlerts=true, version=84.0.4147.89, browserConnectionEnabled=false, proxy={}, nativeEvents=true, locationContextEnabled=true, cssSelectorsEnabled=true, webauthn:virtualAuthenticators=true}]
Session ID: 92bd800b0db149d26eea4acf383fe7d5
]]></system-err>
  </testcase>
  <testcase name="Given Launch Browser and Open webClock" classname="Scenario: Webclcok Employee Job Start" time="0">
    <skipped/>
  </testcase>
  <testcase name="When enter valid Employee credentials at webclock" classname="Scenario: Webclcok Employee Job Start" time="0">
    <skipped/>
  </testcase>
  <testcase name="Then check Job start" classname="Scenario: Webclcok Employee Job Start" time="0">
    <skipped/>
  </testcase>
  <testcase name="Scenario: Webclcok Employee  POS. Transfer" classname="Scenario: Webclcok Employee  POS. Transfer" time="0.022">
    <error message="unexpected alert open: {Alert text : There was a problem updating 1 or more record(s) due to  time overlaps.}&#10;  (Session info: chrome=84.0.4147.89)&#10;  (Driver info: chromedriver=84.0.4147.30 (48b3e868b4cc0aa7e8149519690b6f6949e110a8-refs/branch-heads/4147@{#310}),platform=Windows NT 10.0.18362 x86_64) (WARNING: The server did not provide any stacktrace information)&#10;Command duration or timeout: 3 milliseconds: null&#10;Build info: version: &apos;2.44.0&apos;, revision: &apos;76d78cf323ce037c5f92db6c1bba601c2ac43ad8&apos;, time: &apos;2014-10-23 13:11:40&apos;&#10;System info: host: &apos;PIS076&apos;, ip: &apos;192.168.20.24&apos;, os.name: &apos;Windows 10&apos;, os.arch: &apos;amd64&apos;, os.version: &apos;10.0&apos;, java.version: &apos;1.8.0_251&apos;&#10;Driver info: org.openqa.selenium.chrome.ChromeDriver&#10;Capabilities [{mobileEmulationEnabled=false, timeouts={implicit=0, pageLoad=300000, script=30000}, hasTouchScreen=false, platform=XP, acceptSslCerts=false, goog:chromeOptions={debuggerAddress=localhost:53632}, acceptInsecureCerts=false, webStorageEnabled=true, browserName=chrome, takesScreenshot=true, javascriptEnabled=true, setWindowRect=true, unexpectedAlertBehaviour=ignore, applicationCacheEnabled=false, rotatable=false, networkConnectionEnabled=false, chrome={chromedriverVersion=84.0.4147.30 (48b3e868b4cc0aa7e8149519690b6f6949e110a8-refs/branch-heads/4147@{#310}), userDataDir=C:\Users\schandan\AppData\Local\Temp\scoped_dir10852_1795962031}, takesHeapSnapshot=true, pageLoadStrategy=normal, strictFileInteractability=false, databaseEnabled=false, handlesAlerts=true, version=84.0.4147.89, browserConnectionEnabled=false, proxy={}, nativeEvents=true, locationContextEnabled=true, cssSelectorsEnabled=true, webauthn:virtualAuthenticators=true}]&#10;Session ID: 92bd800b0db149d26eea4acf383fe7d5" type="org.openqa.selenium.UnhandledAlertException">org.openqa.selenium.UnhandledAlertException: unexpected alert open: {Alert text : There was a problem updating 1 or more record(s) due to  time overlaps.}
  (Session info: chrome=84.0.4147.89)
  (Driver info: chromedriver=84.0.4147.30 (48b3e868b4cc0aa7e8149519690b6f6949e110a8-refs/branch-heads/4147@{#310}),platform=Windows NT 10.0.18362 x86_64) (WARNING: The server did not provide any stacktrace information)
Command duration or timeout: 3 milliseconds: null
Build info: version: '2.44.0', revision: '76d78cf323ce037c5f92db6c1bba601c2ac43ad8', time: '2014-10-23 13:11:40'
System info: host: 'PIS076', ip: '192.168.20.24', os.name: 'Windows 10', os.arch: 'amd64', os.version: '10.0', java.version: '1.8.0_251'
Driver info: org.openqa.selenium.chrome.ChromeDriver
Capabilities [{mobileEmulationEnabled=false, timeouts={implicit=0, pageLoad=300000, script=30000}, hasTouchScreen=false, platform=XP, acceptSslCerts=false, goog:chromeOptions={debuggerAddress=localhost:53632}, acceptInsecureCerts=false, webStorageEnabled=true, browserName=chrome, takesScreenshot=true, javascriptEnabled=true, setWindowRect=true, unexpectedAlertBehaviour=ignore, applicationCacheEnabled=false, rotatable=false, networkConnectionEnabled=false, chrome={chromedriverVersion=84.0.4147.30 (48b3e868b4cc0aa7e8149519690b6f6949e110a8-refs/branch-heads/4147@{#310}), userDataDir=C:\Users\schandan\AppData\Local\Temp\scoped_dir10852_1795962031}, takesHeapSnapshot=true, pageLoadStrategy=normal, strictFileInteractability=false, databaseEnabled=false, handlesAlerts=true, version=84.0.4147.89, browserConnectionEnabled=false, proxy={}, nativeEvents=true, locationContextEnabled=true, cssSelectorsEnabled=true, webauthn:virtualAuthenticators=true}]
Session ID: 92bd800b0db149d26eea4acf383fe7d5
	at sun.reflect.GeneratedConstructorAccessor18.newInstance(Unknown Source)
	at sun.reflect.DelegatingConstructorAccessorImpl.newInstance(DelegatingConstructorAccessorImpl.java:45)
	at java.lang.reflect.Constructor.newInstance(Constructor.java:423)
	at org.openqa.selenium.remote.ErrorHandler.createThrowable(ErrorHandler.java:204)
	at org.openqa.selenium.remote.ErrorHandler.throwIfResponseFailed(ErrorHandler.java:162)
	at org.openqa.selenium.remote.RemoteWebDriver.execute(RemoteWebDriver.java:599)
	at org.openqa.selenium.remote.RemoteWebDriver$RemoteWebDriverOptions$RemoteWindow.maximize(RemoteWebDriver.java:829)
	at stepDef.UtilityDriver.inibrowser(UtilityDriver.java:55)
	at stepDef.Hooks.openBrowser(Hooks.java:27)
	at sun.reflect.GeneratedMethodAccessor18.invoke(Unknown Source)
	at sun.reflect.DelegatingMethodAccessorImpl.invoke(DelegatingMethodAccessorImpl.java:43)
	at java.lang.reflect.Method.invoke(Method.java:498)
	at cucumber.runtime.Utils$1.call(Utils.java:34)
	at cucumber.runtime.Timeout.timeout(Timeout.java:13)
	at cucumber.runtime.Utils.invoke(Utils.java:30)
	at cucumber.runtime.java.JavaHookDefinition.execute(JavaHookDefinition.java:59)
	at cucumber.runtime.Runtime.runHookIfTagsMatch(Runtime.java:222)
	at cucumber.runtime.Runtime.runHooks(Runtime.java:210)
	at cucumber.runtime.Runtime.runBeforeHooks(Runtime.java:200)
	at cucumber.runtime.model.CucumberScenario.run(CucumberScenario.java:44)
	at cucumber.runtime.junit.ExecutionUnitRunner.run(ExecutionUnitRunner.java:91)
	at cucumber.runtime.junit.FeatureRunner.runChild(FeatureRunner.java:63)
	at cucumber.runtime.junit.FeatureRunner.runChild(FeatureRunner.java:18)
	at org.junit.runners.ParentRunner$3.run(ParentRunner.java:238)
	at org.junit.runners.ParentRunner$1.schedule(ParentRunner.java:63)
	at org.junit.runners.ParentRunner.runChildren(ParentRunner.java:236)
	at org.junit.runners.ParentRunner.access$000(ParentRunner.java:53)
	at org.junit.runners.ParentRunner$2.evaluate(ParentRunner.java:229)
	at org.junit.runners.ParentRunner.run(ParentRunner.java:309)
	at cucumber.runtime.junit.FeatureRunner.run(FeatureRunner.java:70)
	at cucumber.api.junit.Cucumber.runChild(Cucumber.java:93)
	at cucumber.api.junit.Cucumber.runChild(Cucumber.java:37)
	at org.junit.runners.ParentRunner$3.run(ParentRunner.java:238)
	at org.junit.runners.ParentRunner$1.schedule(ParentRunner.java:63)
	at org.junit.runners.ParentRunner.runChildren(ParentRunner.java:236)
	at org.junit.runners.ParentRunner.access$000(ParentRunner.java:53)
	at org.junit.runners.ParentRunner$2.evaluate(ParentRunner.java:229)
	at org.junit.runners.ParentRunner.run(ParentRunner.java:309)
	at cucumber.api.junit.Cucumber.run(Cucumber.java:98)
	at org.junit.runners.Suite.runChild(Suite.java:127)
	at org.junit.runners.Suite.runChild(Suite.java:26)
	at org.junit.runners.ParentRunner$3.run(ParentRunner.java:238)
	at org.junit.runners.ParentRunner$1.schedule(ParentRunner.java:63)
	at org.junit.runners.ParentRunner.runChildren(ParentRunner.java:236)
	at org.junit.runners.ParentRunner.access$000(ParentRunner.java:53)
	at org.junit.runners.ParentRunner$2.evaluate(ParentRunner.java:229)
	at org.junit.runners.ParentRunner.run(ParentRunner.java:309)
	at org.junit.runner.JUnitCore.run(JUnitCore.java:160)
	at org.junit.runner.JUnitCore.run(JUnitCore.java:138)
	at org.apache.maven.surefire.junitcore.JUnitCoreWrapper.createRequestAndRun(JUnitCoreWrapper.java:107)
	at org.apache.maven.surefire.junitcore.JUnitCoreWrapper.executeEager(JUnitCoreWrapper.java:77)
	at org.apache.maven.surefire.junitcore.JUnitCoreWrapper.execute(JUnitCoreWrapper.java:53)
	at org.apache.maven.surefire.junitcore.JUnitCoreProvider.invoke(JUnitCoreProvider.java:144)
	at org.apache.maven.surefire.booter.ForkedBooter.invokeProviderInSameClassLoader(ForkedBooter.java:203)
	at org.apache.maven.surefire.booter.ForkedBooter.runSuitesInProcess(ForkedBooter.java:155)
	at org.apache.maven.surefire.booter.ForkedBooter.main(ForkedBooter.java:103)
</error>
    <system-out><![CDATA[driver already initialized
]]></system-out>
    <system-err><![CDATA[unexpected alert open: {Alert text : There was a problem updating 1 or more record(s) due to  time overlaps.}
  (Session info: chrome=84.0.4147.89)
  (Driver info: chromedriver=84.0.4147.30 (48b3e868b4cc0aa7e8149519690b6f6949e110a8-refs/branch-heads/4147@{#310}),platform=Windows NT 10.0.18362 x86_64) (WARNING: The server did not provide any stacktrace information)
Command duration or timeout: 2 milliseconds: null
Build info: version: '2.44.0', revision: '76d78cf323ce037c5f92db6c1bba601c2ac43ad8', time: '2014-10-23 13:11:40'
System info: host: 'PIS076', ip: '192.168.20.24', os.name: 'Windows 10', os.arch: 'amd64', os.version: '10.0', java.version: '1.8.0_251'
Driver info: org.openqa.selenium.chrome.ChromeDriver
Capabilities [{mobileEmulationEnabled=false, timeouts={implicit=0, pageLoad=300000, script=30000}, hasTouchScreen=false, platform=XP, acceptSslCerts=false, goog:chromeOptions={debuggerAddress=localhost:53632}, acceptInsecureCerts=false, webStorageEnabled=true, browserName=chrome, takesScreenshot=true, javascriptEnabled=true, setWindowRect=true, unexpectedAlertBehaviour=ignore, applicationCacheEnabled=false, rotatable=false, networkConnectionEnabled=false, chrome={chromedriverVersion=84.0.4147.30 (48b3e868b4cc0aa7e8149519690b6f6949e110a8-refs/branch-heads/4147@{#310}), userDataDir=C:\Users\schandan\AppData\Local\Temp\scoped_dir10852_1795962031}, takesHeapSnapshot=true, pageLoadStrategy=normal, strictFileInteractability=false, databaseEnabled=false, handlesAlerts=true, version=84.0.4147.89, browserConnectionEnabled=false, proxy={}, nativeEvents=true, locationContextEnabled=true, cssSelectorsEnabled=true, webauthn:virtualAuthenticators=true}]
Session ID: 92bd800b0db149d26eea4acf383fe7d5
]]></system-err>
  </testcase>
  <testcase name="Given Launch Browser and Open webClock" classname="Scenario: Webclcok Employee  POS. Transfer" time="0">
    <skipped/>
  </testcase>
  <testcase name="When enter valid Employee credentials at webclock" classname="Scenario: Webclcok Employee  POS. Transfer" time="0">
    <skipped/>
  </testcase>
  <testcase name="Then check  POS Transfer" classname="Scenario: Webclcok Employee  POS. Transfer" time="0">
    <skipped/>
  </testcase>
  <testcase name="Scenario: Webclcok Employee Punchout" classname="Scenario: Webclcok Employee Punchout" time="0.008">
    <error message="unexpected alert open: {Alert text : There was a problem updating 1 or more record(s) due to  time overlaps.}&#10;  (Session info: chrome=84.0.4147.89)&#10;  (Driver info: chromedriver=84.0.4147.30 (48b3e868b4cc0aa7e8149519690b6f6949e110a8-refs/branch-heads/4147@{#310}),platform=Windows NT 10.0.18362 x86_64) (WARNING: The server did not provide any stacktrace information)&#10;Command duration or timeout: 3 milliseconds: null&#10;Build info: version: &apos;2.44.0&apos;, revision: &apos;76d78cf323ce037c5f92db6c1bba601c2ac43ad8&apos;, time: &apos;2014-10-23 13:11:40&apos;&#10;System info: host: &apos;PIS076&apos;, ip: &apos;192.168.20.24&apos;, os.name: &apos;Windows 10&apos;, os.arch: &apos;amd64&apos;, os.version: &apos;10.0&apos;, java.version: &apos;1.8.0_251&apos;&#10;Driver info: org.openqa.selenium.chrome.ChromeDriver&#10;Capabilities [{mobileEmulationEnabled=false, timeouts={implicit=0, pageLoad=300000, script=30000}, hasTouchScreen=false, platform=XP, acceptSslCerts=false, goog:chromeOptions={debuggerAddress=localhost:53632}, acceptInsecureCerts=false, webStorageEnabled=true, browserName=chrome, takesScreenshot=true, javascriptEnabled=true, setWindowRect=true, unexpectedAlertBehaviour=ignore, applicationCacheEnabled=false, rotatable=false, networkConnectionEnabled=false, chrome={chromedriverVersion=84.0.4147.30 (48b3e868b4cc0aa7e8149519690b6f6949e110a8-refs/branch-heads/4147@{#310}), userDataDir=C:\Users\schandan\AppData\Local\Temp\scoped_dir10852_1795962031}, takesHeapSnapshot=true, pageLoadStrategy=normal, strictFileInteractability=false, databaseEnabled=false, handlesAlerts=true, version=84.0.4147.89, browserConnectionEnabled=false, proxy={}, nativeEvents=true, locationContextEnabled=true, cssSelectorsEnabled=true, webauthn:virtualAuthenticators=true}]&#10;Session ID: 92bd800b0db149d26eea4acf383fe7d5" type="org.openqa.selenium.UnhandledAlertException">org.openqa.selenium.UnhandledAlertException: unexpected alert open: {Alert text : There was a problem updating 1 or more record(s) due to  time overlaps.}
  (Session info: chrome=84.0.4147.89)
  (Driver info: chromedriver=84.0.4147.30 (48b3e868b4cc0aa7e8149519690b6f6949e110a8-refs/branch-heads/4147@{#310}),platform=Windows NT 10.0.18362 x86_64) (WARNING: The server did not provide any stacktrace information)
Command duration or timeout: 3 milliseconds: null
Build info: version: '2.44.0', revision: '76d78cf323ce037c5f92db6c1bba601c2ac43ad8', time: '2014-10-23 13:11:40'
System info: host: 'PIS076', ip: '192.168.20.24', os.name: 'Windows 10', os.arch: 'amd64', os.version: '10.0', java.version: '1.8.0_251'
Driver info: org.openqa.selenium.chrome.ChromeDriver
Capabilities [{mobileEmulationEnabled=false, timeouts={implicit=0, pageLoad=300000, script=30000}, hasTouchScreen=false, platform=XP, acceptSslCerts=false, goog:chromeOptions={debuggerAddress=localhost:53632}, acceptInsecureCerts=false, webStorageEnabled=true, browserName=chrome, takesScreenshot=true, javascriptEnabled=true, setWindowRect=true, unexpectedAlertBehaviour=ignore, applicationCacheEnabled=false, rotatable=false, networkConnectionEnabled=false, chrome={chromedriverVersion=84.0.4147.30 (48b3e868b4cc0aa7e8149519690b6f6949e110a8-refs/branch-heads/4147@{#310}), userDataDir=C:\Users\schandan\AppData\Local\Temp\scoped_dir10852_1795962031}, takesHeapSnapshot=true, pageLoadStrategy=normal, strictFileInteractability=false, databaseEnabled=false, handlesAlerts=true, version=84.0.4147.89, browserConnectionEnabled=false, proxy={}, nativeEvents=true, locationContextEnabled=true, cssSelectorsEnabled=true, webauthn:virtualAuthenticators=true}]
Session ID: 92bd800b0db149d26eea4acf383fe7d5
	at sun.reflect.GeneratedConstructorAccessor18.newInstance(Unknown Source)
	at sun.reflect.DelegatingConstructorAccessorImpl.newInstance(DelegatingConstructorAccessorImpl.java:45)
	at java.lang.reflect.Constructor.newInstance(Constructor.java:423)
	at org.openqa.selenium.remote.ErrorHandler.createThrowable(ErrorHandler.java:204)
	at org.openqa.selenium.remote.ErrorHandler.throwIfResponseFailed(ErrorHandler.java:162)
	at org.openqa.selenium.remote.RemoteWebDriver.execute(RemoteWebDriver.java:599)
	at org.openqa.selenium.remote.RemoteWebDriver$RemoteWebDriverOptions$RemoteWindow.maximize(RemoteWebDriver.java:829)
	at stepDef.UtilityDriver.inibrowser(UtilityDriver.java:55)
	at stepDef.Hooks.openBrowser(Hooks.java:27)
	at sun.reflect.GeneratedMethodAccessor18.invoke(Unknown Source)
	at sun.reflect.DelegatingMethodAccessorImpl.invoke(DelegatingMethodAccessorImpl.java:43)
	at java.lang.reflect.Method.invoke(Method.java:498)
	at cucumber.runtime.Utils$1.call(Utils.java:34)
	at cucumber.runtime.Timeout.timeout(Timeout.java:13)
	at cucumber.runtime.Utils.invoke(Utils.java:30)
	at cucumber.runtime.java.JavaHookDefinition.execute(JavaHookDefinition.java:59)
	at cucumber.runtime.Runtime.runHookIfTagsMatch(Runtime.java:222)
	at cucumber.runtime.Runtime.runHooks(Runtime.java:210)
	at cucumber.runtime.Runtime.runBeforeHooks(Runtime.java:200)
	at cucumber.runtime.model.CucumberScenario.run(CucumberScenario.java:44)
	at cucumber.runtime.junit.ExecutionUnitRunner.run(ExecutionUnitRunner.java:91)
	at cucumber.runtime.junit.FeatureRunner.runChild(FeatureRunner.java:63)
	at cucumber.runtime.junit.FeatureRunner.runChild(FeatureRunner.java:18)
	at org.junit.runners.ParentRunner$3.run(ParentRunner.java:238)
	at org.junit.runners.ParentRunner$1.schedule(ParentRunner.java:63)
	at org.junit.runners.ParentRunner.runChildren(ParentRunner.java:236)
	at org.junit.runners.ParentRunner.access$000(ParentRunner.java:53)
	at org.junit.runners.ParentRunner$2.evaluate(ParentRunner.java:229)
	at org.junit.runners.ParentRunner.run(ParentRunner.java:309)
	at cucumber.runtime.junit.FeatureRunner.run(FeatureRunner.java:70)
	at cucumber.api.junit.Cucumber.runChild(Cucumber.java:93)
	at cucumber.api.junit.Cucumber.runChild(Cucumber.java:37)
	at org.junit.runners.ParentRunner$3.run(ParentRunner.java:238)
	at org.junit.runners.ParentRunner$1.schedule(ParentRunner.java:63)
	at org.junit.runners.ParentRunner.runChildren(ParentRunner.java:236)
	at org.junit.runners.ParentRunner.access$000(ParentRunner.java:53)
	at org.junit.runners.ParentRunner$2.evaluate(ParentRunner.java:229)
	at org.junit.runners.ParentRunner.run(ParentRunner.java:309)
	at cucumber.api.junit.Cucumber.run(Cucumber.java:98)
	at org.junit.runners.Suite.runChild(Suite.java:127)
	at org.junit.runners.Suite.runChild(Suite.java:26)
	at org.junit.runners.ParentRunner$3.run(ParentRunner.java:238)
	at org.junit.runners.ParentRunner$1.schedule(ParentRunner.java:63)
	at org.junit.runners.ParentRunner.runChildren(ParentRunner.java:236)
	at org.junit.runners.ParentRunner.access$000(ParentRunner.java:53)
	at org.junit.runners.ParentRunner$2.evaluate(ParentRunner.java:229)
	at org.junit.runners.ParentRunner.run(ParentRunner.java:309)
	at org.junit.runner.JUnitCore.run(JUnitCore.java:160)
	at org.junit.runner.JUnitCore.run(JUnitCore.java:138)
	at org.apache.maven.surefire.junitcore.JUnitCoreWrapper.createRequestAndRun(JUnitCoreWrapper.java:107)
	at org.apache.maven.surefire.junitcore.JUnitCoreWrapper.executeEager(JUnitCoreWrapper.java:77)
	at org.apache.maven.surefire.junitcore.JUnitCoreWrapper.execute(JUnitCoreWrapper.java:53)
	at org.apache.maven.surefire.junitcore.JUnitCoreProvider.invoke(JUnitCoreProvider.java:144)
	at org.apache.maven.surefire.booter.ForkedBooter.invokeProviderInSameClassLoader(ForkedBooter.java:203)
	at org.apache.maven.surefire.booter.ForkedBooter.runSuitesInProcess(ForkedBooter.java:155)
	at org.apache.maven.surefire.booter.ForkedBooter.main(ForkedBooter.java:103)
</error>
    <system-out><![CDATA[driver already initialized
]]></system-out>
    <system-err><![CDATA[unexpected alert open: {Alert text : There was a problem updating 1 or more record(s) due to  time overlaps.}
  (Session info: chrome=84.0.4147.89)
  (Driver info: chromedriver=84.0.4147.30 (48b3e868b4cc0aa7e8149519690b6f6949e110a8-refs/branch-heads/4147@{#310}),platform=Windows NT 10.0.18362 x86_64) (WARNING: The server did not provide any stacktrace information)
Command duration or timeout: 2 milliseconds: null
Build info: version: '2.44.0', revision: '76d78cf323ce037c5f92db6c1bba601c2ac43ad8', time: '2014-10-23 13:11:40'
System info: host: 'PIS076', ip: '192.168.20.24', os.name: 'Windows 10', os.arch: 'amd64', os.version: '10.0', java.version: '1.8.0_251'
Driver info: org.openqa.selenium.chrome.ChromeDriver
Capabilities [{mobileEmulationEnabled=false, timeouts={implicit=0, pageLoad=300000, script=30000}, hasTouchScreen=false, platform=XP, acceptSslCerts=false, goog:chromeOptions={debuggerAddress=localhost:53632}, acceptInsecureCerts=false, webStorageEnabled=true, browserName=chrome, takesScreenshot=true, javascriptEnabled=true, setWindowRect=true, unexpectedAlertBehaviour=ignore, applicationCacheEnabled=false, rotatable=false, networkConnectionEnabled=false, chrome={chromedriverVersion=84.0.4147.30 (48b3e868b4cc0aa7e8149519690b6f6949e110a8-refs/branch-heads/4147@{#310}), userDataDir=C:\Users\schandan\AppData\Local\Temp\scoped_dir10852_1795962031}, takesHeapSnapshot=true, pageLoadStrategy=normal, strictFileInteractability=false, databaseEnabled=false, handlesAlerts=true, version=84.0.4147.89, browserConnectionEnabled=false, proxy={}, nativeEvents=true, locationContextEnabled=true, cssSelectorsEnabled=true, webauthn:virtualAuthenticators=true}]
Session ID: 92bd800b0db149d26eea4acf383fe7d5
]]></system-err>
  </testcase>
  <testcase name="Given Launch Browser and Open webClock" classname="Scenario: Webclcok Employee Punchout" time="0">
    <skipped/>
  </testcase>
  <testcase name="When enter valid Employee credentials at webclock" classname="Scenario: Webclcok Employee Punchout" time="0">
    <skipped/>
  </testcase>
  <testcase name="Then check Punchout" classname="Scenario: Webclcok Employee Punchout" time="0">
    <skipped/>
  </testcase>
</testsuite>